2023-02-02 22:52:22,039 ERROR [http-nio-8080-exec-3] i.g.j.c.c.c.a.ExceptionAdvice [ExceptionAdvice.java:24] 500: Failed to convert value of type 'java.lang.String' to required type 'int'; For input string: "my-post.html"
2023-02-02 22:52:22,042 ERROR [http-nio-8080-exec-3] i.g.j.c.c.c.a.ExceptionAdvice [ExceptionAdvice.java:26] org.springframework.web.method.annotation.AbstractNamedValueMethodArgumentResolver.resolveArgument(AbstractNamedValueMethodArgumentResolver.java:133)
2023-02-02 22:52:22,042 ERROR [http-nio-8080-exec-3] i.g.j.c.c.c.a.ExceptionAdvice [ExceptionAdvice.java:26] org.springframework.web.method.support.HandlerMethodArgumentResolverComposite.resolveArgument(HandlerMethodArgumentResolverComposite.java:122)
2023-02-02 22:52:22,042 ERROR [http-nio-8080-exec-3] i.g.j.c.c.c.a.ExceptionAdvice [ExceptionAdvice.java:26] org.springframework.web.method.support.InvocableHandlerMethod.getMethodArgumentValues(InvocableHandlerMethod.java:181)
2023-02-02 22:52:22,042 ERROR [http-nio-8080-exec-3] i.g.j.c.c.c.a.ExceptionAdvice [ExceptionAdvice.java:26] org.springframework.web.method.support.InvocableHandlerMethod.invokeForRequest(InvocableHandlerMethod.java:148)
2023-02-02 22:52:22,043 ERROR [http-nio-8080-exec-3] i.g.j.c.c.c.a.ExceptionAdvice [ExceptionAdvice.java:26] org.springframework.web.servlet.mvc.method.annotation.ServletInvocableHandlerMethod.invokeAndHandle(ServletInvocableHandlerMethod.java:117)
2023-02-02 22:52:22,043 ERROR [http-nio-8080-exec-3] i.g.j.c.c.c.a.ExceptionAdvice [ExceptionAdvice.java:26] org.springframework.web.servlet.mvc.method.annotation.RequestMappingHandlerAdapter.invokeHandlerMethod(RequestMappingHandlerAdapter.java:884)
2023-02-02 22:52:22,043 ERROR [http-nio-8080-exec-3] i.g.j.c.c.c.a.ExceptionAdvice [ExceptionAdvice.java:26] org.springframework.web.servlet.mvc.method.annotation.RequestMappingHandlerAdapter.handleInternal(RequestMappingHandlerAdapter.java:797)
2023-02-02 22:52:22,043 ERROR [http-nio-8080-exec-3] i.g.j.c.c.c.a.ExceptionAdvice [ExceptionAdvice.java:26] org.springframework.web.servlet.mvc.method.AbstractHandlerMethodAdapter.handle(AbstractHandlerMethodAdapter.java:87)
2023-02-02 22:52:22,043 ERROR [http-nio-8080-exec-3] i.g.j.c.c.c.a.ExceptionAdvice [ExceptionAdvice.java:26] org.springframework.web.servlet.DispatcherServlet.doDispatch(DispatcherServlet.java:1080)
2023-02-02 22:52:22,043 ERROR [http-nio-8080-exec-3] i.g.j.c.c.c.a.ExceptionAdvice [ExceptionAdvice.java:26] org.springframework.web.servlet.DispatcherServlet.doService(DispatcherServlet.java:973)
2023-02-02 22:52:22,044 ERROR [http-nio-8080-exec-3] i.g.j.c.c.c.a.ExceptionAdvice [ExceptionAdvice.java:26] org.springframework.web.servlet.FrameworkServlet.processRequest(FrameworkServlet.java:1003)
2023-02-02 22:52:22,044 ERROR [http-nio-8080-exec-3] i.g.j.c.c.c.a.ExceptionAdvice [ExceptionAdvice.java:26] org.springframework.web.servlet.FrameworkServlet.doGet(FrameworkServlet.java:895)
2023-02-02 22:52:22,044 ERROR [http-nio-8080-exec-3] i.g.j.c.c.c.a.ExceptionAdvice [ExceptionAdvice.java:26] jakarta.servlet.http.HttpServlet.service(HttpServlet.java:705)
2023-02-02 22:52:22,044 ERROR [http-nio-8080-exec-3] i.g.j.c.c.c.a.ExceptionAdvice [ExceptionAdvice.java:26] org.springframework.web.servlet.FrameworkServlet.service(FrameworkServlet.java:880)
2023-02-02 22:52:22,044 ERROR [http-nio-8080-exec-3] i.g.j.c.c.c.a.ExceptionAdvice [ExceptionAdvice.java:26] jakarta.servlet.http.HttpServlet.service(HttpServlet.java:814)
2023-02-02 22:52:22,044 ERROR [http-nio-8080-exec-3] i.g.j.c.c.c.a.ExceptionAdvice [ExceptionAdvice.java:26] org.apache.catalina.core.ApplicationFilterChain.internalDoFilter(ApplicationFilterChain.java:223)
2023-02-02 22:52:22,044 ERROR [http-nio-8080-exec-3] i.g.j.c.c.c.a.ExceptionAdvice [ExceptionAdvice.java:26] org.apache.catalina.core.ApplicationFilterChain.doFilter(ApplicationFilterChain.java:158)
2023-02-02 22:52:22,044 ERROR [http-nio-8080-exec-3] i.g.j.c.c.c.a.ExceptionAdvice [ExceptionAdvice.java:26] org.apache.tomcat.websocket.server.WsFilter.doFilter(WsFilter.java:53)
2023-02-02 22:52:22,045 ERROR [http-nio-8080-exec-3] i.g.j.c.c.c.a.ExceptionAdvice [ExceptionAdvice.java:26] org.apache.catalina.core.ApplicationFilterChain.internalDoFilter(ApplicationFilterChain.java:185)
2023-02-02 22:52:22,045 ERROR [http-nio-8080-exec-3] i.g.j.c.c.c.a.ExceptionAdvice [ExceptionAdvice.java:26] org.apache.catalina.core.ApplicationFilterChain.doFilter(ApplicationFilterChain.java:158)
2023-02-02 22:52:22,045 ERROR [http-nio-8080-exec-3] i.g.j.c.c.c.a.ExceptionAdvice [ExceptionAdvice.java:26] org.springframework.web.filter.RequestContextFilter.doFilterInternal(RequestContextFilter.java:100)
2023-02-02 22:52:22,045 ERROR [http-nio-8080-exec-3] i.g.j.c.c.c.a.ExceptionAdvice [ExceptionAdvice.java:26] org.springframework.web.filter.OncePerRequestFilter.doFilter(OncePerRequestFilter.java:116)
2023-02-02 22:52:22,045 ERROR [http-nio-8080-exec-3] i.g.j.c.c.c.a.ExceptionAdvice [ExceptionAdvice.java:26] org.apache.catalina.core.ApplicationFilterChain.internalDoFilter(ApplicationFilterChain.java:185)
2023-02-02 22:52:22,045 ERROR [http-nio-8080-exec-3] i.g.j.c.c.c.a.ExceptionAdvice [ExceptionAdvice.java:26] org.apache.catalina.core.ApplicationFilterChain.doFilter(ApplicationFilterChain.java:158)
2023-02-02 22:52:22,045 ERROR [http-nio-8080-exec-3] i.g.j.c.c.c.a.ExceptionAdvice [ExceptionAdvice.java:26] org.springframework.web.filter.FormContentFilter.doFilterInternal(FormContentFilter.java:93)
2023-02-02 22:52:22,045 ERROR [http-nio-8080-exec-3] i.g.j.c.c.c.a.ExceptionAdvice [ExceptionAdvice.java:26] org.springframework.web.filter.OncePerRequestFilter.doFilter(OncePerRequestFilter.java:116)
2023-02-02 22:52:22,046 ERROR [http-nio-8080-exec-3] i.g.j.c.c.c.a.ExceptionAdvice [ExceptionAdvice.java:26] org.apache.catalina.core.ApplicationFilterChain.internalDoFilter(ApplicationFilterChain.java:185)
2023-02-02 22:52:22,046 ERROR [http-nio-8080-exec-3] i.g.j.c.c.c.a.ExceptionAdvice [ExceptionAdvice.java:26] org.apache.catalina.core.ApplicationFilterChain.doFilter(ApplicationFilterChain.java:158)
2023-02-02 22:52:22,046 ERROR [http-nio-8080-exec-3] i.g.j.c.c.c.a.ExceptionAdvice [ExceptionAdvice.java:26] org.springframework.web.filter.CharacterEncodingFilter.doFilterInternal(CharacterEncodingFilter.java:201)
2023-02-02 22:52:22,046 ERROR [http-nio-8080-exec-3] i.g.j.c.c.c.a.ExceptionAdvice [ExceptionAdvice.java:26] org.springframework.web.filter.OncePerRequestFilter.doFilter(OncePerRequestFilter.java:116)
2023-02-02 22:52:22,046 ERROR [http-nio-8080-exec-3] i.g.j.c.c.c.a.ExceptionAdvice [ExceptionAdvice.java:26] org.apache.catalina.core.ApplicationFilterChain.internalDoFilter(ApplicationFilterChain.java:185)
2023-02-02 22:52:22,046 ERROR [http-nio-8080-exec-3] i.g.j.c.c.c.a.ExceptionAdvice [ExceptionAdvice.java:26] org.apache.catalina.core.ApplicationFilterChain.doFilter(ApplicationFilterChain.java:158)
2023-02-02 22:52:22,046 ERROR [http-nio-8080-exec-3] i.g.j.c.c.c.a.ExceptionAdvice [ExceptionAdvice.java:26] org.apache.catalina.core.StandardWrapperValve.invoke(StandardWrapperValve.java:197)
2023-02-02 22:52:22,046 ERROR [http-nio-8080-exec-3] i.g.j.c.c.c.a.ExceptionAdvice [ExceptionAdvice.java:26] org.apache.catalina.core.StandardContextValve.invoke(StandardContextValve.java:97)
2023-02-02 22:52:22,046 ERROR [http-nio-8080-exec-3] i.g.j.c.c.c.a.ExceptionAdvice [ExceptionAdvice.java:26] org.apache.catalina.authenticator.AuthenticatorBase.invoke(AuthenticatorBase.java:542)
2023-02-02 22:52:22,046 ERROR [http-nio-8080-exec-3] i.g.j.c.c.c.a.ExceptionAdvice [ExceptionAdvice.java:26] org.apache.catalina.core.StandardHostValve.invoke(StandardHostValve.java:119)
2023-02-02 22:52:22,047 ERROR [http-nio-8080-exec-3] i.g.j.c.c.c.a.ExceptionAdvice [ExceptionAdvice.java:26] org.apache.catalina.valves.ErrorReportValve.invoke(ErrorReportValve.java:92)
2023-02-02 22:52:22,047 ERROR [http-nio-8080-exec-3] i.g.j.c.c.c.a.ExceptionAdvice [ExceptionAdvice.java:26] org.apache.catalina.core.StandardEngineValve.invoke(StandardEngineValve.java:78)
2023-02-02 22:52:22,047 ERROR [http-nio-8080-exec-3] i.g.j.c.c.c.a.ExceptionAdvice [ExceptionAdvice.java:26] org.apache.catalina.connector.CoyoteAdapter.service(CoyoteAdapter.java:357)
2023-02-02 22:52:22,047 ERROR [http-nio-8080-exec-3] i.g.j.c.c.c.a.ExceptionAdvice [ExceptionAdvice.java:26] org.apache.coyote.http11.Http11Processor.service(Http11Processor.java:400)
2023-02-02 22:52:22,047 ERROR [http-nio-8080-exec-3] i.g.j.c.c.c.a.ExceptionAdvice [ExceptionAdvice.java:26] org.apache.coyote.AbstractProcessorLight.process(AbstractProcessorLight.java:65)
2023-02-02 22:52:22,047 ERROR [http-nio-8080-exec-3] i.g.j.c.c.c.a.ExceptionAdvice [ExceptionAdvice.java:26] org.apache.coyote.AbstractProtocol$ConnectionHandler.process(AbstractProtocol.java:861)
2023-02-02 22:52:22,047 ERROR [http-nio-8080-exec-3] i.g.j.c.c.c.a.ExceptionAdvice [ExceptionAdvice.java:26] org.apache.tomcat.util.net.NioEndpoint$SocketProcessor.doRun(NioEndpoint.java:1739)
2023-02-02 22:52:22,047 ERROR [http-nio-8080-exec-3] i.g.j.c.c.c.a.ExceptionAdvice [ExceptionAdvice.java:26] org.apache.tomcat.util.net.SocketProcessorBase.run(SocketProcessorBase.java:52)
2023-02-02 22:52:22,047 ERROR [http-nio-8080-exec-3] i.g.j.c.c.c.a.ExceptionAdvice [ExceptionAdvice.java:26] org.apache.tomcat.util.threads.ThreadPoolExecutor.runWorker(ThreadPoolExecutor.java:1191)
2023-02-02 22:52:22,048 ERROR [http-nio-8080-exec-3] i.g.j.c.c.c.a.ExceptionAdvice [ExceptionAdvice.java:26] org.apache.tomcat.util.threads.ThreadPoolExecutor$Worker.run(ThreadPoolExecutor.java:659)
2023-02-02 22:52:22,048 ERROR [http-nio-8080-exec-3] i.g.j.c.c.c.a.ExceptionAdvice [ExceptionAdvice.java:26] org.apache.tomcat.util.threads.TaskThread$WrappingRunnable.run(TaskThread.java:61)
2023-02-02 22:52:22,048 ERROR [http-nio-8080-exec-3] i.g.j.c.c.c.a.ExceptionAdvice [ExceptionAdvice.java:26] java.base/java.lang.Thread.run(Thread.java:833)
2023-02-02 22:52:44,298 ERROR [http-nio-8080-exec-2] i.g.j.c.c.c.a.ExceptionAdvice [ExceptionAdvice.java:24] 500: Failed to convert value of type 'java.lang.String' to required type 'int'; For input string: "my-post.html"
2023-02-02 22:52:44,298 ERROR [http-nio-8080-exec-2] i.g.j.c.c.c.a.ExceptionAdvice [ExceptionAdvice.java:26] org.springframework.web.method.annotation.AbstractNamedValueMethodArgumentResolver.resolveArgument(AbstractNamedValueMethodArgumentResolver.java:133)
2023-02-02 22:52:44,298 ERROR [http-nio-8080-exec-2] i.g.j.c.c.c.a.ExceptionAdvice [ExceptionAdvice.java:26] org.springframework.web.method.support.HandlerMethodArgumentResolverComposite.resolveArgument(HandlerMethodArgumentResolverComposite.java:122)
2023-02-02 22:52:44,298 ERROR [http-nio-8080-exec-2] i.g.j.c.c.c.a.ExceptionAdvice [ExceptionAdvice.java:26] org.springframework.web.method.support.InvocableHandlerMethod.getMethodArgumentValues(InvocableHandlerMethod.java:181)
2023-02-02 22:52:44,298 ERROR [http-nio-8080-exec-2] i.g.j.c.c.c.a.ExceptionAdvice [ExceptionAdvice.java:26] org.springframework.web.method.support.InvocableHandlerMethod.invokeForRequest(InvocableHandlerMethod.java:148)
2023-02-02 22:52:44,299 ERROR [http-nio-8080-exec-2] i.g.j.c.c.c.a.ExceptionAdvice [ExceptionAdvice.java:26] org.springframework.web.servlet.mvc.method.annotation.ServletInvocableHandlerMethod.invokeAndHandle(ServletInvocableHandlerMethod.java:117)
2023-02-02 22:52:44,299 ERROR [http-nio-8080-exec-2] i.g.j.c.c.c.a.ExceptionAdvice [ExceptionAdvice.java:26] org.springframework.web.servlet.mvc.method.annotation.RequestMappingHandlerAdapter.invokeHandlerMethod(RequestMappingHandlerAdapter.java:884)
2023-02-02 22:52:44,299 ERROR [http-nio-8080-exec-2] i.g.j.c.c.c.a.ExceptionAdvice [ExceptionAdvice.java:26] org.springframework.web.servlet.mvc.method.annotation.RequestMappingHandlerAdapter.handleInternal(RequestMappingHandlerAdapter.java:797)
2023-02-02 22:52:44,299 ERROR [http-nio-8080-exec-2] i.g.j.c.c.c.a.ExceptionAdvice [ExceptionAdvice.java:26] org.springframework.web.servlet.mvc.method.AbstractHandlerMethodAdapter.handle(AbstractHandlerMethodAdapter.java:87)
2023-02-02 22:52:44,299 ERROR [http-nio-8080-exec-2] i.g.j.c.c.c.a.ExceptionAdvice [ExceptionAdvice.java:26] org.springframework.web.servlet.DispatcherServlet.doDispatch(DispatcherServlet.java:1080)
2023-02-02 22:52:44,299 ERROR [http-nio-8080-exec-2] i.g.j.c.c.c.a.ExceptionAdvice [ExceptionAdvice.java:26] org.springframework.web.servlet.DispatcherServlet.doService(DispatcherServlet.java:973)
2023-02-02 22:52:44,299 ERROR [http-nio-8080-exec-2] i.g.j.c.c.c.a.ExceptionAdvice [ExceptionAdvice.java:26] org.springframework.web.servlet.FrameworkServlet.processRequest(FrameworkServlet.java:1003)
2023-02-02 22:52:44,299 ERROR [http-nio-8080-exec-2] i.g.j.c.c.c.a.ExceptionAdvice [ExceptionAdvice.java:26] org.springframework.web.servlet.FrameworkServlet.doGet(FrameworkServlet.java:895)
2023-02-02 22:52:44,299 ERROR [http-nio-8080-exec-2] i.g.j.c.c.c.a.ExceptionAdvice [ExceptionAdvice.java:26] jakarta.servlet.http.HttpServlet.service(HttpServlet.java:705)
2023-02-02 22:52:44,299 ERROR [http-nio-8080-exec-2] i.g.j.c.c.c.a.ExceptionAdvice [ExceptionAdvice.java:26] org.springframework.web.servlet.FrameworkServlet.service(FrameworkServlet.java:880)
2023-02-02 22:52:44,300 ERROR [http-nio-8080-exec-2] i.g.j.c.c.c.a.ExceptionAdvice [ExceptionAdvice.java:26] jakarta.servlet.http.HttpServlet.service(HttpServlet.java:814)
2023-02-02 22:52:44,300 ERROR [http-nio-8080-exec-2] i.g.j.c.c.c.a.ExceptionAdvice [ExceptionAdvice.java:26] org.apache.catalina.core.ApplicationFilterChain.internalDoFilter(ApplicationFilterChain.java:223)
2023-02-02 22:52:44,300 ERROR [http-nio-8080-exec-2] i.g.j.c.c.c.a.ExceptionAdvice [ExceptionAdvice.java:26] org.apache.catalina.core.ApplicationFilterChain.doFilter(ApplicationFilterChain.java:158)
2023-02-02 22:52:44,300 ERROR [http-nio-8080-exec-2] i.g.j.c.c.c.a.ExceptionAdvice [ExceptionAdvice.java:26] org.apache.tomcat.websocket.server.WsFilter.doFilter(WsFilter.java:53)
2023-02-02 22:52:44,300 ERROR [http-nio-8080-exec-2] i.g.j.c.c.c.a.ExceptionAdvice [ExceptionAdvice.java:26] org.apache.catalina.core.ApplicationFilterChain.internalDoFilter(ApplicationFilterChain.java:185)
2023-02-02 22:52:44,300 ERROR [http-nio-8080-exec-2] i.g.j.c.c.c.a.ExceptionAdvice [ExceptionAdvice.java:26] org.apache.catalina.core.ApplicationFilterChain.doFilter(ApplicationFilterChain.java:158)
2023-02-02 22:52:44,300 ERROR [http-nio-8080-exec-2] i.g.j.c.c.c.a.ExceptionAdvice [ExceptionAdvice.java:26] org.springframework.web.filter.RequestContextFilter.doFilterInternal(RequestContextFilter.java:100)
2023-02-02 22:52:44,300 ERROR [http-nio-8080-exec-2] i.g.j.c.c.c.a.ExceptionAdvice [ExceptionAdvice.java:26] org.springframework.web.filter.OncePerRequestFilter.doFilter(OncePerRequestFilter.java:116)
2023-02-02 22:52:44,300 ERROR [http-nio-8080-exec-2] i.g.j.c.c.c.a.ExceptionAdvice [ExceptionAdvice.java:26] org.apache.catalina.core.ApplicationFilterChain.internalDoFilter(ApplicationFilterChain.java:185)
2023-02-02 22:52:44,300 ERROR [http-nio-8080-exec-2] i.g.j.c.c.c.a.ExceptionAdvice [ExceptionAdvice.java:26] org.apache.catalina.core.ApplicationFilterChain.doFilter(ApplicationFilterChain.java:158)
2023-02-02 22:52:44,301 ERROR [http-nio-8080-exec-2] i.g.j.c.c.c.a.ExceptionAdvice [ExceptionAdvice.java:26] org.springframework.web.filter.FormContentFilter.doFilterInternal(FormContentFilter.java:93)
2023-02-02 22:52:44,301 ERROR [http-nio-8080-exec-2] i.g.j.c.c.c.a.ExceptionAdvice [ExceptionAdvice.java:26] org.springframework.web.filter.OncePerRequestFilter.doFilter(OncePerRequestFilter.java:116)
2023-02-02 22:52:44,301 ERROR [http-nio-8080-exec-2] i.g.j.c.c.c.a.ExceptionAdvice [ExceptionAdvice.java:26] org.apache.catalina.core.ApplicationFilterChain.internalDoFilter(ApplicationFilterChain.java:185)
2023-02-02 22:52:44,301 ERROR [http-nio-8080-exec-2] i.g.j.c.c.c.a.ExceptionAdvice [ExceptionAdvice.java:26] org.apache.catalina.core.ApplicationFilterChain.doFilter(ApplicationFilterChain.java:158)
2023-02-02 22:52:44,301 ERROR [http-nio-8080-exec-2] i.g.j.c.c.c.a.ExceptionAdvice [ExceptionAdvice.java:26] org.springframework.web.filter.CharacterEncodingFilter.doFilterInternal(CharacterEncodingFilter.java:201)
2023-02-02 22:52:44,301 ERROR [http-nio-8080-exec-2] i.g.j.c.c.c.a.ExceptionAdvice [ExceptionAdvice.java:26] org.springframework.web.filter.OncePerRequestFilter.doFilter(OncePerRequestFilter.java:116)
2023-02-02 22:52:44,301 ERROR [http-nio-8080-exec-2] i.g.j.c.c.c.a.ExceptionAdvice [ExceptionAdvice.java:26] org.apache.catalina.core.ApplicationFilterChain.internalDoFilter(ApplicationFilterChain.java:185)
2023-02-02 22:52:44,301 ERROR [http-nio-8080-exec-2] i.g.j.c.c.c.a.ExceptionAdvice [ExceptionAdvice.java:26] org.apache.catalina.core.ApplicationFilterChain.doFilter(ApplicationFilterChain.java:158)
2023-02-02 22:52:44,301 ERROR [http-nio-8080-exec-2] i.g.j.c.c.c.a.ExceptionAdvice [ExceptionAdvice.java:26] org.apache.catalina.core.StandardWrapperValve.invoke(StandardWrapperValve.java:197)
2023-02-02 22:52:44,302 ERROR [http-nio-8080-exec-2] i.g.j.c.c.c.a.ExceptionAdvice [ExceptionAdvice.java:26] org.apache.catalina.core.StandardContextValve.invoke(StandardContextValve.java:97)
2023-02-02 22:52:44,302 ERROR [http-nio-8080-exec-2] i.g.j.c.c.c.a.ExceptionAdvice [ExceptionAdvice.java:26] org.apache.catalina.authenticator.AuthenticatorBase.invoke(AuthenticatorBase.java:542)
2023-02-02 22:52:44,302 ERROR [http-nio-8080-exec-2] i.g.j.c.c.c.a.ExceptionAdvice [ExceptionAdvice.java:26] org.apache.catalina.core.StandardHostValve.invoke(StandardHostValve.java:119)
2023-02-02 22:52:44,302 ERROR [http-nio-8080-exec-2] i.g.j.c.c.c.a.ExceptionAdvice [ExceptionAdvice.java:26] org.apache.catalina.valves.ErrorReportValve.invoke(ErrorReportValve.java:92)
2023-02-02 22:52:44,302 ERROR [http-nio-8080-exec-2] i.g.j.c.c.c.a.ExceptionAdvice [ExceptionAdvice.java:26] org.apache.catalina.core.StandardEngineValve.invoke(StandardEngineValve.java:78)
2023-02-02 22:52:44,302 ERROR [http-nio-8080-exec-2] i.g.j.c.c.c.a.ExceptionAdvice [ExceptionAdvice.java:26] org.apache.catalina.connector.CoyoteAdapter.service(CoyoteAdapter.java:357)
2023-02-02 22:52:44,302 ERROR [http-nio-8080-exec-2] i.g.j.c.c.c.a.ExceptionAdvice [ExceptionAdvice.java:26] org.apache.coyote.http11.Http11Processor.service(Http11Processor.java:400)
2023-02-02 22:52:44,302 ERROR [http-nio-8080-exec-2] i.g.j.c.c.c.a.ExceptionAdvice [ExceptionAdvice.java:26] org.apache.coyote.AbstractProcessorLight.process(AbstractProcessorLight.java:65)
2023-02-02 22:52:44,302 ERROR [http-nio-8080-exec-2] i.g.j.c.c.c.a.ExceptionAdvice [ExceptionAdvice.java:26] org.apache.coyote.AbstractProtocol$ConnectionHandler.process(AbstractProtocol.java:861)
2023-02-02 22:52:44,302 ERROR [http-nio-8080-exec-2] i.g.j.c.c.c.a.ExceptionAdvice [ExceptionAdvice.java:26] org.apache.tomcat.util.net.NioEndpoint$SocketProcessor.doRun(NioEndpoint.java:1739)
2023-02-02 22:52:44,302 ERROR [http-nio-8080-exec-2] i.g.j.c.c.c.a.ExceptionAdvice [ExceptionAdvice.java:26] org.apache.tomcat.util.net.SocketProcessorBase.run(SocketProcessorBase.java:52)
2023-02-02 22:52:44,303 ERROR [http-nio-8080-exec-2] i.g.j.c.c.c.a.ExceptionAdvice [ExceptionAdvice.java:26] org.apache.tomcat.util.threads.ThreadPoolExecutor.runWorker(ThreadPoolExecutor.java:1191)
2023-02-02 22:52:44,303 ERROR [http-nio-8080-exec-2] i.g.j.c.c.c.a.ExceptionAdvice [ExceptionAdvice.java:26] org.apache.tomcat.util.threads.ThreadPoolExecutor$Worker.run(ThreadPoolExecutor.java:659)
2023-02-02 22:52:44,303 ERROR [http-nio-8080-exec-2] i.g.j.c.c.c.a.ExceptionAdvice [ExceptionAdvice.java:26] org.apache.tomcat.util.threads.TaskThread$WrappingRunnable.run(TaskThread.java:61)
2023-02-02 22:52:44,303 ERROR [http-nio-8080-exec-2] i.g.j.c.c.c.a.ExceptionAdvice [ExceptionAdvice.java:26] java.base/java.lang.Thread.run(Thread.java:833)
2023-02-02 23:08:34,126 ERROR [http-nio-8080-exec-3] i.g.j.c.c.c.a.ExceptionAdvice [ExceptionAdvice.java:24] 500: Optional int parameter 'entityId' is present but cannot be translated into a null value due to being declared as a primitive type. Consider declaring it as object wrapper for the corresponding primitive type.
2023-02-02 23:08:34,126 ERROR [http-nio-8080-exec-3] i.g.j.c.c.c.a.ExceptionAdvice [ExceptionAdvice.java:26] org.springframework.web.method.annotation.AbstractNamedValueMethodArgumentResolver.handleNullValue(AbstractNamedValueMethodArgumentResolver.java:263)
2023-02-02 23:08:34,126 ERROR [http-nio-8080-exec-3] i.g.j.c.c.c.a.ExceptionAdvice [ExceptionAdvice.java:26] org.springframework.web.method.annotation.AbstractNamedValueMethodArgumentResolver.resolveArgument(AbstractNamedValueMethodArgumentResolver.java:116)
2023-02-02 23:08:34,126 ERROR [http-nio-8080-exec-3] i.g.j.c.c.c.a.ExceptionAdvice [ExceptionAdvice.java:26] org.springframework.web.method.support.HandlerMethodArgumentResolverComposite.resolveArgument(HandlerMethodArgumentResolverComposite.java:122)
2023-02-02 23:08:34,126 ERROR [http-nio-8080-exec-3] i.g.j.c.c.c.a.ExceptionAdvice [ExceptionAdvice.java:26] org.springframework.web.method.support.InvocableHandlerMethod.getMethodArgumentValues(InvocableHandlerMethod.java:181)
2023-02-02 23:08:34,126 ERROR [http-nio-8080-exec-3] i.g.j.c.c.c.a.ExceptionAdvice [ExceptionAdvice.java:26] org.springframework.web.method.support.InvocableHandlerMethod.invokeForRequest(InvocableHandlerMethod.java:148)
2023-02-02 23:08:34,127 ERROR [http-nio-8080-exec-3] i.g.j.c.c.c.a.ExceptionAdvice [ExceptionAdvice.java:26] org.springframework.web.servlet.mvc.method.annotation.ServletInvocableHandlerMethod.invokeAndHandle(ServletInvocableHandlerMethod.java:117)
2023-02-02 23:08:34,127 ERROR [http-nio-8080-exec-3] i.g.j.c.c.c.a.ExceptionAdvice [ExceptionAdvice.java:26] org.springframework.web.servlet.mvc.method.annotation.RequestMappingHandlerAdapter.invokeHandlerMethod(RequestMappingHandlerAdapter.java:884)
2023-02-02 23:08:34,127 ERROR [http-nio-8080-exec-3] i.g.j.c.c.c.a.ExceptionAdvice [ExceptionAdvice.java:26] org.springframework.web.servlet.mvc.method.annotation.RequestMappingHandlerAdapter.handleInternal(RequestMappingHandlerAdapter.java:797)
2023-02-02 23:08:34,127 ERROR [http-nio-8080-exec-3] i.g.j.c.c.c.a.ExceptionAdvice [ExceptionAdvice.java:26] org.springframework.web.servlet.mvc.method.AbstractHandlerMethodAdapter.handle(AbstractHandlerMethodAdapter.java:87)
2023-02-02 23:08:34,127 ERROR [http-nio-8080-exec-3] i.g.j.c.c.c.a.ExceptionAdvice [ExceptionAdvice.java:26] org.springframework.web.servlet.DispatcherServlet.doDispatch(DispatcherServlet.java:1080)
2023-02-02 23:08:34,127 ERROR [http-nio-8080-exec-3] i.g.j.c.c.c.a.ExceptionAdvice [ExceptionAdvice.java:26] org.springframework.web.servlet.DispatcherServlet.doService(DispatcherServlet.java:973)
2023-02-02 23:08:34,127 ERROR [http-nio-8080-exec-3] i.g.j.c.c.c.a.ExceptionAdvice [ExceptionAdvice.java:26] org.springframework.web.servlet.FrameworkServlet.processRequest(FrameworkServlet.java:1003)
2023-02-02 23:08:34,127 ERROR [http-nio-8080-exec-3] i.g.j.c.c.c.a.ExceptionAdvice [ExceptionAdvice.java:26] org.springframework.web.servlet.FrameworkServlet.doPost(FrameworkServlet.java:906)
2023-02-02 23:08:34,127 ERROR [http-nio-8080-exec-3] i.g.j.c.c.c.a.ExceptionAdvice [ExceptionAdvice.java:26] jakarta.servlet.http.HttpServlet.service(HttpServlet.java:731)
2023-02-02 23:08:34,127 ERROR [http-nio-8080-exec-3] i.g.j.c.c.c.a.ExceptionAdvice [ExceptionAdvice.java:26] org.springframework.web.servlet.FrameworkServlet.service(FrameworkServlet.java:880)
2023-02-02 23:08:34,127 ERROR [http-nio-8080-exec-3] i.g.j.c.c.c.a.ExceptionAdvice [ExceptionAdvice.java:26] jakarta.servlet.http.HttpServlet.service(HttpServlet.java:814)
2023-02-02 23:08:34,127 ERROR [http-nio-8080-exec-3] i.g.j.c.c.c.a.ExceptionAdvice [ExceptionAdvice.java:26] org.apache.catalina.core.ApplicationFilterChain.internalDoFilter(ApplicationFilterChain.java:223)
2023-02-02 23:08:34,128 ERROR [http-nio-8080-exec-3] i.g.j.c.c.c.a.ExceptionAdvice [ExceptionAdvice.java:26] org.apache.catalina.core.ApplicationFilterChain.doFilter(ApplicationFilterChain.java:158)
2023-02-02 23:08:34,128 ERROR [http-nio-8080-exec-3] i.g.j.c.c.c.a.ExceptionAdvice [ExceptionAdvice.java:26] org.apache.tomcat.websocket.server.WsFilter.doFilter(WsFilter.java:53)
2023-02-02 23:08:34,128 ERROR [http-nio-8080-exec-3] i.g.j.c.c.c.a.ExceptionAdvice [ExceptionAdvice.java:26] org.apache.catalina.core.ApplicationFilterChain.internalDoFilter(ApplicationFilterChain.java:185)
2023-02-02 23:08:34,128 ERROR [http-nio-8080-exec-3] i.g.j.c.c.c.a.ExceptionAdvice [ExceptionAdvice.java:26] org.apache.catalina.core.ApplicationFilterChain.doFilter(ApplicationFilterChain.java:158)
2023-02-02 23:08:34,128 ERROR [http-nio-8080-exec-3] i.g.j.c.c.c.a.ExceptionAdvice [ExceptionAdvice.java:26] org.springframework.web.filter.RequestContextFilter.doFilterInternal(RequestContextFilter.java:100)
2023-02-02 23:08:34,128 ERROR [http-nio-8080-exec-3] i.g.j.c.c.c.a.ExceptionAdvice [ExceptionAdvice.java:26] org.springframework.web.filter.OncePerRequestFilter.doFilter(OncePerRequestFilter.java:116)
2023-02-02 23:08:34,128 ERROR [http-nio-8080-exec-3] i.g.j.c.c.c.a.ExceptionAdvice [ExceptionAdvice.java:26] org.apache.catalina.core.ApplicationFilterChain.internalDoFilter(ApplicationFilterChain.java:185)
2023-02-02 23:08:34,128 ERROR [http-nio-8080-exec-3] i.g.j.c.c.c.a.ExceptionAdvice [ExceptionAdvice.java:26] org.apache.catalina.core.ApplicationFilterChain.doFilter(ApplicationFilterChain.java:158)
2023-02-02 23:08:34,128 ERROR [http-nio-8080-exec-3] i.g.j.c.c.c.a.ExceptionAdvice [ExceptionAdvice.java:26] org.springframework.web.filter.FormContentFilter.doFilterInternal(FormContentFilter.java:93)
2023-02-02 23:08:34,128 ERROR [http-nio-8080-exec-3] i.g.j.c.c.c.a.ExceptionAdvice [ExceptionAdvice.java:26] org.springframework.web.filter.OncePerRequestFilter.doFilter(OncePerRequestFilter.java:116)
2023-02-02 23:08:34,128 ERROR [http-nio-8080-exec-3] i.g.j.c.c.c.a.ExceptionAdvice [ExceptionAdvice.java:26] org.apache.catalina.core.ApplicationFilterChain.internalDoFilter(ApplicationFilterChain.java:185)
2023-02-02 23:08:34,128 ERROR [http-nio-8080-exec-3] i.g.j.c.c.c.a.ExceptionAdvice [ExceptionAdvice.java:26] org.apache.catalina.core.ApplicationFilterChain.doFilter(ApplicationFilterChain.java:158)
2023-02-02 23:08:34,128 ERROR [http-nio-8080-exec-3] i.g.j.c.c.c.a.ExceptionAdvice [ExceptionAdvice.java:26] org.springframework.web.filter.CharacterEncodingFilter.doFilterInternal(CharacterEncodingFilter.java:201)
2023-02-02 23:08:34,129 ERROR [http-nio-8080-exec-3] i.g.j.c.c.c.a.ExceptionAdvice [ExceptionAdvice.java:26] org.springframework.web.filter.OncePerRequestFilter.doFilter(OncePerRequestFilter.java:116)
2023-02-02 23:08:34,129 ERROR [http-nio-8080-exec-3] i.g.j.c.c.c.a.ExceptionAdvice [ExceptionAdvice.java:26] org.apache.catalina.core.ApplicationFilterChain.internalDoFilter(ApplicationFilterChain.java:185)
2023-02-02 23:08:34,129 ERROR [http-nio-8080-exec-3] i.g.j.c.c.c.a.ExceptionAdvice [ExceptionAdvice.java:26] org.apache.catalina.core.ApplicationFilterChain.doFilter(ApplicationFilterChain.java:158)
2023-02-02 23:08:34,129 ERROR [http-nio-8080-exec-3] i.g.j.c.c.c.a.ExceptionAdvice [ExceptionAdvice.java:26] org.apache.catalina.core.StandardWrapperValve.invoke(StandardWrapperValve.java:197)
2023-02-02 23:08:34,129 ERROR [http-nio-8080-exec-3] i.g.j.c.c.c.a.ExceptionAdvice [ExceptionAdvice.java:26] org.apache.catalina.core.StandardContextValve.invoke(StandardContextValve.java:97)
2023-02-02 23:08:34,129 ERROR [http-nio-8080-exec-3] i.g.j.c.c.c.a.ExceptionAdvice [ExceptionAdvice.java:26] org.apache.catalina.authenticator.AuthenticatorBase.invoke(AuthenticatorBase.java:542)
2023-02-02 23:08:34,129 ERROR [http-nio-8080-exec-3] i.g.j.c.c.c.a.ExceptionAdvice [ExceptionAdvice.java:26] org.apache.catalina.core.StandardHostValve.invoke(StandardHostValve.java:119)
2023-02-02 23:08:34,129 ERROR [http-nio-8080-exec-3] i.g.j.c.c.c.a.ExceptionAdvice [ExceptionAdvice.java:26] org.apache.catalina.valves.ErrorReportValve.invoke(ErrorReportValve.java:92)
2023-02-02 23:08:34,129 ERROR [http-nio-8080-exec-3] i.g.j.c.c.c.a.ExceptionAdvice [ExceptionAdvice.java:26] org.apache.catalina.core.StandardEngineValve.invoke(StandardEngineValve.java:78)
2023-02-02 23:08:34,129 ERROR [http-nio-8080-exec-3] i.g.j.c.c.c.a.ExceptionAdvice [ExceptionAdvice.java:26] org.apache.catalina.connector.CoyoteAdapter.service(CoyoteAdapter.java:357)
2023-02-02 23:08:34,129 ERROR [http-nio-8080-exec-3] i.g.j.c.c.c.a.ExceptionAdvice [ExceptionAdvice.java:26] org.apache.coyote.http11.Http11Processor.service(Http11Processor.java:400)
2023-02-02 23:08:34,129 ERROR [http-nio-8080-exec-3] i.g.j.c.c.c.a.ExceptionAdvice [ExceptionAdvice.java:26] org.apache.coyote.AbstractProcessorLight.process(AbstractProcessorLight.java:65)
2023-02-02 23:08:34,129 ERROR [http-nio-8080-exec-3] i.g.j.c.c.c.a.ExceptionAdvice [ExceptionAdvice.java:26] org.apache.coyote.AbstractProtocol$ConnectionHandler.process(AbstractProtocol.java:861)
2023-02-02 23:08:34,130 ERROR [http-nio-8080-exec-3] i.g.j.c.c.c.a.ExceptionAdvice [ExceptionAdvice.java:26] org.apache.tomcat.util.net.NioEndpoint$SocketProcessor.doRun(NioEndpoint.java:1739)
2023-02-02 23:08:34,130 ERROR [http-nio-8080-exec-3] i.g.j.c.c.c.a.ExceptionAdvice [ExceptionAdvice.java:26] org.apache.tomcat.util.net.SocketProcessorBase.run(SocketProcessorBase.java:52)
2023-02-02 23:08:34,130 ERROR [http-nio-8080-exec-3] i.g.j.c.c.c.a.ExceptionAdvice [ExceptionAdvice.java:26] org.apache.tomcat.util.threads.ThreadPoolExecutor.runWorker(ThreadPoolExecutor.java:1191)
2023-02-02 23:08:34,130 ERROR [http-nio-8080-exec-3] i.g.j.c.c.c.a.ExceptionAdvice [ExceptionAdvice.java:26] org.apache.tomcat.util.threads.ThreadPoolExecutor$Worker.run(ThreadPoolExecutor.java:659)
2023-02-02 23:08:34,130 ERROR [http-nio-8080-exec-3] i.g.j.c.c.c.a.ExceptionAdvice [ExceptionAdvice.java:26] org.apache.tomcat.util.threads.TaskThread$WrappingRunnable.run(TaskThread.java:61)
2023-02-02 23:08:34,130 ERROR [http-nio-8080-exec-3] i.g.j.c.c.c.a.ExceptionAdvice [ExceptionAdvice.java:26] java.base/java.lang.Thread.run(Thread.java:833)
2023-02-02 23:08:37,108 ERROR [http-nio-8080-exec-1] i.g.j.c.c.c.a.ExceptionAdvice [ExceptionAdvice.java:24] 500: Optional int parameter 'entityId' is present but cannot be translated into a null value due to being declared as a primitive type. Consider declaring it as object wrapper for the corresponding primitive type.
2023-02-02 23:08:37,108 ERROR [http-nio-8080-exec-1] i.g.j.c.c.c.a.ExceptionAdvice [ExceptionAdvice.java:26] org.springframework.web.method.annotation.AbstractNamedValueMethodArgumentResolver.handleNullValue(AbstractNamedValueMethodArgumentResolver.java:263)
2023-02-02 23:08:37,108 ERROR [http-nio-8080-exec-1] i.g.j.c.c.c.a.ExceptionAdvice [ExceptionAdvice.java:26] org.springframework.web.method.annotation.AbstractNamedValueMethodArgumentResolver.resolveArgument(AbstractNamedValueMethodArgumentResolver.java:116)
2023-02-02 23:08:37,108 ERROR [http-nio-8080-exec-1] i.g.j.c.c.c.a.ExceptionAdvice [ExceptionAdvice.java:26] org.springframework.web.method.support.HandlerMethodArgumentResolverComposite.resolveArgument(HandlerMethodArgumentResolverComposite.java:122)
2023-02-02 23:08:37,108 ERROR [http-nio-8080-exec-1] i.g.j.c.c.c.a.ExceptionAdvice [ExceptionAdvice.java:26] org.springframework.web.method.support.InvocableHandlerMethod.getMethodArgumentValues(InvocableHandlerMethod.java:181)
2023-02-02 23:08:37,108 ERROR [http-nio-8080-exec-1] i.g.j.c.c.c.a.ExceptionAdvice [ExceptionAdvice.java:26] org.springframework.web.method.support.InvocableHandlerMethod.invokeForRequest(InvocableHandlerMethod.java:148)
2023-02-02 23:08:37,108 ERROR [http-nio-8080-exec-1] i.g.j.c.c.c.a.ExceptionAdvice [ExceptionAdvice.java:26] org.springframework.web.servlet.mvc.method.annotation.ServletInvocableHandlerMethod.invokeAndHandle(ServletInvocableHandlerMethod.java:117)
2023-02-02 23:08:37,108 ERROR [http-nio-8080-exec-1] i.g.j.c.c.c.a.ExceptionAdvice [ExceptionAdvice.java:26] org.springframework.web.servlet.mvc.method.annotation.RequestMappingHandlerAdapter.invokeHandlerMethod(RequestMappingHandlerAdapter.java:884)
2023-02-02 23:08:37,108 ERROR [http-nio-8080-exec-1] i.g.j.c.c.c.a.ExceptionAdvice [ExceptionAdvice.java:26] org.springframework.web.servlet.mvc.method.annotation.RequestMappingHandlerAdapter.handleInternal(RequestMappingHandlerAdapter.java:797)
2023-02-02 23:08:37,109 ERROR [http-nio-8080-exec-1] i.g.j.c.c.c.a.ExceptionAdvice [ExceptionAdvice.java:26] org.springframework.web.servlet.mvc.method.AbstractHandlerMethodAdapter.handle(AbstractHandlerMethodAdapter.java:87)
2023-02-02 23:08:37,109 ERROR [http-nio-8080-exec-1] i.g.j.c.c.c.a.ExceptionAdvice [ExceptionAdvice.java:26] org.springframework.web.servlet.DispatcherServlet.doDispatch(DispatcherServlet.java:1080)
2023-02-02 23:08:37,109 ERROR [http-nio-8080-exec-1] i.g.j.c.c.c.a.ExceptionAdvice [ExceptionAdvice.java:26] org.springframework.web.servlet.DispatcherServlet.doService(DispatcherServlet.java:973)
2023-02-02 23:08:37,109 ERROR [http-nio-8080-exec-1] i.g.j.c.c.c.a.ExceptionAdvice [ExceptionAdvice.java:26] org.springframework.web.servlet.FrameworkServlet.processRequest(FrameworkServlet.java:1003)
2023-02-02 23:08:37,109 ERROR [http-nio-8080-exec-1] i.g.j.c.c.c.a.ExceptionAdvice [ExceptionAdvice.java:26] org.springframework.web.servlet.FrameworkServlet.doPost(FrameworkServlet.java:906)
2023-02-02 23:08:37,109 ERROR [http-nio-8080-exec-1] i.g.j.c.c.c.a.ExceptionAdvice [ExceptionAdvice.java:26] jakarta.servlet.http.HttpServlet.service(HttpServlet.java:731)
2023-02-02 23:08:37,109 ERROR [http-nio-8080-exec-1] i.g.j.c.c.c.a.ExceptionAdvice [ExceptionAdvice.java:26] org.springframework.web.servlet.FrameworkServlet.service(FrameworkServlet.java:880)
2023-02-02 23:08:37,109 ERROR [http-nio-8080-exec-1] i.g.j.c.c.c.a.ExceptionAdvice [ExceptionAdvice.java:26] jakarta.servlet.http.HttpServlet.service(HttpServlet.java:814)
2023-02-02 23:08:37,109 ERROR [http-nio-8080-exec-1] i.g.j.c.c.c.a.ExceptionAdvice [ExceptionAdvice.java:26] org.apache.catalina.core.ApplicationFilterChain.internalDoFilter(ApplicationFilterChain.java:223)
2023-02-02 23:08:37,109 ERROR [http-nio-8080-exec-1] i.g.j.c.c.c.a.ExceptionAdvice [ExceptionAdvice.java:26] org.apache.catalina.core.ApplicationFilterChain.doFilter(ApplicationFilterChain.java:158)
2023-02-02 23:08:37,109 ERROR [http-nio-8080-exec-1] i.g.j.c.c.c.a.ExceptionAdvice [ExceptionAdvice.java:26] org.apache.tomcat.websocket.server.WsFilter.doFilter(WsFilter.java:53)
2023-02-02 23:08:37,109 ERROR [http-nio-8080-exec-1] i.g.j.c.c.c.a.ExceptionAdvice [ExceptionAdvice.java:26] org.apache.catalina.core.ApplicationFilterChain.internalDoFilter(ApplicationFilterChain.java:185)
2023-02-02 23:08:37,110 ERROR [http-nio-8080-exec-1] i.g.j.c.c.c.a.ExceptionAdvice [ExceptionAdvice.java:26] org.apache.catalina.core.ApplicationFilterChain.doFilter(ApplicationFilterChain.java:158)
2023-02-02 23:08:37,110 ERROR [http-nio-8080-exec-1] i.g.j.c.c.c.a.ExceptionAdvice [ExceptionAdvice.java:26] org.springframework.web.filter.RequestContextFilter.doFilterInternal(RequestContextFilter.java:100)
2023-02-02 23:08:37,110 ERROR [http-nio-8080-exec-1] i.g.j.c.c.c.a.ExceptionAdvice [ExceptionAdvice.java:26] org.springframework.web.filter.OncePerRequestFilter.doFilter(OncePerRequestFilter.java:116)
2023-02-02 23:08:37,110 ERROR [http-nio-8080-exec-1] i.g.j.c.c.c.a.ExceptionAdvice [ExceptionAdvice.java:26] org.apache.catalina.core.ApplicationFilterChain.internalDoFilter(ApplicationFilterChain.java:185)
2023-02-02 23:08:37,110 ERROR [http-nio-8080-exec-1] i.g.j.c.c.c.a.ExceptionAdvice [ExceptionAdvice.java:26] org.apache.catalina.core.ApplicationFilterChain.doFilter(ApplicationFilterChain.java:158)
2023-02-02 23:08:37,110 ERROR [http-nio-8080-exec-1] i.g.j.c.c.c.a.ExceptionAdvice [ExceptionAdvice.java:26] org.springframework.web.filter.FormContentFilter.doFilterInternal(FormContentFilter.java:93)
2023-02-02 23:08:37,110 ERROR [http-nio-8080-exec-1] i.g.j.c.c.c.a.ExceptionAdvice [ExceptionAdvice.java:26] org.springframework.web.filter.OncePerRequestFilter.doFilter(OncePerRequestFilter.java:116)
2023-02-02 23:08:37,110 ERROR [http-nio-8080-exec-1] i.g.j.c.c.c.a.ExceptionAdvice [ExceptionAdvice.java:26] org.apache.catalina.core.ApplicationFilterChain.internalDoFilter(ApplicationFilterChain.java:185)
2023-02-02 23:08:37,110 ERROR [http-nio-8080-exec-1] i.g.j.c.c.c.a.ExceptionAdvice [ExceptionAdvice.java:26] org.apache.catalina.core.ApplicationFilterChain.doFilter(ApplicationFilterChain.java:158)
2023-02-02 23:08:37,110 ERROR [http-nio-8080-exec-1] i.g.j.c.c.c.a.ExceptionAdvice [ExceptionAdvice.java:26] org.springframework.web.filter.CharacterEncodingFilter.doFilterInternal(CharacterEncodingFilter.java:201)
2023-02-02 23:08:37,110 ERROR [http-nio-8080-exec-1] i.g.j.c.c.c.a.ExceptionAdvice [ExceptionAdvice.java:26] org.springframework.web.filter.OncePerRequestFilter.doFilter(OncePerRequestFilter.java:116)
2023-02-02 23:08:37,110 ERROR [http-nio-8080-exec-1] i.g.j.c.c.c.a.ExceptionAdvice [ExceptionAdvice.java:26] org.apache.catalina.core.ApplicationFilterChain.internalDoFilter(ApplicationFilterChain.java:185)
2023-02-02 23:08:37,111 ERROR [http-nio-8080-exec-1] i.g.j.c.c.c.a.ExceptionAdvice [ExceptionAdvice.java:26] org.apache.catalina.core.ApplicationFilterChain.doFilter(ApplicationFilterChain.java:158)
2023-02-02 23:08:37,111 ERROR [http-nio-8080-exec-1] i.g.j.c.c.c.a.ExceptionAdvice [ExceptionAdvice.java:26] org.apache.catalina.core.StandardWrapperValve.invoke(StandardWrapperValve.java:197)
2023-02-02 23:08:37,111 ERROR [http-nio-8080-exec-1] i.g.j.c.c.c.a.ExceptionAdvice [ExceptionAdvice.java:26] org.apache.catalina.core.StandardContextValve.invoke(StandardContextValve.java:97)
2023-02-02 23:08:37,111 ERROR [http-nio-8080-exec-1] i.g.j.c.c.c.a.ExceptionAdvice [ExceptionAdvice.java:26] org.apache.catalina.authenticator.AuthenticatorBase.invoke(AuthenticatorBase.java:542)
2023-02-02 23:08:37,111 ERROR [http-nio-8080-exec-1] i.g.j.c.c.c.a.ExceptionAdvice [ExceptionAdvice.java:26] org.apache.catalina.core.StandardHostValve.invoke(StandardHostValve.java:119)
2023-02-02 23:08:37,111 ERROR [http-nio-8080-exec-1] i.g.j.c.c.c.a.ExceptionAdvice [ExceptionAdvice.java:26] org.apache.catalina.valves.ErrorReportValve.invoke(ErrorReportValve.java:92)
2023-02-02 23:08:37,111 ERROR [http-nio-8080-exec-1] i.g.j.c.c.c.a.ExceptionAdvice [ExceptionAdvice.java:26] org.apache.catalina.core.StandardEngineValve.invoke(StandardEngineValve.java:78)
2023-02-02 23:08:37,111 ERROR [http-nio-8080-exec-1] i.g.j.c.c.c.a.ExceptionAdvice [ExceptionAdvice.java:26] org.apache.catalina.connector.CoyoteAdapter.service(CoyoteAdapter.java:357)
2023-02-02 23:08:37,111 ERROR [http-nio-8080-exec-1] i.g.j.c.c.c.a.ExceptionAdvice [ExceptionAdvice.java:26] org.apache.coyote.http11.Http11Processor.service(Http11Processor.java:400)
2023-02-02 23:08:37,111 ERROR [http-nio-8080-exec-1] i.g.j.c.c.c.a.ExceptionAdvice [ExceptionAdvice.java:26] org.apache.coyote.AbstractProcessorLight.process(AbstractProcessorLight.java:65)
2023-02-02 23:08:37,111 ERROR [http-nio-8080-exec-1] i.g.j.c.c.c.a.ExceptionAdvice [ExceptionAdvice.java:26] org.apache.coyote.AbstractProtocol$ConnectionHandler.process(AbstractProtocol.java:861)
2023-02-02 23:08:37,111 ERROR [http-nio-8080-exec-1] i.g.j.c.c.c.a.ExceptionAdvice [ExceptionAdvice.java:26] org.apache.tomcat.util.net.NioEndpoint$SocketProcessor.doRun(NioEndpoint.java:1739)
2023-02-02 23:08:37,111 ERROR [http-nio-8080-exec-1] i.g.j.c.c.c.a.ExceptionAdvice [ExceptionAdvice.java:26] org.apache.tomcat.util.net.SocketProcessorBase.run(SocketProcessorBase.java:52)
2023-02-02 23:08:37,112 ERROR [http-nio-8080-exec-1] i.g.j.c.c.c.a.ExceptionAdvice [ExceptionAdvice.java:26] org.apache.tomcat.util.threads.ThreadPoolExecutor.runWorker(ThreadPoolExecutor.java:1191)
2023-02-02 23:08:37,112 ERROR [http-nio-8080-exec-1] i.g.j.c.c.c.a.ExceptionAdvice [ExceptionAdvice.java:26] org.apache.tomcat.util.threads.ThreadPoolExecutor$Worker.run(ThreadPoolExecutor.java:659)
2023-02-02 23:08:37,112 ERROR [http-nio-8080-exec-1] i.g.j.c.c.c.a.ExceptionAdvice [ExceptionAdvice.java:26] org.apache.tomcat.util.threads.TaskThread$WrappingRunnable.run(TaskThread.java:61)
2023-02-02 23:08:37,112 ERROR [http-nio-8080-exec-1] i.g.j.c.c.c.a.ExceptionAdvice [ExceptionAdvice.java:26] java.base/java.lang.Thread.run(Thread.java:833)
2023-02-02 23:08:48,932 ERROR [http-nio-8080-exec-4] i.g.j.c.c.c.a.ExceptionAdvice [ExceptionAdvice.java:24] 500: Optional int parameter 'entityId' is present but cannot be translated into a null value due to being declared as a primitive type. Consider declaring it as object wrapper for the corresponding primitive type.
2023-02-02 23:08:48,932 ERROR [http-nio-8080-exec-4] i.g.j.c.c.c.a.ExceptionAdvice [ExceptionAdvice.java:26] org.springframework.web.method.annotation.AbstractNamedValueMethodArgumentResolver.handleNullValue(AbstractNamedValueMethodArgumentResolver.java:263)
2023-02-02 23:08:48,932 ERROR [http-nio-8080-exec-4] i.g.j.c.c.c.a.ExceptionAdvice [ExceptionAdvice.java:26] org.springframework.web.method.annotation.AbstractNamedValueMethodArgumentResolver.resolveArgument(AbstractNamedValueMethodArgumentResolver.java:116)
2023-02-02 23:08:48,932 ERROR [http-nio-8080-exec-4] i.g.j.c.c.c.a.ExceptionAdvice [ExceptionAdvice.java:26] org.springframework.web.method.support.HandlerMethodArgumentResolverComposite.resolveArgument(HandlerMethodArgumentResolverComposite.java:122)
2023-02-02 23:08:48,933 ERROR [http-nio-8080-exec-4] i.g.j.c.c.c.a.ExceptionAdvice [ExceptionAdvice.java:26] org.springframework.web.method.support.InvocableHandlerMethod.getMethodArgumentValues(InvocableHandlerMethod.java:181)
2023-02-02 23:08:48,933 ERROR [http-nio-8080-exec-4] i.g.j.c.c.c.a.ExceptionAdvice [ExceptionAdvice.java:26] org.springframework.web.method.support.InvocableHandlerMethod.invokeForRequest(InvocableHandlerMethod.java:148)
2023-02-02 23:08:48,933 ERROR [http-nio-8080-exec-4] i.g.j.c.c.c.a.ExceptionAdvice [ExceptionAdvice.java:26] org.springframework.web.servlet.mvc.method.annotation.ServletInvocableHandlerMethod.invokeAndHandle(ServletInvocableHandlerMethod.java:117)
2023-02-02 23:08:48,933 ERROR [http-nio-8080-exec-4] i.g.j.c.c.c.a.ExceptionAdvice [ExceptionAdvice.java:26] org.springframework.web.servlet.mvc.method.annotation.RequestMappingHandlerAdapter.invokeHandlerMethod(RequestMappingHandlerAdapter.java:884)
2023-02-02 23:08:48,933 ERROR [http-nio-8080-exec-4] i.g.j.c.c.c.a.ExceptionAdvice [ExceptionAdvice.java:26] org.springframework.web.servlet.mvc.method.annotation.RequestMappingHandlerAdapter.handleInternal(RequestMappingHandlerAdapter.java:797)
2023-02-02 23:08:48,933 ERROR [http-nio-8080-exec-4] i.g.j.c.c.c.a.ExceptionAdvice [ExceptionAdvice.java:26] org.springframework.web.servlet.mvc.method.AbstractHandlerMethodAdapter.handle(AbstractHandlerMethodAdapter.java:87)
2023-02-02 23:08:48,933 ERROR [http-nio-8080-exec-4] i.g.j.c.c.c.a.ExceptionAdvice [ExceptionAdvice.java:26] org.springframework.web.servlet.DispatcherServlet.doDispatch(DispatcherServlet.java:1080)
2023-02-02 23:08:48,933 ERROR [http-nio-8080-exec-4] i.g.j.c.c.c.a.ExceptionAdvice [ExceptionAdvice.java:26] org.springframework.web.servlet.DispatcherServlet.doService(DispatcherServlet.java:973)
2023-02-02 23:08:48,933 ERROR [http-nio-8080-exec-4] i.g.j.c.c.c.a.ExceptionAdvice [ExceptionAdvice.java:26] org.springframework.web.servlet.FrameworkServlet.processRequest(FrameworkServlet.java:1003)
2023-02-02 23:08:48,933 ERROR [http-nio-8080-exec-4] i.g.j.c.c.c.a.ExceptionAdvice [ExceptionAdvice.java:26] org.springframework.web.servlet.FrameworkServlet.doPost(FrameworkServlet.java:906)
2023-02-02 23:08:48,933 ERROR [http-nio-8080-exec-4] i.g.j.c.c.c.a.ExceptionAdvice [ExceptionAdvice.java:26] jakarta.servlet.http.HttpServlet.service(HttpServlet.java:731)
2023-02-02 23:08:48,934 ERROR [http-nio-8080-exec-4] i.g.j.c.c.c.a.ExceptionAdvice [ExceptionAdvice.java:26] org.springframework.web.servlet.FrameworkServlet.service(FrameworkServlet.java:880)
2023-02-02 23:08:48,934 ERROR [http-nio-8080-exec-4] i.g.j.c.c.c.a.ExceptionAdvice [ExceptionAdvice.java:26] jakarta.servlet.http.HttpServlet.service(HttpServlet.java:814)
2023-02-02 23:08:48,934 ERROR [http-nio-8080-exec-4] i.g.j.c.c.c.a.ExceptionAdvice [ExceptionAdvice.java:26] org.apache.catalina.core.ApplicationFilterChain.internalDoFilter(ApplicationFilterChain.java:223)
2023-02-02 23:08:48,934 ERROR [http-nio-8080-exec-4] i.g.j.c.c.c.a.ExceptionAdvice [ExceptionAdvice.java:26] org.apache.catalina.core.ApplicationFilterChain.doFilter(ApplicationFilterChain.java:158)
2023-02-02 23:08:48,934 ERROR [http-nio-8080-exec-4] i.g.j.c.c.c.a.ExceptionAdvice [ExceptionAdvice.java:26] org.apache.tomcat.websocket.server.WsFilter.doFilter(WsFilter.java:53)
2023-02-02 23:08:48,934 ERROR [http-nio-8080-exec-4] i.g.j.c.c.c.a.ExceptionAdvice [ExceptionAdvice.java:26] org.apache.catalina.core.ApplicationFilterChain.internalDoFilter(ApplicationFilterChain.java:185)
2023-02-02 23:08:48,934 ERROR [http-nio-8080-exec-4] i.g.j.c.c.c.a.ExceptionAdvice [ExceptionAdvice.java:26] org.apache.catalina.core.ApplicationFilterChain.doFilter(ApplicationFilterChain.java:158)
2023-02-02 23:08:48,934 ERROR [http-nio-8080-exec-4] i.g.j.c.c.c.a.ExceptionAdvice [ExceptionAdvice.java:26] org.springframework.web.filter.RequestContextFilter.doFilterInternal(RequestContextFilter.java:100)
2023-02-02 23:08:48,934 ERROR [http-nio-8080-exec-4] i.g.j.c.c.c.a.ExceptionAdvice [ExceptionAdvice.java:26] org.springframework.web.filter.OncePerRequestFilter.doFilter(OncePerRequestFilter.java:116)
2023-02-02 23:08:48,935 ERROR [http-nio-8080-exec-4] i.g.j.c.c.c.a.ExceptionAdvice [ExceptionAdvice.java:26] org.apache.catalina.core.ApplicationFilterChain.internalDoFilter(ApplicationFilterChain.java:185)
2023-02-02 23:08:48,935 ERROR [http-nio-8080-exec-4] i.g.j.c.c.c.a.ExceptionAdvice [ExceptionAdvice.java:26] org.apache.catalina.core.ApplicationFilterChain.doFilter(ApplicationFilterChain.java:158)
2023-02-02 23:08:48,935 ERROR [http-nio-8080-exec-4] i.g.j.c.c.c.a.ExceptionAdvice [ExceptionAdvice.java:26] org.springframework.web.filter.FormContentFilter.doFilterInternal(FormContentFilter.java:93)
2023-02-02 23:08:48,935 ERROR [http-nio-8080-exec-4] i.g.j.c.c.c.a.ExceptionAdvice [ExceptionAdvice.java:26] org.springframework.web.filter.OncePerRequestFilter.doFilter(OncePerRequestFilter.java:116)
2023-02-02 23:08:48,935 ERROR [http-nio-8080-exec-4] i.g.j.c.c.c.a.ExceptionAdvice [ExceptionAdvice.java:26] org.apache.catalina.core.ApplicationFilterChain.internalDoFilter(ApplicationFilterChain.java:185)
2023-02-02 23:08:48,935 ERROR [http-nio-8080-exec-4] i.g.j.c.c.c.a.ExceptionAdvice [ExceptionAdvice.java:26] org.apache.catalina.core.ApplicationFilterChain.doFilter(ApplicationFilterChain.java:158)
2023-02-02 23:08:48,935 ERROR [http-nio-8080-exec-4] i.g.j.c.c.c.a.ExceptionAdvice [ExceptionAdvice.java:26] org.springframework.web.filter.CharacterEncodingFilter.doFilterInternal(CharacterEncodingFilter.java:201)
2023-02-02 23:08:48,936 ERROR [http-nio-8080-exec-4] i.g.j.c.c.c.a.ExceptionAdvice [ExceptionAdvice.java:26] org.springframework.web.filter.OncePerRequestFilter.doFilter(OncePerRequestFilter.java:116)
2023-02-02 23:08:48,936 ERROR [http-nio-8080-exec-4] i.g.j.c.c.c.a.ExceptionAdvice [ExceptionAdvice.java:26] org.apache.catalina.core.ApplicationFilterChain.internalDoFilter(ApplicationFilterChain.java:185)
2023-02-02 23:08:48,936 ERROR [http-nio-8080-exec-4] i.g.j.c.c.c.a.ExceptionAdvice [ExceptionAdvice.java:26] org.apache.catalina.core.ApplicationFilterChain.doFilter(ApplicationFilterChain.java:158)
2023-02-02 23:08:48,936 ERROR [http-nio-8080-exec-4] i.g.j.c.c.c.a.ExceptionAdvice [ExceptionAdvice.java:26] org.apache.catalina.core.StandardWrapperValve.invoke(StandardWrapperValve.java:197)
2023-02-02 23:08:48,936 ERROR [http-nio-8080-exec-4] i.g.j.c.c.c.a.ExceptionAdvice [ExceptionAdvice.java:26] org.apache.catalina.core.StandardContextValve.invoke(StandardContextValve.java:97)
2023-02-02 23:08:48,936 ERROR [http-nio-8080-exec-4] i.g.j.c.c.c.a.ExceptionAdvice [ExceptionAdvice.java:26] org.apache.catalina.authenticator.AuthenticatorBase.invoke(AuthenticatorBase.java:542)
2023-02-02 23:08:48,936 ERROR [http-nio-8080-exec-4] i.g.j.c.c.c.a.ExceptionAdvice [ExceptionAdvice.java:26] org.apache.catalina.core.StandardHostValve.invoke(StandardHostValve.java:119)
2023-02-02 23:08:48,936 ERROR [http-nio-8080-exec-4] i.g.j.c.c.c.a.ExceptionAdvice [ExceptionAdvice.java:26] org.apache.catalina.valves.ErrorReportValve.invoke(ErrorReportValve.java:92)
2023-02-02 23:08:48,936 ERROR [http-nio-8080-exec-4] i.g.j.c.c.c.a.ExceptionAdvice [ExceptionAdvice.java:26] org.apache.catalina.core.StandardEngineValve.invoke(StandardEngineValve.java:78)
2023-02-02 23:08:48,936 ERROR [http-nio-8080-exec-4] i.g.j.c.c.c.a.ExceptionAdvice [ExceptionAdvice.java:26] org.apache.catalina.connector.CoyoteAdapter.service(CoyoteAdapter.java:357)
2023-02-02 23:08:48,936 ERROR [http-nio-8080-exec-4] i.g.j.c.c.c.a.ExceptionAdvice [ExceptionAdvice.java:26] org.apache.coyote.http11.Http11Processor.service(Http11Processor.java:400)
2023-02-02 23:08:48,936 ERROR [http-nio-8080-exec-4] i.g.j.c.c.c.a.ExceptionAdvice [ExceptionAdvice.java:26] org.apache.coyote.AbstractProcessorLight.process(AbstractProcessorLight.java:65)
2023-02-02 23:08:48,937 ERROR [http-nio-8080-exec-4] i.g.j.c.c.c.a.ExceptionAdvice [ExceptionAdvice.java:26] org.apache.coyote.AbstractProtocol$ConnectionHandler.process(AbstractProtocol.java:861)
2023-02-02 23:08:48,937 ERROR [http-nio-8080-exec-4] i.g.j.c.c.c.a.ExceptionAdvice [ExceptionAdvice.java:26] org.apache.tomcat.util.net.NioEndpoint$SocketProcessor.doRun(NioEndpoint.java:1739)
2023-02-02 23:08:48,937 ERROR [http-nio-8080-exec-4] i.g.j.c.c.c.a.ExceptionAdvice [ExceptionAdvice.java:26] org.apache.tomcat.util.net.SocketProcessorBase.run(SocketProcessorBase.java:52)
2023-02-02 23:08:48,937 ERROR [http-nio-8080-exec-4] i.g.j.c.c.c.a.ExceptionAdvice [ExceptionAdvice.java:26] org.apache.tomcat.util.threads.ThreadPoolExecutor.runWorker(ThreadPoolExecutor.java:1191)
2023-02-02 23:08:48,937 ERROR [http-nio-8080-exec-4] i.g.j.c.c.c.a.ExceptionAdvice [ExceptionAdvice.java:26] org.apache.tomcat.util.threads.ThreadPoolExecutor$Worker.run(ThreadPoolExecutor.java:659)
2023-02-02 23:08:48,937 ERROR [http-nio-8080-exec-4] i.g.j.c.c.c.a.ExceptionAdvice [ExceptionAdvice.java:26] org.apache.tomcat.util.threads.TaskThread$WrappingRunnable.run(TaskThread.java:61)
2023-02-02 23:08:48,937 ERROR [http-nio-8080-exec-4] i.g.j.c.c.c.a.ExceptionAdvice [ExceptionAdvice.java:26] java.base/java.lang.Thread.run(Thread.java:833)
2023-02-02 23:13:21,927 ERROR [http-nio-8080-exec-9] i.g.j.c.c.c.a.ExceptionAdvice [ExceptionAdvice.java:24] 500: Optional int parameter 'entityId' is present but cannot be translated into a null value due to being declared as a primitive type. Consider declaring it as object wrapper for the corresponding primitive type.
2023-02-02 23:13:21,927 ERROR [http-nio-8080-exec-9] i.g.j.c.c.c.a.ExceptionAdvice [ExceptionAdvice.java:26] org.springframework.web.method.annotation.AbstractNamedValueMethodArgumentResolver.handleNullValue(AbstractNamedValueMethodArgumentResolver.java:263)
2023-02-02 23:13:21,928 ERROR [http-nio-8080-exec-9] i.g.j.c.c.c.a.ExceptionAdvice [ExceptionAdvice.java:26] org.springframework.web.method.annotation.AbstractNamedValueMethodArgumentResolver.resolveArgument(AbstractNamedValueMethodArgumentResolver.java:116)
2023-02-02 23:13:21,928 ERROR [http-nio-8080-exec-9] i.g.j.c.c.c.a.ExceptionAdvice [ExceptionAdvice.java:26] org.springframework.web.method.support.HandlerMethodArgumentResolverComposite.resolveArgument(HandlerMethodArgumentResolverComposite.java:122)
2023-02-02 23:13:21,928 ERROR [http-nio-8080-exec-9] i.g.j.c.c.c.a.ExceptionAdvice [ExceptionAdvice.java:26] org.springframework.web.method.support.InvocableHandlerMethod.getMethodArgumentValues(InvocableHandlerMethod.java:181)
2023-02-02 23:13:21,928 ERROR [http-nio-8080-exec-9] i.g.j.c.c.c.a.ExceptionAdvice [ExceptionAdvice.java:26] org.springframework.web.method.support.InvocableHandlerMethod.invokeForRequest(InvocableHandlerMethod.java:148)
2023-02-02 23:13:21,928 ERROR [http-nio-8080-exec-9] i.g.j.c.c.c.a.ExceptionAdvice [ExceptionAdvice.java:26] org.springframework.web.servlet.mvc.method.annotation.ServletInvocableHandlerMethod.invokeAndHandle(ServletInvocableHandlerMethod.java:117)
2023-02-02 23:13:21,928 ERROR [http-nio-8080-exec-9] i.g.j.c.c.c.a.ExceptionAdvice [ExceptionAdvice.java:26] org.springframework.web.servlet.mvc.method.annotation.RequestMappingHandlerAdapter.invokeHandlerMethod(RequestMappingHandlerAdapter.java:884)
2023-02-02 23:13:21,928 ERROR [http-nio-8080-exec-9] i.g.j.c.c.c.a.ExceptionAdvice [ExceptionAdvice.java:26] org.springframework.web.servlet.mvc.method.annotation.RequestMappingHandlerAdapter.handleInternal(RequestMappingHandlerAdapter.java:797)
2023-02-02 23:13:21,928 ERROR [http-nio-8080-exec-9] i.g.j.c.c.c.a.ExceptionAdvice [ExceptionAdvice.java:26] org.springframework.web.servlet.mvc.method.AbstractHandlerMethodAdapter.handle(AbstractHandlerMethodAdapter.java:87)
2023-02-02 23:13:21,928 ERROR [http-nio-8080-exec-9] i.g.j.c.c.c.a.ExceptionAdvice [ExceptionAdvice.java:26] org.springframework.web.servlet.DispatcherServlet.doDispatch(DispatcherServlet.java:1080)
2023-02-02 23:13:21,928 ERROR [http-nio-8080-exec-9] i.g.j.c.c.c.a.ExceptionAdvice [ExceptionAdvice.java:26] org.springframework.web.servlet.DispatcherServlet.doService(DispatcherServlet.java:973)
2023-02-02 23:13:21,928 ERROR [http-nio-8080-exec-9] i.g.j.c.c.c.a.ExceptionAdvice [ExceptionAdvice.java:26] org.springframework.web.servlet.FrameworkServlet.processRequest(FrameworkServlet.java:1003)
2023-02-02 23:13:21,929 ERROR [http-nio-8080-exec-9] i.g.j.c.c.c.a.ExceptionAdvice [ExceptionAdvice.java:26] org.springframework.web.servlet.FrameworkServlet.doPost(FrameworkServlet.java:906)
2023-02-02 23:13:21,929 ERROR [http-nio-8080-exec-9] i.g.j.c.c.c.a.ExceptionAdvice [ExceptionAdvice.java:26] jakarta.servlet.http.HttpServlet.service(HttpServlet.java:731)
2023-02-02 23:13:21,929 ERROR [http-nio-8080-exec-9] i.g.j.c.c.c.a.ExceptionAdvice [ExceptionAdvice.java:26] org.springframework.web.servlet.FrameworkServlet.service(FrameworkServlet.java:880)
2023-02-02 23:13:21,929 ERROR [http-nio-8080-exec-9] i.g.j.c.c.c.a.ExceptionAdvice [ExceptionAdvice.java:26] jakarta.servlet.http.HttpServlet.service(HttpServlet.java:814)
2023-02-02 23:13:21,929 ERROR [http-nio-8080-exec-9] i.g.j.c.c.c.a.ExceptionAdvice [ExceptionAdvice.java:26] org.apache.catalina.core.ApplicationFilterChain.internalDoFilter(ApplicationFilterChain.java:223)
2023-02-02 23:13:21,929 ERROR [http-nio-8080-exec-9] i.g.j.c.c.c.a.ExceptionAdvice [ExceptionAdvice.java:26] org.apache.catalina.core.ApplicationFilterChain.doFilter(ApplicationFilterChain.java:158)
2023-02-02 23:13:21,929 ERROR [http-nio-8080-exec-9] i.g.j.c.c.c.a.ExceptionAdvice [ExceptionAdvice.java:26] org.apache.tomcat.websocket.server.WsFilter.doFilter(WsFilter.java:53)
2023-02-02 23:13:21,929 ERROR [http-nio-8080-exec-9] i.g.j.c.c.c.a.ExceptionAdvice [ExceptionAdvice.java:26] org.apache.catalina.core.ApplicationFilterChain.internalDoFilter(ApplicationFilterChain.java:185)
2023-02-02 23:13:21,929 ERROR [http-nio-8080-exec-9] i.g.j.c.c.c.a.ExceptionAdvice [ExceptionAdvice.java:26] org.apache.catalina.core.ApplicationFilterChain.doFilter(ApplicationFilterChain.java:158)
2023-02-02 23:13:21,929 ERROR [http-nio-8080-exec-9] i.g.j.c.c.c.a.ExceptionAdvice [ExceptionAdvice.java:26] org.springframework.web.filter.RequestContextFilter.doFilterInternal(RequestContextFilter.java:100)
2023-02-02 23:13:21,929 ERROR [http-nio-8080-exec-9] i.g.j.c.c.c.a.ExceptionAdvice [ExceptionAdvice.java:26] org.springframework.web.filter.OncePerRequestFilter.doFilter(OncePerRequestFilter.java:116)
2023-02-02 23:13:21,929 ERROR [http-nio-8080-exec-9] i.g.j.c.c.c.a.ExceptionAdvice [ExceptionAdvice.java:26] org.apache.catalina.core.ApplicationFilterChain.internalDoFilter(ApplicationFilterChain.java:185)
2023-02-02 23:13:21,929 ERROR [http-nio-8080-exec-9] i.g.j.c.c.c.a.ExceptionAdvice [ExceptionAdvice.java:26] org.apache.catalina.core.ApplicationFilterChain.doFilter(ApplicationFilterChain.java:158)
2023-02-02 23:13:21,929 ERROR [http-nio-8080-exec-9] i.g.j.c.c.c.a.ExceptionAdvice [ExceptionAdvice.java:26] org.springframework.web.filter.FormContentFilter.doFilterInternal(FormContentFilter.java:93)
2023-02-02 23:13:21,930 ERROR [http-nio-8080-exec-9] i.g.j.c.c.c.a.ExceptionAdvice [ExceptionAdvice.java:26] org.springframework.web.filter.OncePerRequestFilter.doFilter(OncePerRequestFilter.java:116)
2023-02-02 23:13:21,930 ERROR [http-nio-8080-exec-9] i.g.j.c.c.c.a.ExceptionAdvice [ExceptionAdvice.java:26] org.apache.catalina.core.ApplicationFilterChain.internalDoFilter(ApplicationFilterChain.java:185)
2023-02-02 23:13:21,930 ERROR [http-nio-8080-exec-9] i.g.j.c.c.c.a.ExceptionAdvice [ExceptionAdvice.java:26] org.apache.catalina.core.ApplicationFilterChain.doFilter(ApplicationFilterChain.java:158)
2023-02-02 23:13:21,930 ERROR [http-nio-8080-exec-9] i.g.j.c.c.c.a.ExceptionAdvice [ExceptionAdvice.java:26] org.springframework.web.filter.CharacterEncodingFilter.doFilterInternal(CharacterEncodingFilter.java:201)
2023-02-02 23:13:21,930 ERROR [http-nio-8080-exec-9] i.g.j.c.c.c.a.ExceptionAdvice [ExceptionAdvice.java:26] org.springframework.web.filter.OncePerRequestFilter.doFilter(OncePerRequestFilter.java:116)
2023-02-02 23:13:21,930 ERROR [http-nio-8080-exec-9] i.g.j.c.c.c.a.ExceptionAdvice [ExceptionAdvice.java:26] org.apache.catalina.core.ApplicationFilterChain.internalDoFilter(ApplicationFilterChain.java:185)
2023-02-02 23:13:21,930 ERROR [http-nio-8080-exec-9] i.g.j.c.c.c.a.ExceptionAdvice [ExceptionAdvice.java:26] org.apache.catalina.core.ApplicationFilterChain.doFilter(ApplicationFilterChain.java:158)
2023-02-02 23:13:21,930 ERROR [http-nio-8080-exec-9] i.g.j.c.c.c.a.ExceptionAdvice [ExceptionAdvice.java:26] org.apache.catalina.core.StandardWrapperValve.invoke(StandardWrapperValve.java:197)
2023-02-02 23:13:21,930 ERROR [http-nio-8080-exec-9] i.g.j.c.c.c.a.ExceptionAdvice [ExceptionAdvice.java:26] org.apache.catalina.core.StandardContextValve.invoke(StandardContextValve.java:97)
2023-02-02 23:13:21,930 ERROR [http-nio-8080-exec-9] i.g.j.c.c.c.a.ExceptionAdvice [ExceptionAdvice.java:26] org.apache.catalina.authenticator.AuthenticatorBase.invoke(AuthenticatorBase.java:542)
2023-02-02 23:13:21,930 ERROR [http-nio-8080-exec-9] i.g.j.c.c.c.a.ExceptionAdvice [ExceptionAdvice.java:26] org.apache.catalina.core.StandardHostValve.invoke(StandardHostValve.java:119)
2023-02-02 23:13:21,930 ERROR [http-nio-8080-exec-9] i.g.j.c.c.c.a.ExceptionAdvice [ExceptionAdvice.java:26] org.apache.catalina.valves.ErrorReportValve.invoke(ErrorReportValve.java:92)
2023-02-02 23:13:21,931 ERROR [http-nio-8080-exec-9] i.g.j.c.c.c.a.ExceptionAdvice [ExceptionAdvice.java:26] org.apache.catalina.core.StandardEngineValve.invoke(StandardEngineValve.java:78)
2023-02-02 23:13:21,931 ERROR [http-nio-8080-exec-9] i.g.j.c.c.c.a.ExceptionAdvice [ExceptionAdvice.java:26] org.apache.catalina.connector.CoyoteAdapter.service(CoyoteAdapter.java:357)
2023-02-02 23:13:21,931 ERROR [http-nio-8080-exec-9] i.g.j.c.c.c.a.ExceptionAdvice [ExceptionAdvice.java:26] org.apache.coyote.http11.Http11Processor.service(Http11Processor.java:400)
2023-02-02 23:13:21,931 ERROR [http-nio-8080-exec-9] i.g.j.c.c.c.a.ExceptionAdvice [ExceptionAdvice.java:26] org.apache.coyote.AbstractProcessorLight.process(AbstractProcessorLight.java:65)
2023-02-02 23:13:21,931 ERROR [http-nio-8080-exec-9] i.g.j.c.c.c.a.ExceptionAdvice [ExceptionAdvice.java:26] org.apache.coyote.AbstractProtocol$ConnectionHandler.process(AbstractProtocol.java:861)
2023-02-02 23:13:21,931 ERROR [http-nio-8080-exec-9] i.g.j.c.c.c.a.ExceptionAdvice [ExceptionAdvice.java:26] org.apache.tomcat.util.net.NioEndpoint$SocketProcessor.doRun(NioEndpoint.java:1739)
2023-02-02 23:13:21,931 ERROR [http-nio-8080-exec-9] i.g.j.c.c.c.a.ExceptionAdvice [ExceptionAdvice.java:26] org.apache.tomcat.util.net.SocketProcessorBase.run(SocketProcessorBase.java:52)
2023-02-02 23:13:21,931 ERROR [http-nio-8080-exec-9] i.g.j.c.c.c.a.ExceptionAdvice [ExceptionAdvice.java:26] org.apache.tomcat.util.threads.ThreadPoolExecutor.runWorker(ThreadPoolExecutor.java:1191)
2023-02-02 23:13:21,931 ERROR [http-nio-8080-exec-9] i.g.j.c.c.c.a.ExceptionAdvice [ExceptionAdvice.java:26] org.apache.tomcat.util.threads.ThreadPoolExecutor$Worker.run(ThreadPoolExecutor.java:659)
2023-02-02 23:13:21,931 ERROR [http-nio-8080-exec-9] i.g.j.c.c.c.a.ExceptionAdvice [ExceptionAdvice.java:26] org.apache.tomcat.util.threads.TaskThread$WrappingRunnable.run(TaskThread.java:61)
2023-02-02 23:13:21,931 ERROR [http-nio-8080-exec-9] i.g.j.c.c.c.a.ExceptionAdvice [ExceptionAdvice.java:26] java.base/java.lang.Thread.run(Thread.java:833)
2023-02-02 23:13:40,627 ERROR [http-nio-8080-exec-8] i.g.j.c.c.c.a.ExceptionAdvice [ExceptionAdvice.java:24] 500: Optional int parameter 'entityId' is present but cannot be translated into a null value due to being declared as a primitive type. Consider declaring it as object wrapper for the corresponding primitive type.
2023-02-02 23:13:40,628 ERROR [http-nio-8080-exec-8] i.g.j.c.c.c.a.ExceptionAdvice [ExceptionAdvice.java:26] org.springframework.web.method.annotation.AbstractNamedValueMethodArgumentResolver.handleNullValue(AbstractNamedValueMethodArgumentResolver.java:263)
2023-02-02 23:13:40,628 ERROR [http-nio-8080-exec-8] i.g.j.c.c.c.a.ExceptionAdvice [ExceptionAdvice.java:26] org.springframework.web.method.annotation.AbstractNamedValueMethodArgumentResolver.resolveArgument(AbstractNamedValueMethodArgumentResolver.java:116)
2023-02-02 23:13:40,628 ERROR [http-nio-8080-exec-8] i.g.j.c.c.c.a.ExceptionAdvice [ExceptionAdvice.java:26] org.springframework.web.method.support.HandlerMethodArgumentResolverComposite.resolveArgument(HandlerMethodArgumentResolverComposite.java:122)
2023-02-02 23:13:40,629 ERROR [http-nio-8080-exec-8] i.g.j.c.c.c.a.ExceptionAdvice [ExceptionAdvice.java:26] org.springframework.web.method.support.InvocableHandlerMethod.getMethodArgumentValues(InvocableHandlerMethod.java:181)
2023-02-02 23:13:40,629 ERROR [http-nio-8080-exec-8] i.g.j.c.c.c.a.ExceptionAdvice [ExceptionAdvice.java:26] org.springframework.web.method.support.InvocableHandlerMethod.invokeForRequest(InvocableHandlerMethod.java:148)
2023-02-02 23:13:40,629 ERROR [http-nio-8080-exec-8] i.g.j.c.c.c.a.ExceptionAdvice [ExceptionAdvice.java:26] org.springframework.web.servlet.mvc.method.annotation.ServletInvocableHandlerMethod.invokeAndHandle(ServletInvocableHandlerMethod.java:117)
2023-02-02 23:13:40,629 ERROR [http-nio-8080-exec-8] i.g.j.c.c.c.a.ExceptionAdvice [ExceptionAdvice.java:26] org.springframework.web.servlet.mvc.method.annotation.RequestMappingHandlerAdapter.invokeHandlerMethod(RequestMappingHandlerAdapter.java:884)
2023-02-02 23:13:40,629 ERROR [http-nio-8080-exec-8] i.g.j.c.c.c.a.ExceptionAdvice [ExceptionAdvice.java:26] org.springframework.web.servlet.mvc.method.annotation.RequestMappingHandlerAdapter.handleInternal(RequestMappingHandlerAdapter.java:797)
2023-02-02 23:13:40,629 ERROR [http-nio-8080-exec-8] i.g.j.c.c.c.a.ExceptionAdvice [ExceptionAdvice.java:26] org.springframework.web.servlet.mvc.method.AbstractHandlerMethodAdapter.handle(AbstractHandlerMethodAdapter.java:87)
2023-02-02 23:13:40,629 ERROR [http-nio-8080-exec-8] i.g.j.c.c.c.a.ExceptionAdvice [ExceptionAdvice.java:26] org.springframework.web.servlet.DispatcherServlet.doDispatch(DispatcherServlet.java:1080)
2023-02-02 23:13:40,629 ERROR [http-nio-8080-exec-8] i.g.j.c.c.c.a.ExceptionAdvice [ExceptionAdvice.java:26] org.springframework.web.servlet.DispatcherServlet.doService(DispatcherServlet.java:973)
2023-02-02 23:13:40,629 ERROR [http-nio-8080-exec-8] i.g.j.c.c.c.a.ExceptionAdvice [ExceptionAdvice.java:26] org.springframework.web.servlet.FrameworkServlet.processRequest(FrameworkServlet.java:1003)
2023-02-02 23:13:40,629 ERROR [http-nio-8080-exec-8] i.g.j.c.c.c.a.ExceptionAdvice [ExceptionAdvice.java:26] org.springframework.web.servlet.FrameworkServlet.doPost(FrameworkServlet.java:906)
2023-02-02 23:13:40,629 ERROR [http-nio-8080-exec-8] i.g.j.c.c.c.a.ExceptionAdvice [ExceptionAdvice.java:26] jakarta.servlet.http.HttpServlet.service(HttpServlet.java:731)
2023-02-02 23:13:40,629 ERROR [http-nio-8080-exec-8] i.g.j.c.c.c.a.ExceptionAdvice [ExceptionAdvice.java:26] org.springframework.web.servlet.FrameworkServlet.service(FrameworkServlet.java:880)
2023-02-02 23:13:40,629 ERROR [http-nio-8080-exec-8] i.g.j.c.c.c.a.ExceptionAdvice [ExceptionAdvice.java:26] jakarta.servlet.http.HttpServlet.service(HttpServlet.java:814)
2023-02-02 23:13:40,630 ERROR [http-nio-8080-exec-8] i.g.j.c.c.c.a.ExceptionAdvice [ExceptionAdvice.java:26] org.apache.catalina.core.ApplicationFilterChain.internalDoFilter(ApplicationFilterChain.java:223)
2023-02-02 23:13:40,630 ERROR [http-nio-8080-exec-8] i.g.j.c.c.c.a.ExceptionAdvice [ExceptionAdvice.java:26] org.apache.catalina.core.ApplicationFilterChain.doFilter(ApplicationFilterChain.java:158)
2023-02-02 23:13:40,630 ERROR [http-nio-8080-exec-8] i.g.j.c.c.c.a.ExceptionAdvice [ExceptionAdvice.java:26] org.apache.tomcat.websocket.server.WsFilter.doFilter(WsFilter.java:53)
2023-02-02 23:13:40,630 ERROR [http-nio-8080-exec-8] i.g.j.c.c.c.a.ExceptionAdvice [ExceptionAdvice.java:26] org.apache.catalina.core.ApplicationFilterChain.internalDoFilter(ApplicationFilterChain.java:185)
2023-02-02 23:13:40,630 ERROR [http-nio-8080-exec-8] i.g.j.c.c.c.a.ExceptionAdvice [ExceptionAdvice.java:26] org.apache.catalina.core.ApplicationFilterChain.doFilter(ApplicationFilterChain.java:158)
2023-02-02 23:13:40,630 ERROR [http-nio-8080-exec-8] i.g.j.c.c.c.a.ExceptionAdvice [ExceptionAdvice.java:26] org.springframework.web.filter.RequestContextFilter.doFilterInternal(RequestContextFilter.java:100)
2023-02-02 23:13:40,630 ERROR [http-nio-8080-exec-8] i.g.j.c.c.c.a.ExceptionAdvice [ExceptionAdvice.java:26] org.springframework.web.filter.OncePerRequestFilter.doFilter(OncePerRequestFilter.java:116)
2023-02-02 23:13:40,630 ERROR [http-nio-8080-exec-8] i.g.j.c.c.c.a.ExceptionAdvice [ExceptionAdvice.java:26] org.apache.catalina.core.ApplicationFilterChain.internalDoFilter(ApplicationFilterChain.java:185)
2023-02-02 23:13:40,630 ERROR [http-nio-8080-exec-8] i.g.j.c.c.c.a.ExceptionAdvice [ExceptionAdvice.java:26] org.apache.catalina.core.ApplicationFilterChain.doFilter(ApplicationFilterChain.java:158)
2023-02-02 23:13:40,630 ERROR [http-nio-8080-exec-8] i.g.j.c.c.c.a.ExceptionAdvice [ExceptionAdvice.java:26] org.springframework.web.filter.FormContentFilter.doFilterInternal(FormContentFilter.java:93)
2023-02-02 23:13:40,630 ERROR [http-nio-8080-exec-8] i.g.j.c.c.c.a.ExceptionAdvice [ExceptionAdvice.java:26] org.springframework.web.filter.OncePerRequestFilter.doFilter(OncePerRequestFilter.java:116)
2023-02-02 23:13:40,630 ERROR [http-nio-8080-exec-8] i.g.j.c.c.c.a.ExceptionAdvice [ExceptionAdvice.java:26] org.apache.catalina.core.ApplicationFilterChain.internalDoFilter(ApplicationFilterChain.java:185)
2023-02-02 23:13:40,630 ERROR [http-nio-8080-exec-8] i.g.j.c.c.c.a.ExceptionAdvice [ExceptionAdvice.java:26] org.apache.catalina.core.ApplicationFilterChain.doFilter(ApplicationFilterChain.java:158)
2023-02-02 23:13:40,631 ERROR [http-nio-8080-exec-8] i.g.j.c.c.c.a.ExceptionAdvice [ExceptionAdvice.java:26] org.springframework.web.filter.CharacterEncodingFilter.doFilterInternal(CharacterEncodingFilter.java:201)
2023-02-02 23:13:40,631 ERROR [http-nio-8080-exec-8] i.g.j.c.c.c.a.ExceptionAdvice [ExceptionAdvice.java:26] org.springframework.web.filter.OncePerRequestFilter.doFilter(OncePerRequestFilter.java:116)
2023-02-02 23:13:40,631 ERROR [http-nio-8080-exec-8] i.g.j.c.c.c.a.ExceptionAdvice [ExceptionAdvice.java:26] org.apache.catalina.core.ApplicationFilterChain.internalDoFilter(ApplicationFilterChain.java:185)
2023-02-02 23:13:40,631 ERROR [http-nio-8080-exec-8] i.g.j.c.c.c.a.ExceptionAdvice [ExceptionAdvice.java:26] org.apache.catalina.core.ApplicationFilterChain.doFilter(ApplicationFilterChain.java:158)
2023-02-02 23:13:40,631 ERROR [http-nio-8080-exec-8] i.g.j.c.c.c.a.ExceptionAdvice [ExceptionAdvice.java:26] org.apache.catalina.core.StandardWrapperValve.invoke(StandardWrapperValve.java:197)
2023-02-02 23:13:40,631 ERROR [http-nio-8080-exec-8] i.g.j.c.c.c.a.ExceptionAdvice [ExceptionAdvice.java:26] org.apache.catalina.core.StandardContextValve.invoke(StandardContextValve.java:97)
2023-02-02 23:13:40,631 ERROR [http-nio-8080-exec-8] i.g.j.c.c.c.a.ExceptionAdvice [ExceptionAdvice.java:26] org.apache.catalina.authenticator.AuthenticatorBase.invoke(AuthenticatorBase.java:542)
2023-02-02 23:13:40,631 ERROR [http-nio-8080-exec-8] i.g.j.c.c.c.a.ExceptionAdvice [ExceptionAdvice.java:26] org.apache.catalina.core.StandardHostValve.invoke(StandardHostValve.java:119)
2023-02-02 23:13:40,631 ERROR [http-nio-8080-exec-8] i.g.j.c.c.c.a.ExceptionAdvice [ExceptionAdvice.java:26] org.apache.catalina.valves.ErrorReportValve.invoke(ErrorReportValve.java:92)
2023-02-02 23:13:40,631 ERROR [http-nio-8080-exec-8] i.g.j.c.c.c.a.ExceptionAdvice [ExceptionAdvice.java:26] org.apache.catalina.core.StandardEngineValve.invoke(StandardEngineValve.java:78)
2023-02-02 23:13:40,631 ERROR [http-nio-8080-exec-8] i.g.j.c.c.c.a.ExceptionAdvice [ExceptionAdvice.java:26] org.apache.catalina.connector.CoyoteAdapter.service(CoyoteAdapter.java:357)
2023-02-02 23:13:40,631 ERROR [http-nio-8080-exec-8] i.g.j.c.c.c.a.ExceptionAdvice [ExceptionAdvice.java:26] org.apache.coyote.http11.Http11Processor.service(Http11Processor.java:400)
2023-02-02 23:13:40,631 ERROR [http-nio-8080-exec-8] i.g.j.c.c.c.a.ExceptionAdvice [ExceptionAdvice.java:26] org.apache.coyote.AbstractProcessorLight.process(AbstractProcessorLight.java:65)
2023-02-02 23:13:40,632 ERROR [http-nio-8080-exec-8] i.g.j.c.c.c.a.ExceptionAdvice [ExceptionAdvice.java:26] org.apache.coyote.AbstractProtocol$ConnectionHandler.process(AbstractProtocol.java:861)
2023-02-02 23:13:40,632 ERROR [http-nio-8080-exec-8] i.g.j.c.c.c.a.ExceptionAdvice [ExceptionAdvice.java:26] org.apache.tomcat.util.net.NioEndpoint$SocketProcessor.doRun(NioEndpoint.java:1739)
2023-02-02 23:13:40,632 ERROR [http-nio-8080-exec-8] i.g.j.c.c.c.a.ExceptionAdvice [ExceptionAdvice.java:26] org.apache.tomcat.util.net.SocketProcessorBase.run(SocketProcessorBase.java:52)
2023-02-02 23:13:40,632 ERROR [http-nio-8080-exec-8] i.g.j.c.c.c.a.ExceptionAdvice [ExceptionAdvice.java:26] org.apache.tomcat.util.threads.ThreadPoolExecutor.runWorker(ThreadPoolExecutor.java:1191)
2023-02-02 23:13:40,632 ERROR [http-nio-8080-exec-8] i.g.j.c.c.c.a.ExceptionAdvice [ExceptionAdvice.java:26] org.apache.tomcat.util.threads.ThreadPoolExecutor$Worker.run(ThreadPoolExecutor.java:659)
2023-02-02 23:13:40,632 ERROR [http-nio-8080-exec-8] i.g.j.c.c.c.a.ExceptionAdvice [ExceptionAdvice.java:26] org.apache.tomcat.util.threads.TaskThread$WrappingRunnable.run(TaskThread.java:61)
2023-02-02 23:13:40,632 ERROR [http-nio-8080-exec-8] i.g.j.c.c.c.a.ExceptionAdvice [ExceptionAdvice.java:26] java.base/java.lang.Thread.run(Thread.java:833)
2023-02-02 23:23:07,089 ERROR [http-nio-8080-exec-9] i.g.j.c.c.c.a.ExceptionAdvice [ExceptionAdvice.java:24] 500: Failed to convert value of type 'java.lang.String' to required type 'int'; For input string: "my-post.html"
2023-02-02 23:23:07,089 ERROR [http-nio-8080-exec-9] i.g.j.c.c.c.a.ExceptionAdvice [ExceptionAdvice.java:26] org.springframework.web.method.annotation.AbstractNamedValueMethodArgumentResolver.resolveArgument(AbstractNamedValueMethodArgumentResolver.java:133)
2023-02-02 23:23:07,089 ERROR [http-nio-8080-exec-9] i.g.j.c.c.c.a.ExceptionAdvice [ExceptionAdvice.java:26] org.springframework.web.method.support.HandlerMethodArgumentResolverComposite.resolveArgument(HandlerMethodArgumentResolverComposite.java:122)
2023-02-02 23:23:07,090 ERROR [http-nio-8080-exec-9] i.g.j.c.c.c.a.ExceptionAdvice [ExceptionAdvice.java:26] org.springframework.web.method.support.InvocableHandlerMethod.getMethodArgumentValues(InvocableHandlerMethod.java:181)
2023-02-02 23:23:07,090 ERROR [http-nio-8080-exec-9] i.g.j.c.c.c.a.ExceptionAdvice [ExceptionAdvice.java:26] org.springframework.web.method.support.InvocableHandlerMethod.invokeForRequest(InvocableHandlerMethod.java:148)
2023-02-02 23:23:07,090 ERROR [http-nio-8080-exec-9] i.g.j.c.c.c.a.ExceptionAdvice [ExceptionAdvice.java:26] org.springframework.web.servlet.mvc.method.annotation.ServletInvocableHandlerMethod.invokeAndHandle(ServletInvocableHandlerMethod.java:117)
2023-02-02 23:23:07,090 ERROR [http-nio-8080-exec-9] i.g.j.c.c.c.a.ExceptionAdvice [ExceptionAdvice.java:26] org.springframework.web.servlet.mvc.method.annotation.RequestMappingHandlerAdapter.invokeHandlerMethod(RequestMappingHandlerAdapter.java:884)
2023-02-02 23:23:07,090 ERROR [http-nio-8080-exec-9] i.g.j.c.c.c.a.ExceptionAdvice [ExceptionAdvice.java:26] org.springframework.web.servlet.mvc.method.annotation.RequestMappingHandlerAdapter.handleInternal(RequestMappingHandlerAdapter.java:797)
2023-02-02 23:23:07,090 ERROR [http-nio-8080-exec-9] i.g.j.c.c.c.a.ExceptionAdvice [ExceptionAdvice.java:26] org.springframework.web.servlet.mvc.method.AbstractHandlerMethodAdapter.handle(AbstractHandlerMethodAdapter.java:87)
2023-02-02 23:23:07,090 ERROR [http-nio-8080-exec-9] i.g.j.c.c.c.a.ExceptionAdvice [ExceptionAdvice.java:26] org.springframework.web.servlet.DispatcherServlet.doDispatch(DispatcherServlet.java:1080)
2023-02-02 23:23:07,090 ERROR [http-nio-8080-exec-9] i.g.j.c.c.c.a.ExceptionAdvice [ExceptionAdvice.java:26] org.springframework.web.servlet.DispatcherServlet.doService(DispatcherServlet.java:973)
2023-02-02 23:23:07,090 ERROR [http-nio-8080-exec-9] i.g.j.c.c.c.a.ExceptionAdvice [ExceptionAdvice.java:26] org.springframework.web.servlet.FrameworkServlet.processRequest(FrameworkServlet.java:1003)
2023-02-02 23:23:07,090 ERROR [http-nio-8080-exec-9] i.g.j.c.c.c.a.ExceptionAdvice [ExceptionAdvice.java:26] org.springframework.web.servlet.FrameworkServlet.doGet(FrameworkServlet.java:895)
2023-02-02 23:23:07,091 ERROR [http-nio-8080-exec-9] i.g.j.c.c.c.a.ExceptionAdvice [ExceptionAdvice.java:26] jakarta.servlet.http.HttpServlet.service(HttpServlet.java:705)
2023-02-02 23:23:07,091 ERROR [http-nio-8080-exec-9] i.g.j.c.c.c.a.ExceptionAdvice [ExceptionAdvice.java:26] org.springframework.web.servlet.FrameworkServlet.service(FrameworkServlet.java:880)
2023-02-02 23:23:07,091 ERROR [http-nio-8080-exec-9] i.g.j.c.c.c.a.ExceptionAdvice [ExceptionAdvice.java:26] jakarta.servlet.http.HttpServlet.service(HttpServlet.java:814)
2023-02-02 23:23:07,091 ERROR [http-nio-8080-exec-9] i.g.j.c.c.c.a.ExceptionAdvice [ExceptionAdvice.java:26] org.apache.catalina.core.ApplicationFilterChain.internalDoFilter(ApplicationFilterChain.java:223)
2023-02-02 23:23:07,091 ERROR [http-nio-8080-exec-9] i.g.j.c.c.c.a.ExceptionAdvice [ExceptionAdvice.java:26] org.apache.catalina.core.ApplicationFilterChain.doFilter(ApplicationFilterChain.java:158)
2023-02-02 23:23:07,091 ERROR [http-nio-8080-exec-9] i.g.j.c.c.c.a.ExceptionAdvice [ExceptionAdvice.java:26] org.apache.tomcat.websocket.server.WsFilter.doFilter(WsFilter.java:53)
2023-02-02 23:23:07,091 ERROR [http-nio-8080-exec-9] i.g.j.c.c.c.a.ExceptionAdvice [ExceptionAdvice.java:26] org.apache.catalina.core.ApplicationFilterChain.internalDoFilter(ApplicationFilterChain.java:185)
2023-02-02 23:23:07,091 ERROR [http-nio-8080-exec-9] i.g.j.c.c.c.a.ExceptionAdvice [ExceptionAdvice.java:26] org.apache.catalina.core.ApplicationFilterChain.doFilter(ApplicationFilterChain.java:158)
2023-02-02 23:23:07,092 ERROR [http-nio-8080-exec-9] i.g.j.c.c.c.a.ExceptionAdvice [ExceptionAdvice.java:26] org.springframework.web.filter.RequestContextFilter.doFilterInternal(RequestContextFilter.java:100)
2023-02-02 23:23:07,092 ERROR [http-nio-8080-exec-9] i.g.j.c.c.c.a.ExceptionAdvice [ExceptionAdvice.java:26] org.springframework.web.filter.OncePerRequestFilter.doFilter(OncePerRequestFilter.java:116)
2023-02-02 23:23:07,092 ERROR [http-nio-8080-exec-9] i.g.j.c.c.c.a.ExceptionAdvice [ExceptionAdvice.java:26] org.apache.catalina.core.ApplicationFilterChain.internalDoFilter(ApplicationFilterChain.java:185)
2023-02-02 23:23:07,092 ERROR [http-nio-8080-exec-9] i.g.j.c.c.c.a.ExceptionAdvice [ExceptionAdvice.java:26] org.apache.catalina.core.ApplicationFilterChain.doFilter(ApplicationFilterChain.java:158)
2023-02-02 23:23:07,092 ERROR [http-nio-8080-exec-9] i.g.j.c.c.c.a.ExceptionAdvice [ExceptionAdvice.java:26] org.springframework.web.filter.FormContentFilter.doFilterInternal(FormContentFilter.java:93)
2023-02-02 23:23:07,092 ERROR [http-nio-8080-exec-9] i.g.j.c.c.c.a.ExceptionAdvice [ExceptionAdvice.java:26] org.springframework.web.filter.OncePerRequestFilter.doFilter(OncePerRequestFilter.java:116)
2023-02-02 23:23:07,092 ERROR [http-nio-8080-exec-9] i.g.j.c.c.c.a.ExceptionAdvice [ExceptionAdvice.java:26] org.apache.catalina.core.ApplicationFilterChain.internalDoFilter(ApplicationFilterChain.java:185)
2023-02-02 23:23:07,092 ERROR [http-nio-8080-exec-9] i.g.j.c.c.c.a.ExceptionAdvice [ExceptionAdvice.java:26] org.apache.catalina.core.ApplicationFilterChain.doFilter(ApplicationFilterChain.java:158)
2023-02-02 23:23:07,093 ERROR [http-nio-8080-exec-9] i.g.j.c.c.c.a.ExceptionAdvice [ExceptionAdvice.java:26] org.springframework.web.filter.CharacterEncodingFilter.doFilterInternal(CharacterEncodingFilter.java:201)
2023-02-02 23:23:07,093 ERROR [http-nio-8080-exec-9] i.g.j.c.c.c.a.ExceptionAdvice [ExceptionAdvice.java:26] org.springframework.web.filter.OncePerRequestFilter.doFilter(OncePerRequestFilter.java:116)
2023-02-02 23:23:07,093 ERROR [http-nio-8080-exec-9] i.g.j.c.c.c.a.ExceptionAdvice [ExceptionAdvice.java:26] org.apache.catalina.core.ApplicationFilterChain.internalDoFilter(ApplicationFilterChain.java:185)
2023-02-02 23:23:07,093 ERROR [http-nio-8080-exec-9] i.g.j.c.c.c.a.ExceptionAdvice [ExceptionAdvice.java:26] org.apache.catalina.core.ApplicationFilterChain.doFilter(ApplicationFilterChain.java:158)
2023-02-02 23:23:07,093 ERROR [http-nio-8080-exec-9] i.g.j.c.c.c.a.ExceptionAdvice [ExceptionAdvice.java:26] org.apache.catalina.core.StandardWrapperValve.invoke(StandardWrapperValve.java:197)
2023-02-02 23:23:07,093 ERROR [http-nio-8080-exec-9] i.g.j.c.c.c.a.ExceptionAdvice [ExceptionAdvice.java:26] org.apache.catalina.core.StandardContextValve.invoke(StandardContextValve.java:97)
2023-02-02 23:23:07,093 ERROR [http-nio-8080-exec-9] i.g.j.c.c.c.a.ExceptionAdvice [ExceptionAdvice.java:26] org.apache.catalina.authenticator.AuthenticatorBase.invoke(AuthenticatorBase.java:542)
2023-02-02 23:23:07,093 ERROR [http-nio-8080-exec-9] i.g.j.c.c.c.a.ExceptionAdvice [ExceptionAdvice.java:26] org.apache.catalina.core.StandardHostValve.invoke(StandardHostValve.java:119)
2023-02-02 23:23:07,093 ERROR [http-nio-8080-exec-9] i.g.j.c.c.c.a.ExceptionAdvice [ExceptionAdvice.java:26] org.apache.catalina.valves.ErrorReportValve.invoke(ErrorReportValve.java:92)
2023-02-02 23:23:07,093 ERROR [http-nio-8080-exec-9] i.g.j.c.c.c.a.ExceptionAdvice [ExceptionAdvice.java:26] org.apache.catalina.core.StandardEngineValve.invoke(StandardEngineValve.java:78)
2023-02-02 23:23:07,094 ERROR [http-nio-8080-exec-9] i.g.j.c.c.c.a.ExceptionAdvice [ExceptionAdvice.java:26] org.apache.catalina.connector.CoyoteAdapter.service(CoyoteAdapter.java:357)
2023-02-02 23:23:07,094 ERROR [http-nio-8080-exec-9] i.g.j.c.c.c.a.ExceptionAdvice [ExceptionAdvice.java:26] org.apache.coyote.http11.Http11Processor.service(Http11Processor.java:400)
2023-02-02 23:23:07,094 ERROR [http-nio-8080-exec-9] i.g.j.c.c.c.a.ExceptionAdvice [ExceptionAdvice.java:26] org.apache.coyote.AbstractProcessorLight.process(AbstractProcessorLight.java:65)
2023-02-02 23:23:07,094 ERROR [http-nio-8080-exec-9] i.g.j.c.c.c.a.ExceptionAdvice [ExceptionAdvice.java:26] org.apache.coyote.AbstractProtocol$ConnectionHandler.process(AbstractProtocol.java:861)
2023-02-02 23:23:07,094 ERROR [http-nio-8080-exec-9] i.g.j.c.c.c.a.ExceptionAdvice [ExceptionAdvice.java:26] org.apache.tomcat.util.net.NioEndpoint$SocketProcessor.doRun(NioEndpoint.java:1739)
2023-02-02 23:23:07,094 ERROR [http-nio-8080-exec-9] i.g.j.c.c.c.a.ExceptionAdvice [ExceptionAdvice.java:26] org.apache.tomcat.util.net.SocketProcessorBase.run(SocketProcessorBase.java:52)
2023-02-02 23:23:07,094 ERROR [http-nio-8080-exec-9] i.g.j.c.c.c.a.ExceptionAdvice [ExceptionAdvice.java:26] org.apache.tomcat.util.threads.ThreadPoolExecutor.runWorker(ThreadPoolExecutor.java:1191)
2023-02-02 23:23:07,094 ERROR [http-nio-8080-exec-9] i.g.j.c.c.c.a.ExceptionAdvice [ExceptionAdvice.java:26] org.apache.tomcat.util.threads.ThreadPoolExecutor$Worker.run(ThreadPoolExecutor.java:659)
2023-02-02 23:23:07,094 ERROR [http-nio-8080-exec-9] i.g.j.c.c.c.a.ExceptionAdvice [ExceptionAdvice.java:26] org.apache.tomcat.util.threads.TaskThread$WrappingRunnable.run(TaskThread.java:61)
2023-02-02 23:23:07,094 ERROR [http-nio-8080-exec-9] i.g.j.c.c.c.a.ExceptionAdvice [ExceptionAdvice.java:26] java.base/java.lang.Thread.run(Thread.java:833)
