2022-12-29 11:40:46,679 INFO [SpringApplicationShutdownHook] c.z.h.HikariDataSource [HikariDataSource.java:350] HikariPool-1 - Shutdown initiated...
2022-12-29 11:40:46,683 INFO [SpringApplicationShutdownHook] c.z.h.HikariDataSource [HikariDataSource.java:352] HikariPool-1 - Shutdown completed.
2022-12-29 11:40:50,758 INFO [restartedMain] i.g.j.c.c.CommunityApplication [StartupInfoLogger.java:51] Starting CommunityApplication using Java 17.0.1 with PID 36333 (/Users/apple/Desktop/JavaCommunity/community/target/classes started by apple in /Users/apple/Desktop/JavaCommunity/community)
2022-12-29 11:40:50,761 INFO [restartedMain] i.g.j.c.c.CommunityApplication [SpringApplication.java:630] No active profile set, falling back to 1 default profile: "default"
2022-12-29 11:40:50,811 INFO [restartedMain] o.s.b.d.e.DevToolsPropertyDefaultsPostProcessor [DeferredLog.java:250] Devtools property defaults active! Set 'spring.devtools.add-properties' to 'false' to disable
2022-12-29 11:40:50,811 INFO [restartedMain] o.s.b.d.e.DevToolsPropertyDefaultsPostProcessor [DeferredLog.java:250] For additional web related logging consider setting the 'logging.level.web' property to 'DEBUG'
2022-12-29 11:40:51,897 INFO [restartedMain] o.s.b.w.e.t.TomcatWebServer [TomcatWebServer.java:114] Tomcat initialized with port(s): 8080 (http)
2022-12-29 11:40:51,908 INFO [restartedMain] o.a.c.h.Http11NioProtocol [DirectJDKLog.java:173] Initializing ProtocolHandler ["http-nio-8080"]
2022-12-29 11:40:51,910 INFO [restartedMain] o.a.c.c.StandardService [DirectJDKLog.java:173] Starting service [Tomcat]
2022-12-29 11:40:51,910 INFO [restartedMain] o.a.c.c.StandardEngine [DirectJDKLog.java:173] Starting Servlet engine: [Apache Tomcat/10.1.1]
2022-12-29 11:40:51,995 INFO [restartedMain] o.a.c.c.C.[.[.[/community] [DirectJDKLog.java:173] Initializing Spring embedded WebApplicationContext
2022-12-29 11:40:51,996 INFO [restartedMain] o.s.b.w.s.c.ServletWebServerApplicationContext [ServletWebServerApplicationContext.java:291] Root WebApplicationContext: initialization completed in 1183 ms
2022-12-29 11:40:52,542 INFO [restartedMain] o.s.b.a.w.s.WelcomePageHandlerMapping [WelcomePageHandlerMapping.java:56] Adding welcome page template: index
2022-12-29 11:40:52,671 INFO [restartedMain] o.s.b.d.a.OptionalLiveReloadServer [OptionalLiveReloadServer.java:59] LiveReload server is running on port 35729
2022-12-29 11:40:52,680 INFO [restartedMain] o.a.c.h.Http11NioProtocol [DirectJDKLog.java:173] Starting ProtocolHandler ["http-nio-8080"]
2022-12-29 11:40:52,696 INFO [restartedMain] o.s.b.w.e.t.TomcatWebServer [TomcatWebServer.java:226] Tomcat started on port(s): 8080 (http) with context path '/community'
2022-12-29 11:40:52,704 INFO [restartedMain] i.g.j.c.c.CommunityApplication [StartupInfoLogger.java:57] Started CommunityApplication in 2.408 seconds (process running for 2.835)
2022-12-29 11:41:00,118 INFO [http-nio-8080-exec-1] o.a.c.c.C.[.[.[/community] [DirectJDKLog.java:173] Initializing Spring DispatcherServlet 'dispatcherServlet'
2022-12-29 11:41:00,119 INFO [http-nio-8080-exec-1] o.s.w.s.DispatcherServlet [FrameworkServlet.java:525] Initializing Servlet 'dispatcherServlet'
2022-12-29 11:41:00,120 INFO [http-nio-8080-exec-1] o.s.w.s.DispatcherServlet [FrameworkServlet.java:547] Completed initialization in 1 ms
2022-12-29 11:41:00,180 INFO [http-nio-8080-exec-1] c.z.h.HikariDataSource [HikariDataSource.java:110] HikariPool-1 - Starting...
2022-12-29 11:41:00,336 INFO [http-nio-8080-exec-1] c.z.h.p.HikariPool [HikariPool.java:565] HikariPool-1 - Added connection com.mysql.cj.jdbc.ConnectionImpl@25125604
2022-12-29 11:41:00,339 INFO [http-nio-8080-exec-1] c.z.h.HikariDataSource [HikariDataSource.java:123] HikariPool-1 - Start completed.
2022-12-29 11:43:33,251 INFO [SpringApplicationShutdownHook] c.z.h.HikariDataSource [HikariDataSource.java:350] HikariPool-1 - Shutdown initiated...
2022-12-29 11:43:33,261 INFO [SpringApplicationShutdownHook] c.z.h.HikariDataSource [HikariDataSource.java:352] HikariPool-1 - Shutdown completed.
2022-12-29 11:43:35,583 INFO [restartedMain] i.g.j.c.c.CommunityApplication [StartupInfoLogger.java:51] Starting CommunityApplication using Java 17.0.1 with PID 36387 (/Users/apple/Desktop/JavaCommunity/community/target/classes started by apple in /Users/apple/Desktop/JavaCommunity/community)
2022-12-29 11:43:35,585 INFO [restartedMain] i.g.j.c.c.CommunityApplication [SpringApplication.java:630] No active profile set, falling back to 1 default profile: "default"
2022-12-29 11:43:35,629 INFO [restartedMain] o.s.b.d.e.DevToolsPropertyDefaultsPostProcessor [DeferredLog.java:250] Devtools property defaults active! Set 'spring.devtools.add-properties' to 'false' to disable
2022-12-29 11:43:35,629 INFO [restartedMain] o.s.b.d.e.DevToolsPropertyDefaultsPostProcessor [DeferredLog.java:250] For additional web related logging consider setting the 'logging.level.web' property to 'DEBUG'
2022-12-29 11:43:36,739 INFO [restartedMain] o.s.b.w.e.t.TomcatWebServer [TomcatWebServer.java:114] Tomcat initialized with port(s): 8080 (http)
2022-12-29 11:43:36,747 INFO [restartedMain] o.a.c.h.Http11NioProtocol [DirectJDKLog.java:173] Initializing ProtocolHandler ["http-nio-8080"]
2022-12-29 11:43:36,748 INFO [restartedMain] o.a.c.c.StandardService [DirectJDKLog.java:173] Starting service [Tomcat]
2022-12-29 11:43:36,748 INFO [restartedMain] o.a.c.c.StandardEngine [DirectJDKLog.java:173] Starting Servlet engine: [Apache Tomcat/10.1.1]
2022-12-29 11:43:36,794 INFO [restartedMain] o.a.c.c.C.[.[.[/community] [DirectJDKLog.java:173] Initializing Spring embedded WebApplicationContext
2022-12-29 11:43:36,796 INFO [restartedMain] o.s.b.w.s.c.ServletWebServerApplicationContext [ServletWebServerApplicationContext.java:291] Root WebApplicationContext: initialization completed in 1164 ms
2022-12-29 11:43:37,253 INFO [restartedMain] o.s.b.a.w.s.WelcomePageHandlerMapping [WelcomePageHandlerMapping.java:56] Adding welcome page template: index
2022-12-29 11:43:37,374 INFO [restartedMain] o.s.b.d.a.OptionalLiveReloadServer [OptionalLiveReloadServer.java:59] LiveReload server is running on port 35729
2022-12-29 11:43:37,385 INFO [restartedMain] o.a.c.h.Http11NioProtocol [DirectJDKLog.java:173] Starting ProtocolHandler ["http-nio-8080"]
2022-12-29 11:43:37,402 INFO [restartedMain] o.s.b.w.e.t.TomcatWebServer [TomcatWebServer.java:226] Tomcat started on port(s): 8080 (http) with context path '/community'
2022-12-29 11:43:37,412 INFO [restartedMain] i.g.j.c.c.CommunityApplication [StartupInfoLogger.java:57] Started CommunityApplication in 2.242 seconds (process running for 2.674)
2022-12-29 11:43:37,985 INFO [http-nio-8080-exec-1] o.a.c.c.C.[.[.[/community] [DirectJDKLog.java:173] Initializing Spring DispatcherServlet 'dispatcherServlet'
2022-12-29 11:43:37,985 INFO [http-nio-8080-exec-1] o.s.w.s.DispatcherServlet [FrameworkServlet.java:525] Initializing Servlet 'dispatcherServlet'
2022-12-29 11:43:37,986 INFO [http-nio-8080-exec-1] o.s.w.s.DispatcherServlet [FrameworkServlet.java:547] Completed initialization in 0 ms
2022-12-29 11:43:38,041 INFO [http-nio-8080-exec-1] c.z.h.HikariDataSource [HikariDataSource.java:110] HikariPool-1 - Starting...
2022-12-29 11:43:38,176 INFO [http-nio-8080-exec-1] c.z.h.p.HikariPool [HikariPool.java:565] HikariPool-1 - Added connection com.mysql.cj.jdbc.ConnectionImpl@63a190da
2022-12-29 11:43:38,178 INFO [http-nio-8080-exec-1] c.z.h.HikariDataSource [HikariDataSource.java:123] HikariPool-1 - Start completed.
2022-12-29 11:45:29,585 INFO [SpringApplicationShutdownHook] c.z.h.HikariDataSource [HikariDataSource.java:350] HikariPool-1 - Shutdown initiated...
2022-12-29 11:45:29,593 INFO [SpringApplicationShutdownHook] c.z.h.HikariDataSource [HikariDataSource.java:352] HikariPool-1 - Shutdown completed.
2022-12-29 11:45:32,172 INFO [restartedMain] i.g.j.c.c.CommunityApplication [StartupInfoLogger.java:51] Starting CommunityApplication using Java 17.0.1 with PID 36415 (/Users/apple/Desktop/JavaCommunity/community/target/classes started by apple in /Users/apple/Desktop/JavaCommunity/community)
2022-12-29 11:45:32,175 INFO [restartedMain] i.g.j.c.c.CommunityApplication [SpringApplication.java:630] No active profile set, falling back to 1 default profile: "default"
2022-12-29 11:45:32,229 INFO [restartedMain] o.s.b.d.e.DevToolsPropertyDefaultsPostProcessor [DeferredLog.java:250] Devtools property defaults active! Set 'spring.devtools.add-properties' to 'false' to disable
2022-12-29 11:45:32,229 INFO [restartedMain] o.s.b.d.e.DevToolsPropertyDefaultsPostProcessor [DeferredLog.java:250] For additional web related logging consider setting the 'logging.level.web' property to 'DEBUG'
2022-12-29 11:45:33,517 INFO [restartedMain] o.s.b.w.e.t.TomcatWebServer [TomcatWebServer.java:114] Tomcat initialized with port(s): 8080 (http)
2022-12-29 11:45:33,529 INFO [restartedMain] o.a.c.h.Http11NioProtocol [DirectJDKLog.java:173] Initializing ProtocolHandler ["http-nio-8080"]
2022-12-29 11:45:33,531 INFO [restartedMain] o.a.c.c.StandardService [DirectJDKLog.java:173] Starting service [Tomcat]
2022-12-29 11:45:33,531 INFO [restartedMain] o.a.c.c.StandardEngine [DirectJDKLog.java:173] Starting Servlet engine: [Apache Tomcat/10.1.1]
2022-12-29 11:45:33,613 INFO [restartedMain] o.a.c.c.C.[.[.[/community] [DirectJDKLog.java:173] Initializing Spring embedded WebApplicationContext
2022-12-29 11:45:33,617 INFO [restartedMain] o.s.b.w.s.c.ServletWebServerApplicationContext [ServletWebServerApplicationContext.java:291] Root WebApplicationContext: initialization completed in 1385 ms
2022-12-29 11:45:34,449 INFO [restartedMain] o.s.b.a.w.s.WelcomePageHandlerMapping [WelcomePageHandlerMapping.java:56] Adding welcome page template: index
2022-12-29 11:45:34,619 INFO [restartedMain] o.s.b.d.a.OptionalLiveReloadServer [OptionalLiveReloadServer.java:59] LiveReload server is running on port 35729
2022-12-29 11:45:34,630 INFO [restartedMain] o.a.c.h.Http11NioProtocol [DirectJDKLog.java:173] Starting ProtocolHandler ["http-nio-8080"]
2022-12-29 11:45:34,646 INFO [restartedMain] o.s.b.w.e.t.TomcatWebServer [TomcatWebServer.java:226] Tomcat started on port(s): 8080 (http) with context path '/community'
2022-12-29 11:45:34,656 INFO [restartedMain] i.g.j.c.c.CommunityApplication [StartupInfoLogger.java:57] Started CommunityApplication in 3.068 seconds (process running for 3.527)
2022-12-29 11:45:42,291 INFO [restartedMain] i.g.j.c.c.CommunityApplication [StartupInfoLogger.java:51] Starting CommunityApplication using Java 17.0.1 with PID 36419 (/Users/apple/Desktop/JavaCommunity/community/target/classes started by apple in /Users/apple/Desktop/JavaCommunity/community)
2022-12-29 11:45:42,293 INFO [restartedMain] i.g.j.c.c.CommunityApplication [SpringApplication.java:630] No active profile set, falling back to 1 default profile: "default"
2022-12-29 11:45:42,330 INFO [restartedMain] o.s.b.d.e.DevToolsPropertyDefaultsPostProcessor [DeferredLog.java:250] Devtools property defaults active! Set 'spring.devtools.add-properties' to 'false' to disable
2022-12-29 11:45:42,330 INFO [restartedMain] o.s.b.d.e.DevToolsPropertyDefaultsPostProcessor [DeferredLog.java:250] For additional web related logging consider setting the 'logging.level.web' property to 'DEBUG'
2022-12-29 11:45:43,596 INFO [restartedMain] o.s.b.w.e.t.TomcatWebServer [TomcatWebServer.java:114] Tomcat initialized with port(s): 8080 (http)
2022-12-29 11:45:43,621 INFO [restartedMain] o.a.c.h.Http11NioProtocol [DirectJDKLog.java:173] Initializing ProtocolHandler ["http-nio-8080"]
2022-12-29 11:45:43,623 INFO [restartedMain] o.a.c.c.StandardService [DirectJDKLog.java:173] Starting service [Tomcat]
2022-12-29 11:45:43,623 INFO [restartedMain] o.a.c.c.StandardEngine [DirectJDKLog.java:173] Starting Servlet engine: [Apache Tomcat/10.1.1]
2022-12-29 11:45:43,757 INFO [restartedMain] o.a.c.c.C.[.[.[/community] [DirectJDKLog.java:173] Initializing Spring embedded WebApplicationContext
2022-12-29 11:45:43,759 INFO [restartedMain] o.s.b.w.s.c.ServletWebServerApplicationContext [ServletWebServerApplicationContext.java:291] Root WebApplicationContext: initialization completed in 1427 ms
2022-12-29 11:45:44,359 INFO [restartedMain] o.s.b.a.w.s.WelcomePageHandlerMapping [WelcomePageHandlerMapping.java:56] Adding welcome page template: index
2022-12-29 11:45:44,518 INFO [restartedMain] o.s.b.d.a.OptionalLiveReloadServer [OptionalLiveReloadServer.java:59] LiveReload server is running on port 35729
2022-12-29 11:45:44,530 INFO [restartedMain] o.a.c.h.Http11NioProtocol [DirectJDKLog.java:173] Starting ProtocolHandler ["http-nio-8080"]
2022-12-29 11:45:44,547 INFO [restartedMain] o.s.b.w.e.t.TomcatWebServer [TomcatWebServer.java:226] Tomcat started on port(s): 8080 (http) with context path '/community'
2022-12-29 11:45:44,558 INFO [restartedMain] i.g.j.c.c.CommunityApplication [StartupInfoLogger.java:57] Started CommunityApplication in 2.654 seconds (process running for 3.096)
2022-12-29 11:45:49,508 INFO [http-nio-8080-exec-1] o.a.c.c.C.[.[.[/community] [DirectJDKLog.java:173] Initializing Spring DispatcherServlet 'dispatcherServlet'
2022-12-29 11:45:49,508 INFO [http-nio-8080-exec-1] o.s.w.s.DispatcherServlet [FrameworkServlet.java:525] Initializing Servlet 'dispatcherServlet'
2022-12-29 11:45:49,509 INFO [http-nio-8080-exec-1] o.s.w.s.DispatcherServlet [FrameworkServlet.java:547] Completed initialization in 0 ms
2022-12-29 11:45:49,569 INFO [http-nio-8080-exec-1] c.z.h.HikariDataSource [HikariDataSource.java:110] HikariPool-1 - Starting...
2022-12-29 11:45:49,712 INFO [http-nio-8080-exec-1] c.z.h.p.HikariPool [HikariPool.java:565] HikariPool-1 - Added connection com.mysql.cj.jdbc.ConnectionImpl@5427e37a
2022-12-29 11:45:49,714 INFO [http-nio-8080-exec-1] c.z.h.HikariDataSource [HikariDataSource.java:123] HikariPool-1 - Start completed.
2022-12-29 11:54:44,699 INFO [SpringApplicationShutdownHook] c.z.h.HikariDataSource [HikariDataSource.java:350] HikariPool-1 - Shutdown initiated...
2022-12-29 11:54:44,707 INFO [SpringApplicationShutdownHook] c.z.h.HikariDataSource [HikariDataSource.java:352] HikariPool-1 - Shutdown completed.
2022-12-29 11:54:47,671 INFO [restartedMain] i.g.j.c.c.CommunityApplication [StartupInfoLogger.java:51] Starting CommunityApplication using Java 17.0.1 with PID 36513 (/Users/apple/Desktop/JavaCommunity/community/target/classes started by apple in /Users/apple/Desktop/JavaCommunity/community)
2022-12-29 11:54:47,678 INFO [restartedMain] i.g.j.c.c.CommunityApplication [SpringApplication.java:630] No active profile set, falling back to 1 default profile: "default"
2022-12-29 11:54:47,761 INFO [restartedMain] o.s.b.d.e.DevToolsPropertyDefaultsPostProcessor [DeferredLog.java:250] Devtools property defaults active! Set 'spring.devtools.add-properties' to 'false' to disable
2022-12-29 11:54:47,763 INFO [restartedMain] o.s.b.d.e.DevToolsPropertyDefaultsPostProcessor [DeferredLog.java:250] For additional web related logging consider setting the 'logging.level.web' property to 'DEBUG'
2022-12-29 11:54:49,064 INFO [restartedMain] o.s.b.w.e.t.TomcatWebServer [TomcatWebServer.java:114] Tomcat initialized with port(s): 8080 (http)
2022-12-29 11:54:49,077 INFO [restartedMain] o.a.c.h.Http11NioProtocol [DirectJDKLog.java:173] Initializing ProtocolHandler ["http-nio-8080"]
2022-12-29 11:54:49,078 INFO [restartedMain] o.a.c.c.StandardService [DirectJDKLog.java:173] Starting service [Tomcat]
2022-12-29 11:54:49,079 INFO [restartedMain] o.a.c.c.StandardEngine [DirectJDKLog.java:173] Starting Servlet engine: [Apache Tomcat/10.1.1]
2022-12-29 11:54:49,161 INFO [restartedMain] o.a.c.c.C.[.[.[/community] [DirectJDKLog.java:173] Initializing Spring embedded WebApplicationContext
2022-12-29 11:54:49,163 INFO [restartedMain] o.s.b.w.s.c.ServletWebServerApplicationContext [ServletWebServerApplicationContext.java:291] Root WebApplicationContext: initialization completed in 1396 ms
2022-12-29 11:54:49,671 INFO [restartedMain] o.s.b.a.w.s.WelcomePageHandlerMapping [WelcomePageHandlerMapping.java:56] Adding welcome page template: index
2022-12-29 11:54:49,851 INFO [restartedMain] o.s.b.d.a.OptionalLiveReloadServer [OptionalLiveReloadServer.java:59] LiveReload server is running on port 35729
2022-12-29 11:54:49,864 INFO [restartedMain] o.a.c.h.Http11NioProtocol [DirectJDKLog.java:173] Starting ProtocolHandler ["http-nio-8080"]
2022-12-29 11:54:49,882 INFO [restartedMain] o.s.b.w.e.t.TomcatWebServer [TomcatWebServer.java:226] Tomcat started on port(s): 8080 (http) with context path '/community'
2022-12-29 11:54:49,896 INFO [restartedMain] i.g.j.c.c.CommunityApplication [StartupInfoLogger.java:57] Started CommunityApplication in 3.087 seconds (process running for 3.628)
2022-12-29 11:54:57,281 INFO [http-nio-8080-exec-1] o.a.c.c.C.[.[.[/community] [DirectJDKLog.java:173] Initializing Spring DispatcherServlet 'dispatcherServlet'
2022-12-29 11:54:57,283 INFO [http-nio-8080-exec-1] o.s.w.s.DispatcherServlet [FrameworkServlet.java:525] Initializing Servlet 'dispatcherServlet'
2022-12-29 11:54:57,285 INFO [http-nio-8080-exec-1] o.s.w.s.DispatcherServlet [FrameworkServlet.java:547] Completed initialization in 2 ms
2022-12-29 11:54:57,350 INFO [http-nio-8080-exec-1] c.z.h.HikariDataSource [HikariDataSource.java:110] HikariPool-1 - Starting...
2022-12-29 11:54:57,503 INFO [http-nio-8080-exec-1] c.z.h.p.HikariPool [HikariPool.java:565] HikariPool-1 - Added connection com.mysql.cj.jdbc.ConnectionImpl@25125604
2022-12-29 11:54:57,506 INFO [http-nio-8080-exec-1] c.z.h.HikariDataSource [HikariDataSource.java:123] HikariPool-1 - Start completed.
2022-12-29 12:03:14,309 INFO [SpringApplicationShutdownHook] c.z.h.HikariDataSource [HikariDataSource.java:350] HikariPool-1 - Shutdown initiated...
2022-12-29 12:03:14,318 INFO [SpringApplicationShutdownHook] c.z.h.HikariDataSource [HikariDataSource.java:352] HikariPool-1 - Shutdown completed.
2022-12-29 12:03:16,467 INFO [restartedMain] i.g.j.c.c.CommunityApplication [StartupInfoLogger.java:51] Starting CommunityApplication using Java 17.0.1 with PID 36586 (/Users/apple/Desktop/JavaCommunity/community/target/classes started by apple in /Users/apple/Desktop/JavaCommunity/community)
2022-12-29 12:03:16,470 INFO [restartedMain] i.g.j.c.c.CommunityApplication [SpringApplication.java:630] No active profile set, falling back to 1 default profile: "default"
2022-12-29 12:03:16,514 INFO [restartedMain] o.s.b.d.e.DevToolsPropertyDefaultsPostProcessor [DeferredLog.java:250] Devtools property defaults active! Set 'spring.devtools.add-properties' to 'false' to disable
2022-12-29 12:03:16,515 INFO [restartedMain] o.s.b.d.e.DevToolsPropertyDefaultsPostProcessor [DeferredLog.java:250] For additional web related logging consider setting the 'logging.level.web' property to 'DEBUG'
2022-12-29 12:03:17,426 INFO [restartedMain] o.s.b.w.e.t.TomcatWebServer [TomcatWebServer.java:114] Tomcat initialized with port(s): 8080 (http)
2022-12-29 12:03:17,434 INFO [restartedMain] o.a.c.h.Http11NioProtocol [DirectJDKLog.java:173] Initializing ProtocolHandler ["http-nio-8080"]
2022-12-29 12:03:17,434 INFO [restartedMain] o.a.c.c.StandardService [DirectJDKLog.java:173] Starting service [Tomcat]
2022-12-29 12:03:17,434 INFO [restartedMain] o.a.c.c.StandardEngine [DirectJDKLog.java:173] Starting Servlet engine: [Apache Tomcat/10.1.1]
2022-12-29 12:03:17,477 INFO [restartedMain] o.a.c.c.C.[.[.[/community] [DirectJDKLog.java:173] Initializing Spring embedded WebApplicationContext
2022-12-29 12:03:17,479 INFO [restartedMain] o.s.b.w.s.c.ServletWebServerApplicationContext [ServletWebServerApplicationContext.java:291] Root WebApplicationContext: initialization completed in 963 ms
2022-12-29 12:03:17,936 INFO [restartedMain] o.s.b.a.w.s.WelcomePageHandlerMapping [WelcomePageHandlerMapping.java:56] Adding welcome page template: index
2022-12-29 12:03:18,061 INFO [restartedMain] o.s.b.d.a.OptionalLiveReloadServer [OptionalLiveReloadServer.java:59] LiveReload server is running on port 35729
2022-12-29 12:03:18,071 INFO [restartedMain] o.a.c.h.Http11NioProtocol [DirectJDKLog.java:173] Starting ProtocolHandler ["http-nio-8080"]
2022-12-29 12:03:18,083 INFO [restartedMain] o.s.b.w.e.t.TomcatWebServer [TomcatWebServer.java:226] Tomcat started on port(s): 8080 (http) with context path '/community'
2022-12-29 12:03:18,091 INFO [restartedMain] i.g.j.c.c.CommunityApplication [StartupInfoLogger.java:57] Started CommunityApplication in 2.042 seconds (process running for 2.471)
2022-12-29 12:04:52,242 INFO [restartedMain] i.g.j.c.c.CommunityApplication [StartupInfoLogger.java:51] Starting CommunityApplication using Java 17.0.1 with PID 36603 (/Users/apple/Desktop/JavaCommunity/community/target/classes started by apple in /Users/apple/Desktop/JavaCommunity/community)
2022-12-29 12:04:52,245 INFO [restartedMain] i.g.j.c.c.CommunityApplication [SpringApplication.java:630] No active profile set, falling back to 1 default profile: "default"
2022-12-29 12:04:52,293 INFO [restartedMain] o.s.b.d.e.DevToolsPropertyDefaultsPostProcessor [DeferredLog.java:250] Devtools property defaults active! Set 'spring.devtools.add-properties' to 'false' to disable
2022-12-29 12:04:52,294 INFO [restartedMain] o.s.b.d.e.DevToolsPropertyDefaultsPostProcessor [DeferredLog.java:250] For additional web related logging consider setting the 'logging.level.web' property to 'DEBUG'
2022-12-29 12:04:53,351 INFO [restartedMain] o.s.b.w.e.t.TomcatWebServer [TomcatWebServer.java:114] Tomcat initialized with port(s): 8080 (http)
2022-12-29 12:04:53,370 INFO [restartedMain] o.a.c.h.Http11NioProtocol [DirectJDKLog.java:173] Initializing ProtocolHandler ["http-nio-8080"]
2022-12-29 12:04:53,375 INFO [restartedMain] o.a.c.c.StandardService [DirectJDKLog.java:173] Starting service [Tomcat]
2022-12-29 12:04:53,376 INFO [restartedMain] o.a.c.c.StandardEngine [DirectJDKLog.java:173] Starting Servlet engine: [Apache Tomcat/10.1.1]
2022-12-29 12:04:53,492 INFO [restartedMain] o.a.c.c.C.[.[.[/community] [DirectJDKLog.java:173] Initializing Spring embedded WebApplicationContext
2022-12-29 12:04:53,494 INFO [restartedMain] o.s.b.w.s.c.ServletWebServerApplicationContext [ServletWebServerApplicationContext.java:291] Root WebApplicationContext: initialization completed in 1198 ms
2022-12-29 12:04:54,273 INFO [restartedMain] o.s.b.a.w.s.WelcomePageHandlerMapping [WelcomePageHandlerMapping.java:56] Adding welcome page template: index
2022-12-29 12:04:54,489 INFO [restartedMain] o.s.b.d.a.OptionalLiveReloadServer [OptionalLiveReloadServer.java:59] LiveReload server is running on port 35729
2022-12-29 12:04:54,514 INFO [restartedMain] o.a.c.h.Http11NioProtocol [DirectJDKLog.java:173] Starting ProtocolHandler ["http-nio-8080"]
2022-12-29 12:04:54,540 INFO [restartedMain] o.s.b.w.e.t.TomcatWebServer [TomcatWebServer.java:226] Tomcat started on port(s): 8080 (http) with context path '/community'
2022-12-29 12:04:54,557 INFO [restartedMain] i.g.j.c.c.CommunityApplication [StartupInfoLogger.java:57] Started CommunityApplication in 2.68 seconds (process running for 3.125)
2022-12-29 12:05:01,957 INFO [http-nio-8080-exec-1] o.a.c.c.C.[.[.[/community] [DirectJDKLog.java:173] Initializing Spring DispatcherServlet 'dispatcherServlet'
2022-12-29 12:05:01,959 INFO [http-nio-8080-exec-1] o.s.w.s.DispatcherServlet [FrameworkServlet.java:525] Initializing Servlet 'dispatcherServlet'
2022-12-29 12:05:01,960 INFO [http-nio-8080-exec-1] o.s.w.s.DispatcherServlet [FrameworkServlet.java:547] Completed initialization in 1 ms
2022-12-29 12:05:02,021 INFO [http-nio-8080-exec-1] c.z.h.HikariDataSource [HikariDataSource.java:110] HikariPool-1 - Starting...
2022-12-29 12:05:02,154 INFO [http-nio-8080-exec-1] c.z.h.p.HikariPool [HikariPool.java:565] HikariPool-1 - Added connection com.mysql.cj.jdbc.ConnectionImpl@667bc22a
2022-12-29 12:05:02,156 INFO [http-nio-8080-exec-1] c.z.h.HikariDataSource [HikariDataSource.java:123] HikariPool-1 - Start completed.
2022-12-29 12:06:04,972 INFO [SpringApplicationShutdownHook] c.z.h.HikariDataSource [HikariDataSource.java:350] HikariPool-1 - Shutdown initiated...
2022-12-29 12:06:04,981 INFO [SpringApplicationShutdownHook] c.z.h.HikariDataSource [HikariDataSource.java:352] HikariPool-1 - Shutdown completed.
2022-12-29 12:06:07,279 INFO [restartedMain] i.g.j.c.c.CommunityApplication [StartupInfoLogger.java:51] Starting CommunityApplication using Java 17.0.1 with PID 36623 (/Users/apple/Desktop/JavaCommunity/community/target/classes started by apple in /Users/apple/Desktop/JavaCommunity/community)
2022-12-29 12:06:07,283 INFO [restartedMain] i.g.j.c.c.CommunityApplication [SpringApplication.java:630] No active profile set, falling back to 1 default profile: "default"
2022-12-29 12:06:07,337 INFO [restartedMain] o.s.b.d.e.DevToolsPropertyDefaultsPostProcessor [DeferredLog.java:250] Devtools property defaults active! Set 'spring.devtools.add-properties' to 'false' to disable
2022-12-29 12:06:07,337 INFO [restartedMain] o.s.b.d.e.DevToolsPropertyDefaultsPostProcessor [DeferredLog.java:250] For additional web related logging consider setting the 'logging.level.web' property to 'DEBUG'
2022-12-29 12:06:08,431 INFO [restartedMain] o.s.b.w.e.t.TomcatWebServer [TomcatWebServer.java:114] Tomcat initialized with port(s): 8080 (http)
2022-12-29 12:06:08,440 INFO [restartedMain] o.a.c.h.Http11NioProtocol [DirectJDKLog.java:173] Initializing ProtocolHandler ["http-nio-8080"]
2022-12-29 12:06:08,442 INFO [restartedMain] o.a.c.c.StandardService [DirectJDKLog.java:173] Starting service [Tomcat]
2022-12-29 12:06:08,442 INFO [restartedMain] o.a.c.c.StandardEngine [DirectJDKLog.java:173] Starting Servlet engine: [Apache Tomcat/10.1.1]
2022-12-29 12:06:08,517 INFO [restartedMain] o.a.c.c.C.[.[.[/community] [DirectJDKLog.java:173] Initializing Spring embedded WebApplicationContext
2022-12-29 12:06:08,519 INFO [restartedMain] o.s.b.w.s.c.ServletWebServerApplicationContext [ServletWebServerApplicationContext.java:291] Root WebApplicationContext: initialization completed in 1179 ms
2022-12-29 12:06:09,086 INFO [restartedMain] o.s.b.a.w.s.WelcomePageHandlerMapping [WelcomePageHandlerMapping.java:56] Adding welcome page template: index
2022-12-29 12:06:09,300 INFO [restartedMain] o.s.b.d.a.OptionalLiveReloadServer [OptionalLiveReloadServer.java:59] LiveReload server is running on port 35729
2022-12-29 12:06:09,314 INFO [restartedMain] o.a.c.h.Http11NioProtocol [DirectJDKLog.java:173] Starting ProtocolHandler ["http-nio-8080"]
2022-12-29 12:06:09,332 INFO [restartedMain] o.s.b.w.e.t.TomcatWebServer [TomcatWebServer.java:226] Tomcat started on port(s): 8080 (http) with context path '/community'
2022-12-29 12:06:09,343 INFO [restartedMain] i.g.j.c.c.CommunityApplication [StartupInfoLogger.java:57] Started CommunityApplication in 2.497 seconds (process running for 2.891)
2022-12-29 12:06:10,352 INFO [http-nio-8080-exec-1] o.a.c.c.C.[.[.[/community] [DirectJDKLog.java:173] Initializing Spring DispatcherServlet 'dispatcherServlet'
2022-12-29 12:06:10,353 INFO [http-nio-8080-exec-1] o.s.w.s.DispatcherServlet [FrameworkServlet.java:525] Initializing Servlet 'dispatcherServlet'
2022-12-29 12:06:10,354 INFO [http-nio-8080-exec-1] o.s.w.s.DispatcherServlet [FrameworkServlet.java:547] Completed initialization in 1 ms
2022-12-29 12:06:10,419 INFO [http-nio-8080-exec-1] c.z.h.HikariDataSource [HikariDataSource.java:110] HikariPool-1 - Starting...
2022-12-29 12:06:10,586 INFO [http-nio-8080-exec-1] c.z.h.p.HikariPool [HikariPool.java:565] HikariPool-1 - Added connection com.mysql.cj.jdbc.ConnectionImpl@25125604
2022-12-29 12:06:10,588 INFO [http-nio-8080-exec-1] c.z.h.HikariDataSource [HikariDataSource.java:123] HikariPool-1 - Start completed.
2022-12-29 12:08:42,001 INFO [SpringApplicationShutdownHook] c.z.h.HikariDataSource [HikariDataSource.java:350] HikariPool-1 - Shutdown initiated...
2022-12-29 12:08:42,009 INFO [SpringApplicationShutdownHook] c.z.h.HikariDataSource [HikariDataSource.java:352] HikariPool-1 - Shutdown completed.
2022-12-29 12:08:44,058 INFO [restartedMain] i.g.j.c.c.CommunityApplication [StartupInfoLogger.java:51] Starting CommunityApplication using Java 17.0.1 with PID 36650 (/Users/apple/Desktop/JavaCommunity/community/target/classes started by apple in /Users/apple/Desktop/JavaCommunity/community)
2022-12-29 12:08:44,061 INFO [restartedMain] i.g.j.c.c.CommunityApplication [SpringApplication.java:630] No active profile set, falling back to 1 default profile: "default"
2022-12-29 12:08:44,106 INFO [restartedMain] o.s.b.d.e.DevToolsPropertyDefaultsPostProcessor [DeferredLog.java:250] Devtools property defaults active! Set 'spring.devtools.add-properties' to 'false' to disable
2022-12-29 12:08:44,106 INFO [restartedMain] o.s.b.d.e.DevToolsPropertyDefaultsPostProcessor [DeferredLog.java:250] For additional web related logging consider setting the 'logging.level.web' property to 'DEBUG'
2022-12-29 12:08:45,004 INFO [restartedMain] o.s.b.w.e.t.TomcatWebServer [TomcatWebServer.java:114] Tomcat initialized with port(s): 8080 (http)
2022-12-29 12:08:45,011 INFO [restartedMain] o.a.c.h.Http11NioProtocol [DirectJDKLog.java:173] Initializing ProtocolHandler ["http-nio-8080"]
2022-12-29 12:08:45,012 INFO [restartedMain] o.a.c.c.StandardService [DirectJDKLog.java:173] Starting service [Tomcat]
2022-12-29 12:08:45,012 INFO [restartedMain] o.a.c.c.StandardEngine [DirectJDKLog.java:173] Starting Servlet engine: [Apache Tomcat/10.1.1]
2022-12-29 12:08:45,059 INFO [restartedMain] o.a.c.c.C.[.[.[/community] [DirectJDKLog.java:173] Initializing Spring embedded WebApplicationContext
2022-12-29 12:08:45,061 INFO [restartedMain] o.s.b.w.s.c.ServletWebServerApplicationContext [ServletWebServerApplicationContext.java:291] Root WebApplicationContext: initialization completed in 952 ms
2022-12-29 12:08:45,538 INFO [restartedMain] o.s.b.a.w.s.WelcomePageHandlerMapping [WelcomePageHandlerMapping.java:56] Adding welcome page template: index
2022-12-29 12:08:45,689 INFO [restartedMain] o.s.b.d.a.OptionalLiveReloadServer [OptionalLiveReloadServer.java:59] LiveReload server is running on port 35729
2022-12-29 12:08:45,712 INFO [restartedMain] o.a.c.h.Http11NioProtocol [DirectJDKLog.java:173] Starting ProtocolHandler ["http-nio-8080"]
2022-12-29 12:08:45,739 INFO [restartedMain] o.s.b.w.e.t.TomcatWebServer [TomcatWebServer.java:226] Tomcat started on port(s): 8080 (http) with context path '/community'
2022-12-29 12:08:45,760 INFO [restartedMain] i.g.j.c.c.CommunityApplication [StartupInfoLogger.java:57] Started CommunityApplication in 2.135 seconds (process running for 2.504)
2022-12-29 12:08:47,397 INFO [http-nio-8080-exec-1] o.a.c.c.C.[.[.[/community] [DirectJDKLog.java:173] Initializing Spring DispatcherServlet 'dispatcherServlet'
2022-12-29 12:08:47,398 INFO [http-nio-8080-exec-1] o.s.w.s.DispatcherServlet [FrameworkServlet.java:525] Initializing Servlet 'dispatcherServlet'
2022-12-29 12:08:47,399 INFO [http-nio-8080-exec-1] o.s.w.s.DispatcherServlet [FrameworkServlet.java:547] Completed initialization in 1 ms
2022-12-29 12:08:59,982 INFO [http-nio-8080-exec-1] c.z.h.HikariDataSource [HikariDataSource.java:110] HikariPool-1 - Starting...
2022-12-29 12:09:00,096 INFO [http-nio-8080-exec-1] c.z.h.p.HikariPool [HikariPool.java:565] HikariPool-1 - Added connection com.mysql.cj.jdbc.ConnectionImpl@5df298d5
2022-12-29 12:09:00,097 INFO [http-nio-8080-exec-1] c.z.h.HikariDataSource [HikariDataSource.java:123] HikariPool-1 - Start completed.
2022-12-29 12:12:30,105 INFO [SpringApplicationShutdownHook] c.z.h.HikariDataSource [HikariDataSource.java:350] HikariPool-1 - Shutdown initiated...
2022-12-29 12:12:30,115 INFO [SpringApplicationShutdownHook] c.z.h.HikariDataSource [HikariDataSource.java:352] HikariPool-1 - Shutdown completed.
2022-12-29 12:12:32,699 INFO [restartedMain] i.g.j.c.c.CommunityApplication [StartupInfoLogger.java:51] Starting CommunityApplication using Java 17.0.1 with PID 36699 (/Users/apple/Desktop/JavaCommunity/community/target/classes started by apple in /Users/apple/Desktop/JavaCommunity/community)
2022-12-29 12:12:32,703 INFO [restartedMain] i.g.j.c.c.CommunityApplication [SpringApplication.java:630] No active profile set, falling back to 1 default profile: "default"
2022-12-29 12:12:32,787 INFO [restartedMain] o.s.b.d.e.DevToolsPropertyDefaultsPostProcessor [DeferredLog.java:250] Devtools property defaults active! Set 'spring.devtools.add-properties' to 'false' to disable
2022-12-29 12:12:32,787 INFO [restartedMain] o.s.b.d.e.DevToolsPropertyDefaultsPostProcessor [DeferredLog.java:250] For additional web related logging consider setting the 'logging.level.web' property to 'DEBUG'
2022-12-29 12:12:34,131 INFO [restartedMain] o.s.b.w.e.t.TomcatWebServer [TomcatWebServer.java:114] Tomcat initialized with port(s): 8080 (http)
2022-12-29 12:12:34,143 INFO [restartedMain] o.a.c.h.Http11NioProtocol [DirectJDKLog.java:173] Initializing ProtocolHandler ["http-nio-8080"]
2022-12-29 12:12:34,145 INFO [restartedMain] o.a.c.c.StandardService [DirectJDKLog.java:173] Starting service [Tomcat]
2022-12-29 12:12:34,145 INFO [restartedMain] o.a.c.c.StandardEngine [DirectJDKLog.java:173] Starting Servlet engine: [Apache Tomcat/10.1.1]
2022-12-29 12:12:34,222 INFO [restartedMain] o.a.c.c.C.[.[.[/community] [DirectJDKLog.java:173] Initializing Spring embedded WebApplicationContext
2022-12-29 12:12:34,233 INFO [restartedMain] o.s.b.w.s.c.ServletWebServerApplicationContext [ServletWebServerApplicationContext.java:291] Root WebApplicationContext: initialization completed in 1443 ms
2022-12-29 12:12:35,049 INFO [restartedMain] o.s.b.a.w.s.WelcomePageHandlerMapping [WelcomePageHandlerMapping.java:56] Adding welcome page template: index
2022-12-29 12:12:35,462 INFO [restartedMain] o.s.b.d.a.OptionalLiveReloadServer [OptionalLiveReloadServer.java:59] LiveReload server is running on port 35729
2022-12-29 12:12:35,493 INFO [restartedMain] o.a.c.h.Http11NioProtocol [DirectJDKLog.java:173] Starting ProtocolHandler ["http-nio-8080"]
2022-12-29 12:12:35,522 INFO [restartedMain] o.s.b.w.e.t.TomcatWebServer [TomcatWebServer.java:226] Tomcat started on port(s): 8080 (http) with context path '/community'
2022-12-29 12:12:35,543 INFO [restartedMain] i.g.j.c.c.CommunityApplication [StartupInfoLogger.java:57] Started CommunityApplication in 3.669 seconds (process running for 4.143)
2022-12-29 12:12:35,917 INFO [http-nio-8080-exec-1] o.a.c.c.C.[.[.[/community] [DirectJDKLog.java:173] Initializing Spring DispatcherServlet 'dispatcherServlet'
2022-12-29 12:12:35,918 INFO [http-nio-8080-exec-1] o.s.w.s.DispatcherServlet [FrameworkServlet.java:525] Initializing Servlet 'dispatcherServlet'
2022-12-29 12:12:35,922 INFO [http-nio-8080-exec-1] o.s.w.s.DispatcherServlet [FrameworkServlet.java:547] Completed initialization in 1 ms
2022-12-29 12:12:35,993 INFO [http-nio-8080-exec-1] c.z.h.HikariDataSource [HikariDataSource.java:110] HikariPool-1 - Starting...
2022-12-29 12:12:36,159 INFO [http-nio-8080-exec-1] c.z.h.p.HikariPool [HikariPool.java:565] HikariPool-1 - Added connection com.mysql.cj.jdbc.ConnectionImpl@667bc22a
2022-12-29 12:12:36,161 INFO [http-nio-8080-exec-1] c.z.h.HikariDataSource [HikariDataSource.java:123] HikariPool-1 - Start completed.
2022-12-29 12:13:32,115 INFO [SpringApplicationShutdownHook] c.z.h.HikariDataSource [HikariDataSource.java:350] HikariPool-1 - Shutdown initiated...
2022-12-29 12:13:32,122 INFO [SpringApplicationShutdownHook] c.z.h.HikariDataSource [HikariDataSource.java:352] HikariPool-1 - Shutdown completed.
2022-12-29 12:13:33,614 INFO [restartedMain] i.g.j.c.c.CommunityApplication [StartupInfoLogger.java:51] Starting CommunityApplication using Java 17.0.1 with PID 36713 (/Users/apple/Desktop/JavaCommunity/community/target/classes started by apple in /Users/apple/Desktop/JavaCommunity/community)
2022-12-29 12:13:33,617 INFO [restartedMain] i.g.j.c.c.CommunityApplication [SpringApplication.java:630] No active profile set, falling back to 1 default profile: "default"
2022-12-29 12:13:33,656 INFO [restartedMain] o.s.b.d.e.DevToolsPropertyDefaultsPostProcessor [DeferredLog.java:250] Devtools property defaults active! Set 'spring.devtools.add-properties' to 'false' to disable
2022-12-29 12:13:33,656 INFO [restartedMain] o.s.b.d.e.DevToolsPropertyDefaultsPostProcessor [DeferredLog.java:250] For additional web related logging consider setting the 'logging.level.web' property to 'DEBUG'
2022-12-29 12:13:34,642 INFO [restartedMain] o.s.b.w.e.t.TomcatWebServer [TomcatWebServer.java:114] Tomcat initialized with port(s): 8080 (http)
2022-12-29 12:13:34,649 INFO [restartedMain] o.a.c.h.Http11NioProtocol [DirectJDKLog.java:173] Initializing ProtocolHandler ["http-nio-8080"]
2022-12-29 12:13:34,650 INFO [restartedMain] o.a.c.c.StandardService [DirectJDKLog.java:173] Starting service [Tomcat]
2022-12-29 12:13:34,650 INFO [restartedMain] o.a.c.c.StandardEngine [DirectJDKLog.java:173] Starting Servlet engine: [Apache Tomcat/10.1.1]
2022-12-29 12:13:34,696 INFO [restartedMain] o.a.c.c.C.[.[.[/community] [DirectJDKLog.java:173] Initializing Spring embedded WebApplicationContext
2022-12-29 12:13:34,698 INFO [restartedMain] o.s.b.w.s.c.ServletWebServerApplicationContext [ServletWebServerApplicationContext.java:291] Root WebApplicationContext: initialization completed in 1040 ms
2022-12-29 12:13:35,384 INFO [restartedMain] o.s.b.a.w.s.WelcomePageHandlerMapping [WelcomePageHandlerMapping.java:56] Adding welcome page template: index
2022-12-29 12:13:35,592 INFO [restartedMain] o.s.b.d.a.OptionalLiveReloadServer [OptionalLiveReloadServer.java:59] LiveReload server is running on port 35729
2022-12-29 12:13:35,616 INFO [restartedMain] o.a.c.h.Http11NioProtocol [DirectJDKLog.java:173] Starting ProtocolHandler ["http-nio-8080"]
2022-12-29 12:13:35,637 INFO [restartedMain] o.s.b.w.e.t.TomcatWebServer [TomcatWebServer.java:226] Tomcat started on port(s): 8080 (http) with context path '/community'
2022-12-29 12:13:35,648 INFO [restartedMain] i.g.j.c.c.CommunityApplication [StartupInfoLogger.java:57] Started CommunityApplication in 2.437 seconds (process running for 2.872)
2022-12-29 12:13:41,419 INFO [http-nio-8080-exec-1] o.a.c.c.C.[.[.[/community] [DirectJDKLog.java:173] Initializing Spring DispatcherServlet 'dispatcherServlet'
2022-12-29 12:13:41,420 INFO [http-nio-8080-exec-1] o.s.w.s.DispatcherServlet [FrameworkServlet.java:525] Initializing Servlet 'dispatcherServlet'
2022-12-29 12:13:41,424 INFO [http-nio-8080-exec-1] o.s.w.s.DispatcherServlet [FrameworkServlet.java:547] Completed initialization in 4 ms
2022-12-29 12:13:41,491 INFO [http-nio-8080-exec-1] c.z.h.HikariDataSource [HikariDataSource.java:110] HikariPool-1 - Starting...
2022-12-29 12:13:41,635 INFO [http-nio-8080-exec-1] c.z.h.p.HikariPool [HikariPool.java:565] HikariPool-1 - Added connection com.mysql.cj.jdbc.ConnectionImpl@25125604
2022-12-29 12:13:41,637 INFO [http-nio-8080-exec-1] c.z.h.HikariDataSource [HikariDataSource.java:123] HikariPool-1 - Start completed.
2022-12-29 12:14:53,000 INFO [SpringApplicationShutdownHook] c.z.h.HikariDataSource [HikariDataSource.java:350] HikariPool-1 - Shutdown initiated...
2022-12-29 12:14:53,009 INFO [SpringApplicationShutdownHook] c.z.h.HikariDataSource [HikariDataSource.java:352] HikariPool-1 - Shutdown completed.
2022-12-29 12:14:55,680 INFO [restartedMain] i.g.j.c.c.CommunityApplication [StartupInfoLogger.java:51] Starting CommunityApplication using Java 17.0.1 with PID 36746 (/Users/apple/Desktop/JavaCommunity/community/target/classes started by apple in /Users/apple/Desktop/JavaCommunity/community)
2022-12-29 12:14:55,684 INFO [restartedMain] i.g.j.c.c.CommunityApplication [SpringApplication.java:630] No active profile set, falling back to 1 default profile: "default"
2022-12-29 12:14:55,738 INFO [restartedMain] o.s.b.d.e.DevToolsPropertyDefaultsPostProcessor [DeferredLog.java:250] Devtools property defaults active! Set 'spring.devtools.add-properties' to 'false' to disable
2022-12-29 12:14:55,739 INFO [restartedMain] o.s.b.d.e.DevToolsPropertyDefaultsPostProcessor [DeferredLog.java:250] For additional web related logging consider setting the 'logging.level.web' property to 'DEBUG'
2022-12-29 12:14:57,106 INFO [restartedMain] o.s.b.w.e.t.TomcatWebServer [TomcatWebServer.java:114] Tomcat initialized with port(s): 8080 (http)
2022-12-29 12:14:57,115 INFO [restartedMain] o.a.c.h.Http11NioProtocol [DirectJDKLog.java:173] Initializing ProtocolHandler ["http-nio-8080"]
2022-12-29 12:14:57,116 INFO [restartedMain] o.a.c.c.StandardService [DirectJDKLog.java:173] Starting service [Tomcat]
2022-12-29 12:14:57,116 INFO [restartedMain] o.a.c.c.StandardEngine [DirectJDKLog.java:173] Starting Servlet engine: [Apache Tomcat/10.1.1]
2022-12-29 12:14:57,174 INFO [restartedMain] o.a.c.c.C.[.[.[/community] [DirectJDKLog.java:173] Initializing Spring embedded WebApplicationContext
2022-12-29 12:14:57,181 INFO [restartedMain] o.s.b.w.s.c.ServletWebServerApplicationContext [ServletWebServerApplicationContext.java:291] Root WebApplicationContext: initialization completed in 1434 ms
2022-12-29 12:14:57,616 INFO [restartedMain] o.s.b.a.w.s.WelcomePageHandlerMapping [WelcomePageHandlerMapping.java:56] Adding welcome page template: index
2022-12-29 12:14:57,787 INFO [restartedMain] o.s.b.d.a.OptionalLiveReloadServer [OptionalLiveReloadServer.java:59] LiveReload server is running on port 35729
2022-12-29 12:14:57,804 INFO [restartedMain] o.a.c.h.Http11NioProtocol [DirectJDKLog.java:173] Starting ProtocolHandler ["http-nio-8080"]
2022-12-29 12:14:57,821 INFO [restartedMain] o.s.b.w.e.t.TomcatWebServer [TomcatWebServer.java:226] Tomcat started on port(s): 8080 (http) with context path '/community'
2022-12-29 12:14:57,833 INFO [restartedMain] i.g.j.c.c.CommunityApplication [StartupInfoLogger.java:57] Started CommunityApplication in 2.75 seconds (process running for 3.18)
2022-12-29 12:15:05,586 INFO [http-nio-8080-exec-1] o.a.c.c.C.[.[.[/community] [DirectJDKLog.java:173] Initializing Spring DispatcherServlet 'dispatcherServlet'
2022-12-29 12:15:05,587 INFO [http-nio-8080-exec-1] o.s.w.s.DispatcherServlet [FrameworkServlet.java:525] Initializing Servlet 'dispatcherServlet'
2022-12-29 12:15:05,588 INFO [http-nio-8080-exec-1] o.s.w.s.DispatcherServlet [FrameworkServlet.java:547] Completed initialization in 1 ms
2022-12-29 12:15:05,655 INFO [http-nio-8080-exec-1] c.z.h.HikariDataSource [HikariDataSource.java:110] HikariPool-1 - Starting...
2022-12-29 12:15:05,797 INFO [http-nio-8080-exec-1] c.z.h.p.HikariPool [HikariPool.java:565] HikariPool-1 - Added connection com.mysql.cj.jdbc.ConnectionImpl@4c243ee0
2022-12-29 12:15:05,799 INFO [http-nio-8080-exec-1] c.z.h.HikariDataSource [HikariDataSource.java:123] HikariPool-1 - Start completed.
2022-12-29 13:33:38,230 INFO [SpringApplicationShutdownHook] c.z.h.HikariDataSource [HikariDataSource.java:350] HikariPool-1 - Shutdown initiated...
2022-12-29 13:33:38,233 INFO [SpringApplicationShutdownHook] c.z.h.HikariDataSource [HikariDataSource.java:352] HikariPool-1 - Shutdown completed.
2022-12-29 13:33:41,224 INFO [restartedMain] i.g.j.c.c.CommunityApplication [StartupInfoLogger.java:51] Starting CommunityApplication using Java 17.0.1 with PID 37166 (/Users/apple/Desktop/JavaCommunity/community/target/classes started by apple in /Users/apple/Desktop/JavaCommunity/community)
2022-12-29 13:33:41,227 INFO [restartedMain] i.g.j.c.c.CommunityApplication [SpringApplication.java:630] No active profile set, falling back to 1 default profile: "default"
2022-12-29 13:33:41,270 INFO [restartedMain] o.s.b.d.e.DevToolsPropertyDefaultsPostProcessor [DeferredLog.java:250] Devtools property defaults active! Set 'spring.devtools.add-properties' to 'false' to disable
2022-12-29 13:33:41,271 INFO [restartedMain] o.s.b.d.e.DevToolsPropertyDefaultsPostProcessor [DeferredLog.java:250] For additional web related logging consider setting the 'logging.level.web' property to 'DEBUG'
2022-12-29 13:33:42,673 INFO [restartedMain] o.s.b.w.e.t.TomcatWebServer [TomcatWebServer.java:114] Tomcat initialized with port(s): 8080 (http)
2022-12-29 13:33:42,682 INFO [restartedMain] o.a.c.h.Http11NioProtocol [DirectJDKLog.java:173] Initializing ProtocolHandler ["http-nio-8080"]
2022-12-29 13:33:42,683 INFO [restartedMain] o.a.c.c.StandardService [DirectJDKLog.java:173] Starting service [Tomcat]
2022-12-29 13:33:42,683 INFO [restartedMain] o.a.c.c.StandardEngine [DirectJDKLog.java:173] Starting Servlet engine: [Apache Tomcat/10.1.1]
2022-12-29 13:33:42,731 INFO [restartedMain] o.a.c.c.C.[.[.[/community] [DirectJDKLog.java:173] Initializing Spring embedded WebApplicationContext
2022-12-29 13:33:42,733 INFO [restartedMain] o.s.b.w.s.c.ServletWebServerApplicationContext [ServletWebServerApplicationContext.java:291] Root WebApplicationContext: initialization completed in 1459 ms
2022-12-29 13:33:43,199 INFO [restartedMain] o.s.b.a.w.s.WelcomePageHandlerMapping [WelcomePageHandlerMapping.java:56] Adding welcome page template: index
2022-12-29 13:33:43,325 INFO [restartedMain] o.s.b.d.a.OptionalLiveReloadServer [OptionalLiveReloadServer.java:59] LiveReload server is running on port 35729
2022-12-29 13:33:43,337 INFO [restartedMain] o.a.c.h.Http11NioProtocol [DirectJDKLog.java:173] Starting ProtocolHandler ["http-nio-8080"]
2022-12-29 13:33:43,349 INFO [restartedMain] o.s.b.w.e.t.TomcatWebServer [TomcatWebServer.java:226] Tomcat started on port(s): 8080 (http) with context path '/community'
2022-12-29 13:33:43,357 INFO [restartedMain] i.g.j.c.c.CommunityApplication [StartupInfoLogger.java:57] Started CommunityApplication in 2.815 seconds (process running for 3.462)
2022-12-29 13:33:51,644 INFO [http-nio-8080-exec-1] o.a.c.c.C.[.[.[/community] [DirectJDKLog.java:173] Initializing Spring DispatcherServlet 'dispatcherServlet'
2022-12-29 13:33:51,645 INFO [http-nio-8080-exec-1] o.s.w.s.DispatcherServlet [FrameworkServlet.java:525] Initializing Servlet 'dispatcherServlet'
2022-12-29 13:33:51,647 INFO [http-nio-8080-exec-1] o.s.w.s.DispatcherServlet [FrameworkServlet.java:547] Completed initialization in 2 ms
2022-12-29 13:34:06,017 INFO [http-nio-8080-exec-9] c.z.h.HikariDataSource [HikariDataSource.java:110] HikariPool-1 - Starting...
2022-12-29 13:34:06,148 INFO [http-nio-8080-exec-9] c.z.h.p.HikariPool [HikariPool.java:565] HikariPool-1 - Added connection com.mysql.cj.jdbc.ConnectionImpl@53c2e380
2022-12-29 13:34:06,150 INFO [http-nio-8080-exec-9] c.z.h.HikariDataSource [HikariDataSource.java:123] HikariPool-1 - Start completed.
