2022-12-31 11:14:01,025 INFO [restartedMain] i.g.j.c.c.CommunityApplication [StartupInfoLogger.java:51] Starting CommunityApplication using Java 17.0.1 with PID 55895 (/Users/apple/Desktop/JavaCommunity/community/target/classes started by apple in /Users/apple/Desktop/JavaCommunity/community)
2022-12-31 11:14:01,050 INFO [restartedMain] i.g.j.c.c.CommunityApplication [SpringApplication.java:630] No active profile set, falling back to 1 default profile: "default"
2022-12-31 11:14:01,193 INFO [restartedMain] o.s.b.d.e.DevToolsPropertyDefaultsPostProcessor [DeferredLog.java:250] Devtools property defaults active! Set 'spring.devtools.add-properties' to 'false' to disable
2022-12-31 11:14:01,194 INFO [restartedMain] o.s.b.d.e.DevToolsPropertyDefaultsPostProcessor [DeferredLog.java:250] For additional web related logging consider setting the 'logging.level.web' property to 'DEBUG'
2022-12-31 11:14:02,460 INFO [restartedMain] o.s.b.w.e.t.TomcatWebServer [TomcatWebServer.java:114] Tomcat initialized with port(s): 8080 (http)
2022-12-31 11:14:02,480 INFO [restartedMain] o.a.c.h.Http11NioProtocol [DirectJDKLog.java:173] Initializing ProtocolHandler ["http-nio-8080"]
2022-12-31 11:14:02,481 INFO [restartedMain] o.a.c.c.StandardService [DirectJDKLog.java:173] Starting service [Tomcat]
2022-12-31 11:14:02,482 INFO [restartedMain] o.a.c.c.StandardEngine [DirectJDKLog.java:173] Starting Servlet engine: [Apache Tomcat/10.1.1]
2022-12-31 11:14:02,550 INFO [restartedMain] o.a.c.c.C.[.[.[/community] [DirectJDKLog.java:173] Initializing Spring embedded WebApplicationContext
2022-12-31 11:14:02,557 INFO [restartedMain] o.s.b.w.s.c.ServletWebServerApplicationContext [ServletWebServerApplicationContext.java:291] Root WebApplicationContext: initialization completed in 1355 ms
2022-12-31 11:14:03,414 INFO [restartedMain] o.s.b.a.w.s.WelcomePageHandlerMapping [WelcomePageHandlerMapping.java:56] Adding welcome page template: index
2022-12-31 11:14:03,603 INFO [restartedMain] o.s.b.d.a.OptionalLiveReloadServer [OptionalLiveReloadServer.java:59] LiveReload server is running on port 35729
2022-12-31 11:14:03,621 INFO [restartedMain] o.a.c.h.Http11NioProtocol [DirectJDKLog.java:173] Starting ProtocolHandler ["http-nio-8080"]
2022-12-31 11:14:03,654 INFO [restartedMain] o.s.b.w.e.t.TomcatWebServer [TomcatWebServer.java:226] Tomcat started on port(s): 8080 (http) with context path '/community'
2022-12-31 11:14:03,670 INFO [restartedMain] i.g.j.c.c.CommunityApplication [StartupInfoLogger.java:57] Started CommunityApplication in 3.278 seconds (process running for 3.8)
2022-12-31 11:14:21,772 INFO [http-nio-8080-exec-1] o.a.c.c.C.[.[.[/community] [DirectJDKLog.java:173] Initializing Spring DispatcherServlet 'dispatcherServlet'
2022-12-31 11:14:21,773 INFO [http-nio-8080-exec-1] o.s.w.s.DispatcherServlet [FrameworkServlet.java:525] Initializing Servlet 'dispatcherServlet'
2022-12-31 11:14:21,775 INFO [http-nio-8080-exec-1] o.s.w.s.DispatcherServlet [FrameworkServlet.java:547] Completed initialization in 0 ms
2022-12-31 11:14:21,864 INFO [http-nio-8080-exec-1] c.z.h.HikariDataSource [HikariDataSource.java:110] HikariPool-1 - Starting...
2022-12-31 11:14:22,076 INFO [http-nio-8080-exec-1] c.z.h.p.HikariPool [HikariPool.java:565] HikariPool-1 - Added connection com.mysql.cj.jdbc.ConnectionImpl@e74a4c2
2022-12-31 11:14:22,078 INFO [http-nio-8080-exec-1] c.z.h.HikariDataSource [HikariDataSource.java:123] HikariPool-1 - Start completed.
2022-12-31 11:17:26,154 INFO [SpringApplicationShutdownHook] c.z.h.HikariDataSource [HikariDataSource.java:350] HikariPool-1 - Shutdown initiated...
2022-12-31 11:17:26,172 INFO [SpringApplicationShutdownHook] c.z.h.HikariDataSource [HikariDataSource.java:352] HikariPool-1 - Shutdown completed.
2022-12-31 11:17:28,655 INFO [restartedMain] i.g.j.c.c.CommunityApplication [StartupInfoLogger.java:51] Starting CommunityApplication using Java 17.0.1 with PID 55952 (/Users/apple/Desktop/JavaCommunity/community/target/classes started by apple in /Users/apple/Desktop/JavaCommunity/community)
2022-12-31 11:17:28,657 INFO [restartedMain] i.g.j.c.c.CommunityApplication [SpringApplication.java:630] No active profile set, falling back to 1 default profile: "default"
2022-12-31 11:17:28,707 INFO [restartedMain] o.s.b.d.e.DevToolsPropertyDefaultsPostProcessor [DeferredLog.java:250] Devtools property defaults active! Set 'spring.devtools.add-properties' to 'false' to disable
2022-12-31 11:17:28,708 INFO [restartedMain] o.s.b.d.e.DevToolsPropertyDefaultsPostProcessor [DeferredLog.java:250] For additional web related logging consider setting the 'logging.level.web' property to 'DEBUG'
2022-12-31 11:17:29,758 INFO [restartedMain] o.s.b.w.e.t.TomcatWebServer [TomcatWebServer.java:114] Tomcat initialized with port(s): 8080 (http)
2022-12-31 11:17:29,767 INFO [restartedMain] o.a.c.h.Http11NioProtocol [DirectJDKLog.java:173] Initializing ProtocolHandler ["http-nio-8080"]
2022-12-31 11:17:29,768 INFO [restartedMain] o.a.c.c.StandardService [DirectJDKLog.java:173] Starting service [Tomcat]
2022-12-31 11:17:29,768 INFO [restartedMain] o.a.c.c.StandardEngine [DirectJDKLog.java:173] Starting Servlet engine: [Apache Tomcat/10.1.1]
2022-12-31 11:17:29,816 INFO [restartedMain] o.a.c.c.C.[.[.[/community] [DirectJDKLog.java:173] Initializing Spring embedded WebApplicationContext
2022-12-31 11:17:29,818 INFO [restartedMain] o.s.b.w.s.c.ServletWebServerApplicationContext [ServletWebServerApplicationContext.java:291] Root WebApplicationContext: initialization completed in 1108 ms
2022-12-31 11:17:30,443 INFO [restartedMain] o.s.b.a.w.s.WelcomePageHandlerMapping [WelcomePageHandlerMapping.java:56] Adding welcome page template: index
2022-12-31 11:17:30,581 INFO [restartedMain] o.s.b.d.a.OptionalLiveReloadServer [OptionalLiveReloadServer.java:59] LiveReload server is running on port 35729
2022-12-31 11:17:30,592 INFO [restartedMain] o.a.c.h.Http11NioProtocol [DirectJDKLog.java:173] Starting ProtocolHandler ["http-nio-8080"]
2022-12-31 11:17:30,608 INFO [restartedMain] o.s.b.w.e.t.TomcatWebServer [TomcatWebServer.java:226] Tomcat started on port(s): 8080 (http) with context path '/community'
2022-12-31 11:17:30,616 INFO [restartedMain] i.g.j.c.c.CommunityApplication [StartupInfoLogger.java:57] Started CommunityApplication in 2.379 seconds (process running for 2.831)
2022-12-31 11:17:36,922 INFO [http-nio-8080-exec-1] o.a.c.c.C.[.[.[/community] [DirectJDKLog.java:173] Initializing Spring DispatcherServlet 'dispatcherServlet'
2022-12-31 11:17:36,922 INFO [http-nio-8080-exec-1] o.s.w.s.DispatcherServlet [FrameworkServlet.java:525] Initializing Servlet 'dispatcherServlet'
2022-12-31 11:17:36,923 INFO [http-nio-8080-exec-1] o.s.w.s.DispatcherServlet [FrameworkServlet.java:547] Completed initialization in 1 ms
2022-12-31 11:20:32,473 INFO [restartedMain] i.g.j.c.c.CommunityApplication [StartupInfoLogger.java:51] Starting CommunityApplication using Java 17.0.1 with PID 56017 (/Users/apple/Desktop/JavaCommunity/community/target/classes started by apple in /Users/apple/Desktop/JavaCommunity/community)
2022-12-31 11:20:32,475 INFO [restartedMain] i.g.j.c.c.CommunityApplication [SpringApplication.java:630] No active profile set, falling back to 1 default profile: "default"
2022-12-31 11:20:32,522 INFO [restartedMain] o.s.b.d.e.DevToolsPropertyDefaultsPostProcessor [DeferredLog.java:250] Devtools property defaults active! Set 'spring.devtools.add-properties' to 'false' to disable
2022-12-31 11:20:32,522 INFO [restartedMain] o.s.b.d.e.DevToolsPropertyDefaultsPostProcessor [DeferredLog.java:250] For additional web related logging consider setting the 'logging.level.web' property to 'DEBUG'
2022-12-31 11:20:33,455 INFO [restartedMain] o.s.b.w.e.t.TomcatWebServer [TomcatWebServer.java:114] Tomcat initialized with port(s): 8080 (http)
2022-12-31 11:20:33,478 INFO [restartedMain] o.a.c.h.Http11NioProtocol [DirectJDKLog.java:173] Initializing ProtocolHandler ["http-nio-8080"]
2022-12-31 11:20:33,479 INFO [restartedMain] o.a.c.c.StandardService [DirectJDKLog.java:173] Starting service [Tomcat]
2022-12-31 11:20:33,479 INFO [restartedMain] o.a.c.c.StandardEngine [DirectJDKLog.java:173] Starting Servlet engine: [Apache Tomcat/10.1.1]
2022-12-31 11:20:33,526 INFO [restartedMain] o.a.c.c.C.[.[.[/community] [DirectJDKLog.java:173] Initializing Spring embedded WebApplicationContext
2022-12-31 11:20:33,528 INFO [restartedMain] o.s.b.w.s.c.ServletWebServerApplicationContext [ServletWebServerApplicationContext.java:291] Root WebApplicationContext: initialization completed in 1003 ms
2022-12-31 11:20:34,026 INFO [restartedMain] o.s.b.a.w.s.WelcomePageHandlerMapping [WelcomePageHandlerMapping.java:56] Adding welcome page template: index
2022-12-31 11:20:34,156 INFO [restartedMain] o.s.b.d.a.OptionalLiveReloadServer [OptionalLiveReloadServer.java:59] LiveReload server is running on port 35729
2022-12-31 11:20:34,167 INFO [restartedMain] o.a.c.h.Http11NioProtocol [DirectJDKLog.java:173] Starting ProtocolHandler ["http-nio-8080"]
2022-12-31 11:20:34,180 INFO [restartedMain] o.s.b.w.e.t.TomcatWebServer [TomcatWebServer.java:226] Tomcat started on port(s): 8080 (http) with context path '/community'
2022-12-31 11:20:34,187 INFO [restartedMain] i.g.j.c.c.CommunityApplication [StartupInfoLogger.java:57] Started CommunityApplication in 2.145 seconds (process running for 2.629)
2022-12-31 11:20:41,118 INFO [http-nio-8080-exec-1] o.a.c.c.C.[.[.[/community] [DirectJDKLog.java:173] Initializing Spring DispatcherServlet 'dispatcherServlet'
2022-12-31 11:20:41,118 INFO [http-nio-8080-exec-1] o.s.w.s.DispatcherServlet [FrameworkServlet.java:525] Initializing Servlet 'dispatcherServlet'
2022-12-31 11:20:41,120 INFO [http-nio-8080-exec-1] o.s.w.s.DispatcherServlet [FrameworkServlet.java:547] Completed initialization in 2 ms
2022-12-31 11:22:29,330 INFO [restartedMain] i.g.j.c.c.CommunityApplication [StartupInfoLogger.java:51] Starting CommunityApplication using Java 17.0.1 with PID 56050 (/Users/apple/Desktop/JavaCommunity/community/target/classes started by apple in /Users/apple/Desktop/JavaCommunity/community)
2022-12-31 11:22:29,332 INFO [restartedMain] i.g.j.c.c.CommunityApplication [SpringApplication.java:630] No active profile set, falling back to 1 default profile: "default"
2022-12-31 11:22:29,376 INFO [restartedMain] o.s.b.d.e.DevToolsPropertyDefaultsPostProcessor [DeferredLog.java:250] Devtools property defaults active! Set 'spring.devtools.add-properties' to 'false' to disable
2022-12-31 11:22:29,376 INFO [restartedMain] o.s.b.d.e.DevToolsPropertyDefaultsPostProcessor [DeferredLog.java:250] For additional web related logging consider setting the 'logging.level.web' property to 'DEBUG'
2022-12-31 11:22:30,365 INFO [restartedMain] o.s.b.w.e.t.TomcatWebServer [TomcatWebServer.java:114] Tomcat initialized with port(s): 8080 (http)
2022-12-31 11:22:30,380 INFO [restartedMain] o.a.c.h.Http11NioProtocol [DirectJDKLog.java:173] Initializing ProtocolHandler ["http-nio-8080"]
2022-12-31 11:22:30,381 INFO [restartedMain] o.a.c.c.StandardService [DirectJDKLog.java:173] Starting service [Tomcat]
2022-12-31 11:22:30,382 INFO [restartedMain] o.a.c.c.StandardEngine [DirectJDKLog.java:173] Starting Servlet engine: [Apache Tomcat/10.1.1]
2022-12-31 11:22:30,430 INFO [restartedMain] o.a.c.c.C.[.[.[/community] [DirectJDKLog.java:173] Initializing Spring embedded WebApplicationContext
2022-12-31 11:22:30,432 INFO [restartedMain] o.s.b.w.s.c.ServletWebServerApplicationContext [ServletWebServerApplicationContext.java:291] Root WebApplicationContext: initialization completed in 1054 ms
2022-12-31 11:22:31,216 INFO [restartedMain] o.s.b.a.w.s.WelcomePageHandlerMapping [WelcomePageHandlerMapping.java:56] Adding welcome page template: index
2022-12-31 11:22:31,414 INFO [restartedMain] o.s.b.d.a.OptionalLiveReloadServer [OptionalLiveReloadServer.java:59] LiveReload server is running on port 35729
2022-12-31 11:22:31,434 INFO [restartedMain] o.a.c.h.Http11NioProtocol [DirectJDKLog.java:173] Starting ProtocolHandler ["http-nio-8080"]
2022-12-31 11:22:31,458 INFO [restartedMain] o.s.b.w.e.t.TomcatWebServer [TomcatWebServer.java:226] Tomcat started on port(s): 8080 (http) with context path '/community'
2022-12-31 11:22:31,479 INFO [restartedMain] i.g.j.c.c.CommunityApplication [StartupInfoLogger.java:57] Started CommunityApplication in 2.557 seconds (process running for 3.046)
2022-12-31 11:22:34,502 INFO [http-nio-8080-exec-1] o.a.c.c.C.[.[.[/community] [DirectJDKLog.java:173] Initializing Spring DispatcherServlet 'dispatcherServlet'
2022-12-31 11:22:34,502 INFO [http-nio-8080-exec-1] o.s.w.s.DispatcherServlet [FrameworkServlet.java:525] Initializing Servlet 'dispatcherServlet'
2022-12-31 11:22:34,504 INFO [http-nio-8080-exec-1] o.s.w.s.DispatcherServlet [FrameworkServlet.java:547] Completed initialization in 1 ms
2022-12-31 13:27:58,720 INFO [restartedMain] i.g.j.c.c.CommunityApplication [StartupInfoLogger.java:51] Starting CommunityApplication using Java 17.0.1 with PID 57670 (/Users/apple/Desktop/JavaCommunity/community/target/classes started by apple in /Users/apple/Desktop/JavaCommunity/community)
2022-12-31 13:27:58,722 INFO [restartedMain] i.g.j.c.c.CommunityApplication [SpringApplication.java:630] No active profile set, falling back to 1 default profile: "default"
2022-12-31 13:27:58,771 INFO [restartedMain] o.s.b.d.e.DevToolsPropertyDefaultsPostProcessor [DeferredLog.java:250] Devtools property defaults active! Set 'spring.devtools.add-properties' to 'false' to disable
2022-12-31 13:27:58,772 INFO [restartedMain] o.s.b.d.e.DevToolsPropertyDefaultsPostProcessor [DeferredLog.java:250] For additional web related logging consider setting the 'logging.level.web' property to 'DEBUG'
2022-12-31 13:27:59,816 INFO [restartedMain] o.s.b.w.e.t.TomcatWebServer [TomcatWebServer.java:114] Tomcat initialized with port(s): 8080 (http)
2022-12-31 13:27:59,834 INFO [restartedMain] o.a.c.h.Http11NioProtocol [DirectJDKLog.java:173] Initializing ProtocolHandler ["http-nio-8080"]
2022-12-31 13:27:59,835 INFO [restartedMain] o.a.c.c.StandardService [DirectJDKLog.java:173] Starting service [Tomcat]
2022-12-31 13:27:59,835 INFO [restartedMain] o.a.c.c.StandardEngine [DirectJDKLog.java:173] Starting Servlet engine: [Apache Tomcat/10.1.1]
2022-12-31 13:27:59,885 INFO [restartedMain] o.a.c.c.C.[.[.[/community] [DirectJDKLog.java:173] Initializing Spring embedded WebApplicationContext
2022-12-31 13:27:59,886 INFO [restartedMain] o.s.b.w.s.c.ServletWebServerApplicationContext [ServletWebServerApplicationContext.java:291] Root WebApplicationContext: initialization completed in 1113 ms
2022-12-31 13:28:00,333 INFO [restartedMain] o.s.b.a.w.s.WelcomePageHandlerMapping [WelcomePageHandlerMapping.java:56] Adding welcome page template: index
2022-12-31 13:28:00,477 INFO [restartedMain] o.s.b.d.a.OptionalLiveReloadServer [OptionalLiveReloadServer.java:59] LiveReload server is running on port 35729
2022-12-31 13:28:00,490 INFO [restartedMain] o.a.c.h.Http11NioProtocol [DirectJDKLog.java:173] Starting ProtocolHandler ["http-nio-8080"]
2022-12-31 13:28:00,506 INFO [restartedMain] o.s.b.w.e.t.TomcatWebServer [TomcatWebServer.java:226] Tomcat started on port(s): 8080 (http) with context path '/community'
2022-12-31 13:28:00,515 INFO [restartedMain] i.g.j.c.c.CommunityApplication [StartupInfoLogger.java:57] Started CommunityApplication in 2.27 seconds (process running for 2.775)
2022-12-31 13:28:01,313 INFO [http-nio-8080-exec-1] o.a.c.c.C.[.[.[/community] [DirectJDKLog.java:173] Initializing Spring DispatcherServlet 'dispatcherServlet'
2022-12-31 13:28:01,313 INFO [http-nio-8080-exec-1] o.s.w.s.DispatcherServlet [FrameworkServlet.java:525] Initializing Servlet 'dispatcherServlet'
2022-12-31 13:28:01,314 INFO [http-nio-8080-exec-1] o.s.w.s.DispatcherServlet [FrameworkServlet.java:547] Completed initialization in 0 ms
2022-12-31 13:28:01,348 INFO [http-nio-8080-exec-1] c.z.h.HikariDataSource [HikariDataSource.java:110] HikariPool-1 - Starting...
2022-12-31 13:28:01,503 INFO [http-nio-8080-exec-1] c.z.h.p.HikariPool [HikariPool.java:565] HikariPool-1 - Added connection com.mysql.cj.jdbc.ConnectionImpl@5d3b7f7f
2022-12-31 13:28:01,504 INFO [http-nio-8080-exec-1] c.z.h.HikariDataSource [HikariDataSource.java:123] HikariPool-1 - Start completed.
2022-12-31 13:54:25,291 INFO [SpringApplicationShutdownHook] c.z.h.HikariDataSource [HikariDataSource.java:350] HikariPool-1 - Shutdown initiated...
2022-12-31 13:54:25,299 INFO [SpringApplicationShutdownHook] c.z.h.HikariDataSource [HikariDataSource.java:352] HikariPool-1 - Shutdown completed.
