2023-01-02 13:30:20,307 INFO [main] i.g.j.c.c.SensitiveTest [StartupInfoLogger.java:51] Starting SensitiveTest using Java 17.0.1 with PID 70497 (started by apple in /Users/apple/Desktop/JavaCommunity/community)
2023-01-02 13:30:20,313 INFO [main] i.g.j.c.c.SensitiveTest [SpringApplication.java:630] No active profile set, falling back to 1 default profile: "default"
2023-01-02 13:30:22,773 INFO [main] o.s.b.a.w.s.WelcomePageHandlerMapping [WelcomePageHandlerMapping.java:56] Adding welcome page template: index
2023-01-02 13:30:23,006 INFO [main] i.g.j.c.c.SensitiveTest [StartupInfoLogger.java:57] Started SensitiveTest in 3.171 seconds (process running for 4.327)
2023-01-02 13:30:49,194 INFO [main] i.g.j.c.c.SensitiveTest [StartupInfoLogger.java:51] Starting SensitiveTest using Java 17.0.1 with PID 70519 (started by apple in /Users/apple/Desktop/JavaCommunity/community)
2023-01-02 13:30:49,195 INFO [main] i.g.j.c.c.SensitiveTest [SpringApplication.java:630] No active profile set, falling back to 1 default profile: "default"
2023-01-02 13:30:50,253 INFO [main] o.s.b.a.w.s.WelcomePageHandlerMapping [WelcomePageHandlerMapping.java:56] Adding welcome page template: index
2023-01-02 13:30:50,395 INFO [main] i.g.j.c.c.SensitiveTest [StartupInfoLogger.java:57] Started SensitiveTest in 1.516 seconds (process running for 2.322)
2023-01-02 13:31:27,483 INFO [main] i.g.j.c.c.SensitiveTest [StartupInfoLogger.java:51] Starting SensitiveTest using Java 17.0.1 with PID 70527 (started by apple in /Users/apple/Desktop/JavaCommunity/community)
2023-01-02 13:31:27,485 INFO [main] i.g.j.c.c.SensitiveTest [SpringApplication.java:630] No active profile set, falling back to 1 default profile: "default"
2023-01-02 13:31:28,636 INFO [main] o.s.b.a.w.s.WelcomePageHandlerMapping [WelcomePageHandlerMapping.java:56] Adding welcome page template: index
2023-01-02 13:31:28,785 INFO [main] i.g.j.c.c.SensitiveTest [StartupInfoLogger.java:57] Started SensitiveTest in 1.651 seconds (process running for 2.493)
2023-01-02 13:34:27,729 INFO [main] i.g.j.c.c.SensitiveTest [StartupInfoLogger.java:51] Starting SensitiveTest using Java 17.0.1 with PID 70560 (started by apple in /Users/apple/Desktop/JavaCommunity/community)
2023-01-02 13:34:27,731 INFO [main] i.g.j.c.c.SensitiveTest [SpringApplication.java:630] No active profile set, falling back to 1 default profile: "default"
2023-01-02 13:34:29,161 INFO [main] o.s.b.a.w.s.WelcomePageHandlerMapping [WelcomePageHandlerMapping.java:56] Adding welcome page template: index
2023-01-02 13:34:29,333 INFO [main] i.g.j.c.c.SensitiveTest [StartupInfoLogger.java:57] Started SensitiveTest in 1.963 seconds (process running for 2.925)
2023-01-02 13:34:39,409 INFO [main] i.g.j.c.c.SensitiveTest [StartupInfoLogger.java:51] Starting SensitiveTest using Java 17.0.1 with PID 70565 (started by apple in /Users/apple/Desktop/JavaCommunity/community)
2023-01-02 13:34:39,411 INFO [main] i.g.j.c.c.SensitiveTest [SpringApplication.java:630] No active profile set, falling back to 1 default profile: "default"
2023-01-02 13:34:40,575 INFO [main] o.s.b.a.w.s.WelcomePageHandlerMapping [WelcomePageHandlerMapping.java:56] Adding welcome page template: index
2023-01-02 13:34:40,719 INFO [main] i.g.j.c.c.SensitiveTest [StartupInfoLogger.java:57] Started SensitiveTest in 1.621 seconds (process running for 2.392)
2023-01-02 13:45:45,158 INFO [main] i.g.j.c.c.SensitiveTest [StartupInfoLogger.java:51] Starting SensitiveTest using Java 17.0.1 with PID 70649 (started by apple in /Users/apple/Desktop/JavaCommunity/community)
2023-01-02 13:45:45,160 INFO [main] i.g.j.c.c.SensitiveTest [SpringApplication.java:630] No active profile set, falling back to 1 default profile: "default"
2023-01-02 13:45:46,988 INFO [main] o.s.b.a.w.s.WelcomePageHandlerMapping [WelcomePageHandlerMapping.java:56] Adding welcome page template: index
2023-01-02 13:45:47,161 INFO [main] i.g.j.c.c.SensitiveTest [StartupInfoLogger.java:57] Started SensitiveTest in 2.43 seconds (process running for 3.787)
2023-01-02 14:19:37,384 INFO [main] i.g.j.c.c.SensitiveTest [StartupInfoLogger.java:51] Starting SensitiveTest using Java 17.0.1 with PID 71492 (started by apple in /Users/apple/Desktop/JavaCommunity/community)
2023-01-02 14:19:37,386 INFO [main] i.g.j.c.c.SensitiveTest [SpringApplication.java:630] No active profile set, falling back to 1 default profile: "default"
2023-01-02 14:19:38,807 INFO [main] o.s.b.a.w.s.WelcomePageHandlerMapping [WelcomePageHandlerMapping.java:56] Adding welcome page template: index
2023-01-02 14:19:38,991 INFO [main] i.g.j.c.c.SensitiveTest [StartupInfoLogger.java:57] Started SensitiveTest in 2.072 seconds (process running for 3.173)
2023-01-02 14:22:18,401 INFO [main] i.g.j.c.c.SensitiveTest [StartupInfoLogger.java:51] Starting SensitiveTest using Java 17.0.1 with PID 71542 (started by apple in /Users/apple/Desktop/JavaCommunity/community)
2023-01-02 14:22:18,403 INFO [main] i.g.j.c.c.SensitiveTest [SpringApplication.java:630] No active profile set, falling back to 1 default profile: "default"
2023-01-02 14:22:19,845 INFO [main] o.s.b.a.w.s.WelcomePageHandlerMapping [WelcomePageHandlerMapping.java:56] Adding welcome page template: index
2023-01-02 14:22:20,005 INFO [main] i.g.j.c.c.SensitiveTest [StartupInfoLogger.java:57] Started SensitiveTest in 2.111 seconds (process running for 3.01)
2023-01-02 14:23:01,733 INFO [main] i.g.j.c.c.SensitiveTest [StartupInfoLogger.java:51] Starting SensitiveTest using Java 17.0.1 with PID 71553 (started by apple in /Users/apple/Desktop/JavaCommunity/community)
2023-01-02 14:23:01,736 INFO [main] i.g.j.c.c.SensitiveTest [SpringApplication.java:630] No active profile set, falling back to 1 default profile: "default"
2023-01-02 14:23:02,901 INFO [main] o.s.b.a.w.s.WelcomePageHandlerMapping [WelcomePageHandlerMapping.java:56] Adding welcome page template: index
2023-01-02 14:23:03,046 INFO [main] i.g.j.c.c.SensitiveTest [StartupInfoLogger.java:57] Started SensitiveTest in 1.629 seconds (process running for 2.415)
2023-01-02 14:25:38,720 INFO [main] i.g.j.c.c.SensitiveTest [StartupInfoLogger.java:51] Starting SensitiveTest using Java 17.0.1 with PID 71576 (started by apple in /Users/apple/Desktop/JavaCommunity/community)
2023-01-02 14:25:38,721 INFO [main] i.g.j.c.c.SensitiveTest [SpringApplication.java:630] No active profile set, falling back to 1 default profile: "default"
2023-01-02 14:25:39,956 INFO [main] o.s.b.a.w.s.WelcomePageHandlerMapping [WelcomePageHandlerMapping.java:56] Adding welcome page template: index
2023-01-02 14:25:40,112 INFO [main] i.g.j.c.c.SensitiveTest [StartupInfoLogger.java:57] Started SensitiveTest in 1.744 seconds (process running for 2.532)
2023-01-02 14:26:49,825 INFO [main] i.g.j.c.c.SensitiveTest [StartupInfoLogger.java:51] Starting SensitiveTest using Java 17.0.1 with PID 71592 (started by apple in /Users/apple/Desktop/JavaCommunity/community)
2023-01-02 14:26:49,827 INFO [main] i.g.j.c.c.SensitiveTest [SpringApplication.java:630] No active profile set, falling back to 1 default profile: "default"
2023-01-02 14:26:51,090 INFO [main] o.s.b.a.w.s.WelcomePageHandlerMapping [WelcomePageHandlerMapping.java:56] Adding welcome page template: index
2023-01-02 14:26:51,237 INFO [main] i.g.j.c.c.SensitiveTest [StartupInfoLogger.java:57] Started SensitiveTest in 1.774 seconds (process running for 2.725)
2023-01-02 23:04:44,583 INFO [main] i.g.j.c.c.SensitiveTest [StartupInfoLogger.java:51] Starting SensitiveTest using Java 17.0.1 with PID 74415 (started by apple in /Users/apple/Desktop/JavaCommunity/community)
2023-01-02 23:04:44,587 INFO [main] i.g.j.c.c.SensitiveTest [SpringApplication.java:630] No active profile set, falling back to 1 default profile: "default"
2023-01-02 23:04:45,874 INFO [main] o.s.b.a.w.s.WelcomePageHandlerMapping [WelcomePageHandlerMapping.java:56] Adding welcome page template: index
2023-01-02 23:04:46,054 INFO [main] i.g.j.c.c.SensitiveTest [StartupInfoLogger.java:57] Started SensitiveTest in 1.93 seconds (process running for 3.097)
2023-01-02 23:16:42,490 INFO [restartedMain] i.g.j.c.c.CommunityApplication [StartupInfoLogger.java:51] Starting CommunityApplication using Java 17.0.1 with PID 74599 (/Users/apple/Desktop/JavaCommunity/community/target/classes started by apple in /Users/apple/Desktop/JavaCommunity/community)
2023-01-02 23:16:42,493 INFO [restartedMain] i.g.j.c.c.CommunityApplication [SpringApplication.java:630] No active profile set, falling back to 1 default profile: "default"
2023-01-02 23:16:42,541 INFO [restartedMain] o.s.b.d.e.DevToolsPropertyDefaultsPostProcessor [DeferredLog.java:250] Devtools property defaults active! Set 'spring.devtools.add-properties' to 'false' to disable
2023-01-02 23:16:42,542 INFO [restartedMain] o.s.b.d.e.DevToolsPropertyDefaultsPostProcessor [DeferredLog.java:250] For additional web related logging consider setting the 'logging.level.web' property to 'DEBUG'
2023-01-02 23:16:43,628 INFO [restartedMain] o.s.b.w.e.t.TomcatWebServer [TomcatWebServer.java:114] Tomcat initialized with port(s): 8080 (http)
2023-01-02 23:16:43,637 INFO [restartedMain] o.a.c.h.Http11NioProtocol [DirectJDKLog.java:173] Initializing ProtocolHandler ["http-nio-8080"]
2023-01-02 23:16:43,638 INFO [restartedMain] o.a.c.c.StandardService [DirectJDKLog.java:173] Starting service [Tomcat]
2023-01-02 23:16:43,638 INFO [restartedMain] o.a.c.c.StandardEngine [DirectJDKLog.java:173] Starting Servlet engine: [Apache Tomcat/10.1.1]
2023-01-02 23:16:43,681 INFO [restartedMain] o.a.c.c.C.[.[.[/community] [DirectJDKLog.java:173] Initializing Spring embedded WebApplicationContext
2023-01-02 23:16:43,682 INFO [restartedMain] o.s.b.w.s.c.ServletWebServerApplicationContext [ServletWebServerApplicationContext.java:291] Root WebApplicationContext: initialization completed in 1139 ms
2023-01-02 23:16:44,163 INFO [restartedMain] o.s.b.a.w.s.WelcomePageHandlerMapping [WelcomePageHandlerMapping.java:56] Adding welcome page template: index
2023-01-02 23:16:44,291 INFO [restartedMain] o.s.b.d.a.OptionalLiveReloadServer [OptionalLiveReloadServer.java:59] LiveReload server is running on port 35729
2023-01-02 23:16:44,301 INFO [restartedMain] o.a.c.h.Http11NioProtocol [DirectJDKLog.java:173] Starting ProtocolHandler ["http-nio-8080"]
2023-01-02 23:16:44,314 INFO [restartedMain] o.s.b.w.e.t.TomcatWebServer [TomcatWebServer.java:226] Tomcat started on port(s): 8080 (http) with context path '/community'
2023-01-02 23:16:44,321 INFO [restartedMain] i.g.j.c.c.CommunityApplication [StartupInfoLogger.java:57] Started CommunityApplication in 2.315 seconds (process running for 2.803)
2023-01-02 23:17:01,579 INFO [http-nio-8080-exec-1] o.a.c.c.C.[.[.[/community] [DirectJDKLog.java:173] Initializing Spring DispatcherServlet 'dispatcherServlet'
2023-01-02 23:17:01,579 INFO [http-nio-8080-exec-1] o.s.w.s.DispatcherServlet [FrameworkServlet.java:525] Initializing Servlet 'dispatcherServlet'
2023-01-02 23:17:01,581 INFO [http-nio-8080-exec-1] o.s.w.s.DispatcherServlet [FrameworkServlet.java:547] Completed initialization in 1 ms
2023-01-02 23:17:01,674 INFO [http-nio-8080-exec-1] c.z.h.HikariDataSource [HikariDataSource.java:110] HikariPool-1 - Starting...
2023-01-02 23:17:01,892 INFO [http-nio-8080-exec-1] c.z.h.p.HikariPool [HikariPool.java:565] HikariPool-1 - Added connection com.mysql.cj.jdbc.ConnectionImpl@84b9209
2023-01-02 23:17:01,894 INFO [http-nio-8080-exec-1] c.z.h.HikariDataSource [HikariDataSource.java:123] HikariPool-1 - Start completed.
2023-01-02 23:54:17,069 INFO [SpringApplicationShutdownHook] c.z.h.HikariDataSource [HikariDataSource.java:350] HikariPool-1 - Shutdown initiated...
2023-01-02 23:54:17,074 INFO [SpringApplicationShutdownHook] c.z.h.HikariDataSource [HikariDataSource.java:352] HikariPool-1 - Shutdown completed.
2023-01-02 23:54:21,437 INFO [restartedMain] i.g.j.c.c.CommunityApplication [StartupInfoLogger.java:51] Starting CommunityApplication using Java 17.0.1 with PID 75270 (/Users/apple/Desktop/JavaCommunity/community/target/classes started by apple in /Users/apple/Desktop/JavaCommunity/community)
2023-01-02 23:54:21,442 INFO [restartedMain] i.g.j.c.c.CommunityApplication [SpringApplication.java:630] No active profile set, falling back to 1 default profile: "default"
2023-01-02 23:54:21,535 INFO [restartedMain] o.s.b.d.e.DevToolsPropertyDefaultsPostProcessor [DeferredLog.java:250] Devtools property defaults active! Set 'spring.devtools.add-properties' to 'false' to disable
2023-01-02 23:54:21,536 INFO [restartedMain] o.s.b.d.e.DevToolsPropertyDefaultsPostProcessor [DeferredLog.java:250] For additional web related logging consider setting the 'logging.level.web' property to 'DEBUG'
2023-01-02 23:54:22,952 INFO [restartedMain] o.s.b.w.e.t.TomcatWebServer [TomcatWebServer.java:114] Tomcat initialized with port(s): 8080 (http)
2023-01-02 23:54:22,961 INFO [restartedMain] o.a.c.h.Http11NioProtocol [DirectJDKLog.java:173] Initializing ProtocolHandler ["http-nio-8080"]
2023-01-02 23:54:22,962 INFO [restartedMain] o.a.c.c.StandardService [DirectJDKLog.java:173] Starting service [Tomcat]
2023-01-02 23:54:22,962 INFO [restartedMain] o.a.c.c.StandardEngine [DirectJDKLog.java:173] Starting Servlet engine: [Apache Tomcat/10.1.1]
2023-01-02 23:54:23,017 INFO [restartedMain] o.a.c.c.C.[.[.[/community] [DirectJDKLog.java:173] Initializing Spring embedded WebApplicationContext
2023-01-02 23:54:23,019 INFO [restartedMain] o.s.b.w.s.c.ServletWebServerApplicationContext [ServletWebServerApplicationContext.java:291] Root WebApplicationContext: initialization completed in 1480 ms
2023-01-02 23:54:23,539 INFO [restartedMain] o.s.b.a.w.s.WelcomePageHandlerMapping [WelcomePageHandlerMapping.java:56] Adding welcome page template: index
2023-01-02 23:54:23,686 INFO [restartedMain] o.s.b.d.a.OptionalLiveReloadServer [OptionalLiveReloadServer.java:59] LiveReload server is running on port 35729
2023-01-02 23:54:23,697 INFO [restartedMain] o.a.c.h.Http11NioProtocol [DirectJDKLog.java:173] Starting ProtocolHandler ["http-nio-8080"]
2023-01-02 23:54:23,710 INFO [restartedMain] o.s.b.w.e.t.TomcatWebServer [TomcatWebServer.java:226] Tomcat started on port(s): 8080 (http) with context path '/community'
2023-01-02 23:54:23,717 INFO [restartedMain] i.g.j.c.c.CommunityApplication [StartupInfoLogger.java:57] Started CommunityApplication in 2.736 seconds (process running for 3.361)
2023-01-02 23:54:26,710 INFO [http-nio-8080-exec-1] o.a.c.c.C.[.[.[/community] [DirectJDKLog.java:173] Initializing Spring DispatcherServlet 'dispatcherServlet'
2023-01-02 23:54:26,711 INFO [http-nio-8080-exec-1] o.s.w.s.DispatcherServlet [FrameworkServlet.java:525] Initializing Servlet 'dispatcherServlet'
2023-01-02 23:54:26,713 INFO [http-nio-8080-exec-1] o.s.w.s.DispatcherServlet [FrameworkServlet.java:547] Completed initialization in 2 ms
2023-01-02 23:54:26,785 INFO [http-nio-8080-exec-1] c.z.h.HikariDataSource [HikariDataSource.java:110] HikariPool-1 - Starting...
2023-01-02 23:54:26,928 INFO [http-nio-8080-exec-1] c.z.h.p.HikariPool [HikariPool.java:565] HikariPool-1 - Added connection com.mysql.cj.jdbc.ConnectionImpl@454180da
2023-01-02 23:54:26,930 INFO [http-nio-8080-exec-1] c.z.h.HikariDataSource [HikariDataSource.java:123] HikariPool-1 - Start completed.
2023-01-02 23:55:34,996 INFO [SpringApplicationShutdownHook] c.z.h.HikariDataSource [HikariDataSource.java:350] HikariPool-1 - Shutdown initiated...
2023-01-02 23:55:35,005 INFO [SpringApplicationShutdownHook] c.z.h.HikariDataSource [HikariDataSource.java:352] HikariPool-1 - Shutdown completed.
2023-01-02 23:55:37,416 INFO [restartedMain] i.g.j.c.c.CommunityApplication [StartupInfoLogger.java:51] Starting CommunityApplication using Java 17.0.1 with PID 75289 (/Users/apple/Desktop/JavaCommunity/community/target/classes started by apple in /Users/apple/Desktop/JavaCommunity/community)
2023-01-02 23:55:37,419 INFO [restartedMain] i.g.j.c.c.CommunityApplication [SpringApplication.java:630] No active profile set, falling back to 1 default profile: "default"
2023-01-02 23:55:37,464 INFO [restartedMain] o.s.b.d.e.DevToolsPropertyDefaultsPostProcessor [DeferredLog.java:250] Devtools property defaults active! Set 'spring.devtools.add-properties' to 'false' to disable
2023-01-02 23:55:37,465 INFO [restartedMain] o.s.b.d.e.DevToolsPropertyDefaultsPostProcessor [DeferredLog.java:250] For additional web related logging consider setting the 'logging.level.web' property to 'DEBUG'
2023-01-02 23:55:38,492 INFO [restartedMain] o.s.b.w.e.t.TomcatWebServer [TomcatWebServer.java:114] Tomcat initialized with port(s): 8080 (http)
2023-01-02 23:55:38,500 INFO [restartedMain] o.a.c.h.Http11NioProtocol [DirectJDKLog.java:173] Initializing ProtocolHandler ["http-nio-8080"]
2023-01-02 23:55:38,501 INFO [restartedMain] o.a.c.c.StandardService [DirectJDKLog.java:173] Starting service [Tomcat]
2023-01-02 23:55:38,501 INFO [restartedMain] o.a.c.c.StandardEngine [DirectJDKLog.java:173] Starting Servlet engine: [Apache Tomcat/10.1.1]
2023-01-02 23:55:38,551 INFO [restartedMain] o.a.c.c.C.[.[.[/community] [DirectJDKLog.java:173] Initializing Spring embedded WebApplicationContext
2023-01-02 23:55:38,553 INFO [restartedMain] o.s.b.w.s.c.ServletWebServerApplicationContext [ServletWebServerApplicationContext.java:291] Root WebApplicationContext: initialization completed in 1087 ms
2023-01-02 23:55:39,114 INFO [restartedMain] o.s.b.a.w.s.WelcomePageHandlerMapping [WelcomePageHandlerMapping.java:56] Adding welcome page template: index
2023-01-02 23:55:39,342 INFO [restartedMain] o.s.b.d.a.OptionalLiveReloadServer [OptionalLiveReloadServer.java:59] LiveReload server is running on port 35729
2023-01-02 23:55:39,370 INFO [restartedMain] o.a.c.h.Http11NioProtocol [DirectJDKLog.java:173] Starting ProtocolHandler ["http-nio-8080"]
2023-01-02 23:55:39,394 INFO [restartedMain] o.s.b.w.e.t.TomcatWebServer [TomcatWebServer.java:226] Tomcat started on port(s): 8080 (http) with context path '/community'
2023-01-02 23:55:39,422 INFO [restartedMain] i.g.j.c.c.CommunityApplication [StartupInfoLogger.java:57] Started CommunityApplication in 2.375 seconds (process running for 2.818)
2023-01-02 23:55:40,622 INFO [http-nio-8080-exec-1] o.a.c.c.C.[.[.[/community] [DirectJDKLog.java:173] Initializing Spring DispatcherServlet 'dispatcherServlet'
2023-01-02 23:55:40,622 INFO [http-nio-8080-exec-1] o.s.w.s.DispatcherServlet [FrameworkServlet.java:525] Initializing Servlet 'dispatcherServlet'
2023-01-02 23:55:40,623 INFO [http-nio-8080-exec-1] o.s.w.s.DispatcherServlet [FrameworkServlet.java:547] Completed initialization in 0 ms
2023-01-02 23:55:40,685 INFO [http-nio-8080-exec-1] c.z.h.HikariDataSource [HikariDataSource.java:110] HikariPool-1 - Starting...
2023-01-02 23:55:40,820 INFO [http-nio-8080-exec-1] c.z.h.p.HikariPool [HikariPool.java:565] HikariPool-1 - Added connection com.mysql.cj.jdbc.ConnectionImpl@1f1ad413
2023-01-02 23:55:40,822 INFO [http-nio-8080-exec-1] c.z.h.HikariDataSource [HikariDataSource.java:123] HikariPool-1 - Start completed.
