2023-01-28 21:44:37,817 INFO [restartedMain] i.g.j.c.c.CommunityApplication [StartupInfoLogger.java:51] Starting CommunityApplication using Java 17.0.1 with PID 21431 (/Users/apple/Desktop/JavaCommunity/community/target/classes started by apple in /Users/apple/Desktop/JavaCommunity/community)
2023-01-28 21:44:37,828 INFO [restartedMain] i.g.j.c.c.CommunityApplication [SpringApplication.java:630] No active profile set, falling back to 1 default profile: "default"
2023-01-28 21:44:37,913 INFO [restartedMain] o.s.b.d.e.DevToolsPropertyDefaultsPostProcessor [DeferredLog.java:250] Devtools property defaults active! Set 'spring.devtools.add-properties' to 'false' to disable
2023-01-28 21:44:37,914 INFO [restartedMain] o.s.b.d.e.DevToolsPropertyDefaultsPostProcessor [DeferredLog.java:250] For additional web related logging consider setting the 'logging.level.web' property to 'DEBUG'
2023-01-28 21:44:38,968 INFO [restartedMain] o.s.d.r.c.RepositoryConfigurationDelegate [RepositoryConfigurationDelegate.java:294] Multiple Spring Data modules found, entering strict repository configuration mode
2023-01-28 21:44:38,976 INFO [restartedMain] o.s.d.r.c.RepositoryConfigurationDelegate [RepositoryConfigurationDelegate.java:138] Bootstrapping Spring Data Redis repositories in DEFAULT mode.
2023-01-28 21:44:39,019 INFO [restartedMain] o.s.d.r.c.RepositoryConfigurationDelegate [RepositoryConfigurationDelegate.java:208] Finished Spring Data repository scanning in 16 ms. Found 0 Redis repository interfaces.
2023-01-28 21:44:40,309 INFO [restartedMain] o.s.b.w.e.t.TomcatWebServer [TomcatWebServer.java:114] Tomcat initialized with port(s): 8080 (http)
2023-01-28 21:44:40,320 INFO [restartedMain] o.a.c.h.Http11NioProtocol [DirectJDKLog.java:173] Initializing ProtocolHandler ["http-nio-8080"]
2023-01-28 21:44:40,321 INFO [restartedMain] o.a.c.c.StandardService [DirectJDKLog.java:173] Starting service [Tomcat]
2023-01-28 21:44:40,322 INFO [restartedMain] o.a.c.c.StandardEngine [DirectJDKLog.java:173] Starting Servlet engine: [Apache Tomcat/10.1.1]
2023-01-28 21:44:40,391 INFO [restartedMain] o.a.c.c.C.[.[.[/community] [DirectJDKLog.java:173] Initializing Spring embedded WebApplicationContext
2023-01-28 21:44:40,393 INFO [restartedMain] o.s.b.w.s.c.ServletWebServerApplicationContext [ServletWebServerApplicationContext.java:291] Root WebApplicationContext: initialization completed in 2476 ms
2023-01-28 21:44:41,661 INFO [restartedMain] o.s.b.a.w.s.WelcomePageHandlerMapping [WelcomePageHandlerMapping.java:56] Adding welcome page template: index
2023-01-28 21:44:42,057 INFO [restartedMain] o.s.b.d.a.OptionalLiveReloadServer [OptionalLiveReloadServer.java:59] LiveReload server is running on port 35729
2023-01-28 21:44:42,072 INFO [restartedMain] o.a.c.h.Http11NioProtocol [DirectJDKLog.java:173] Starting ProtocolHandler ["http-nio-8080"]
2023-01-28 21:44:42,094 INFO [restartedMain] o.s.b.w.e.t.TomcatWebServer [TomcatWebServer.java:226] Tomcat started on port(s): 8080 (http) with context path '/community'
2023-01-28 21:44:42,104 INFO [restartedMain] i.g.j.c.c.CommunityApplication [StartupInfoLogger.java:57] Started CommunityApplication in 5.222 seconds (process running for 6.116)
2023-01-28 21:44:47,554 INFO [http-nio-8080-exec-1] o.a.c.c.C.[.[.[/community] [DirectJDKLog.java:173] Initializing Spring DispatcherServlet 'dispatcherServlet'
2023-01-28 21:44:47,555 INFO [http-nio-8080-exec-1] o.s.w.s.DispatcherServlet [FrameworkServlet.java:525] Initializing Servlet 'dispatcherServlet'
2023-01-28 21:44:47,557 INFO [http-nio-8080-exec-1] o.s.w.s.DispatcherServlet [FrameworkServlet.java:547] Completed initialization in 2 ms
2023-01-28 21:44:47,606 INFO [http-nio-8080-exec-1] i.g.j.c.c.a.ServiceLogAspect [ServiceLogAspect.java:37] User: [0:0:0:0:0:0:0:1], at [2023-01-28 21:44:47], visited [io.github.jiajun2001.community.community.service.DiscussPostService.findDiscussPostRows].
2023-01-28 21:44:47,640 INFO [http-nio-8080-exec-1] c.z.h.HikariDataSource [HikariDataSource.java:110] HikariPool-1 - Starting...
2023-01-28 21:44:47,828 INFO [http-nio-8080-exec-1] c.z.h.p.HikariPool [HikariPool.java:565] HikariPool-1 - Added connection com.mysql.cj.jdbc.ConnectionImpl@6652611b
2023-01-28 21:44:47,830 INFO [http-nio-8080-exec-1] c.z.h.HikariDataSource [HikariDataSource.java:123] HikariPool-1 - Start completed.
2023-01-28 21:44:47,894 INFO [http-nio-8080-exec-1] i.g.j.c.c.a.ServiceLogAspect [ServiceLogAspect.java:37] User: [0:0:0:0:0:0:0:1], at [2023-01-28 21:44:47], visited [io.github.jiajun2001.community.community.service.DiscussPostService.findDiscussPosts].
2023-01-28 21:44:47,904 INFO [http-nio-8080-exec-1] i.g.j.c.c.a.ServiceLogAspect [ServiceLogAspect.java:37] User: [0:0:0:0:0:0:0:1], at [2023-01-28 21:44:47], visited [io.github.jiajun2001.community.community.service.UserService.findUserById].
2023-01-28 21:44:47,907 INFO [http-nio-8080-exec-1] i.g.j.c.c.a.ServiceLogAspect [ServiceLogAspect.java:37] User: [0:0:0:0:0:0:0:1], at [2023-01-28 21:44:47], visited [io.github.jiajun2001.community.community.service.LikeService.findEntityLikeCount].
2023-01-28 21:44:48,300 INFO [http-nio-8080-exec-1] i.g.j.c.c.a.ServiceLogAspect [ServiceLogAspect.java:37] User: [0:0:0:0:0:0:0:1], at [2023-01-28 21:44:48], visited [io.github.jiajun2001.community.community.service.UserService.findUserById].
2023-01-28 21:44:48,304 INFO [http-nio-8080-exec-1] i.g.j.c.c.a.ServiceLogAspect [ServiceLogAspect.java:37] User: [0:0:0:0:0:0:0:1], at [2023-01-28 21:44:48], visited [io.github.jiajun2001.community.community.service.LikeService.findEntityLikeCount].
2023-01-28 21:44:48,305 INFO [http-nio-8080-exec-1] i.g.j.c.c.a.ServiceLogAspect [ServiceLogAspect.java:37] User: [0:0:0:0:0:0:0:1], at [2023-01-28 21:44:48], visited [io.github.jiajun2001.community.community.service.UserService.findUserById].
2023-01-28 21:44:48,307 INFO [http-nio-8080-exec-1] i.g.j.c.c.a.ServiceLogAspect [ServiceLogAspect.java:37] User: [0:0:0:0:0:0:0:1], at [2023-01-28 21:44:48], visited [io.github.jiajun2001.community.community.service.LikeService.findEntityLikeCount].
2023-01-28 21:44:48,308 INFO [http-nio-8080-exec-1] i.g.j.c.c.a.ServiceLogAspect [ServiceLogAspect.java:37] User: [0:0:0:0:0:0:0:1], at [2023-01-28 21:44:48], visited [io.github.jiajun2001.community.community.service.UserService.findUserById].
2023-01-28 21:44:48,311 INFO [http-nio-8080-exec-1] i.g.j.c.c.a.ServiceLogAspect [ServiceLogAspect.java:37] User: [0:0:0:0:0:0:0:1], at [2023-01-28 21:44:48], visited [io.github.jiajun2001.community.community.service.LikeService.findEntityLikeCount].
2023-01-28 21:44:48,312 INFO [http-nio-8080-exec-1] i.g.j.c.c.a.ServiceLogAspect [ServiceLogAspect.java:37] User: [0:0:0:0:0:0:0:1], at [2023-01-28 21:44:48], visited [io.github.jiajun2001.community.community.service.UserService.findUserById].
2023-01-28 21:44:48,314 INFO [http-nio-8080-exec-1] i.g.j.c.c.a.ServiceLogAspect [ServiceLogAspect.java:37] User: [0:0:0:0:0:0:0:1], at [2023-01-28 21:44:48], visited [io.github.jiajun2001.community.community.service.LikeService.findEntityLikeCount].
2023-01-28 21:44:48,315 INFO [http-nio-8080-exec-1] i.g.j.c.c.a.ServiceLogAspect [ServiceLogAspect.java:37] User: [0:0:0:0:0:0:0:1], at [2023-01-28 21:44:48], visited [io.github.jiajun2001.community.community.service.UserService.findUserById].
2023-01-28 21:44:48,319 INFO [http-nio-8080-exec-1] i.g.j.c.c.a.ServiceLogAspect [ServiceLogAspect.java:37] User: [0:0:0:0:0:0:0:1], at [2023-01-28 21:44:48], visited [io.github.jiajun2001.community.community.service.LikeService.findEntityLikeCount].
2023-01-28 21:44:48,321 INFO [http-nio-8080-exec-1] i.g.j.c.c.a.ServiceLogAspect [ServiceLogAspect.java:37] User: [0:0:0:0:0:0:0:1], at [2023-01-28 21:44:48], visited [io.github.jiajun2001.community.community.service.UserService.findUserById].
2023-01-28 21:44:48,324 INFO [http-nio-8080-exec-1] i.g.j.c.c.a.ServiceLogAspect [ServiceLogAspect.java:37] User: [0:0:0:0:0:0:0:1], at [2023-01-28 21:44:48], visited [io.github.jiajun2001.community.community.service.LikeService.findEntityLikeCount].
2023-01-28 21:44:48,325 INFO [http-nio-8080-exec-1] i.g.j.c.c.a.ServiceLogAspect [ServiceLogAspect.java:37] User: [0:0:0:0:0:0:0:1], at [2023-01-28 21:44:48], visited [io.github.jiajun2001.community.community.service.UserService.findUserById].
2023-01-28 21:44:48,329 INFO [http-nio-8080-exec-1] i.g.j.c.c.a.ServiceLogAspect [ServiceLogAspect.java:37] User: [0:0:0:0:0:0:0:1], at [2023-01-28 21:44:48], visited [io.github.jiajun2001.community.community.service.LikeService.findEntityLikeCount].
2023-01-28 21:44:48,330 INFO [http-nio-8080-exec-1] i.g.j.c.c.a.ServiceLogAspect [ServiceLogAspect.java:37] User: [0:0:0:0:0:0:0:1], at [2023-01-28 21:44:48], visited [io.github.jiajun2001.community.community.service.UserService.findUserById].
2023-01-28 21:44:48,332 INFO [http-nio-8080-exec-1] i.g.j.c.c.a.ServiceLogAspect [ServiceLogAspect.java:37] User: [0:0:0:0:0:0:0:1], at [2023-01-28 21:44:48], visited [io.github.jiajun2001.community.community.service.LikeService.findEntityLikeCount].
2023-01-28 21:44:48,350 INFO [http-nio-8080-exec-1] i.g.j.c.c.a.ServiceLogAspect [ServiceLogAspect.java:37] User: [0:0:0:0:0:0:0:1], at [2023-01-28 21:44:48], visited [io.github.jiajun2001.community.community.service.UserService.findUserById].
2023-01-28 21:44:48,353 INFO [http-nio-8080-exec-1] i.g.j.c.c.a.ServiceLogAspect [ServiceLogAspect.java:37] User: [0:0:0:0:0:0:0:1], at [2023-01-28 21:44:48], visited [io.github.jiajun2001.community.community.service.LikeService.findEntityLikeCount].
2023-01-28 21:45:02,774 INFO [http-nio-8080-exec-1] i.g.j.c.c.a.ServiceLogAspect [ServiceLogAspect.java:37] User: [0:0:0:0:0:0:0:1], at [2023-01-28 21:45:02], visited [io.github.jiajun2001.community.community.service.UserService.login].
2023-01-28 21:45:02,797 INFO [http-nio-8080-exec-2] i.g.j.c.c.a.ServiceLogAspect [ServiceLogAspect.java:37] User: [0:0:0:0:0:0:0:1], at [2023-01-28 21:45:02], visited [io.github.jiajun2001.community.community.service.UserService.findLoginTicket].
2023-01-28 21:45:02,800 INFO [http-nio-8080-exec-2] i.g.j.c.c.a.ServiceLogAspect [ServiceLogAspect.java:37] User: [0:0:0:0:0:0:0:1], at [2023-01-28 21:45:02], visited [io.github.jiajun2001.community.community.service.UserService.findUserById].
2023-01-28 21:45:02,803 INFO [http-nio-8080-exec-2] i.g.j.c.c.a.ServiceLogAspect [ServiceLogAspect.java:37] User: [0:0:0:0:0:0:0:1], at [2023-01-28 21:45:02], visited [io.github.jiajun2001.community.community.service.DiscussPostService.findDiscussPostRows].
2023-01-28 21:45:02,807 INFO [http-nio-8080-exec-2] i.g.j.c.c.a.ServiceLogAspect [ServiceLogAspect.java:37] User: [0:0:0:0:0:0:0:1], at [2023-01-28 21:45:02], visited [io.github.jiajun2001.community.community.service.DiscussPostService.findDiscussPosts].
2023-01-28 21:45:02,813 INFO [http-nio-8080-exec-2] i.g.j.c.c.a.ServiceLogAspect [ServiceLogAspect.java:37] User: [0:0:0:0:0:0:0:1], at [2023-01-28 21:45:02], visited [io.github.jiajun2001.community.community.service.UserService.findUserById].
2023-01-28 21:45:02,816 INFO [http-nio-8080-exec-2] i.g.j.c.c.a.ServiceLogAspect [ServiceLogAspect.java:37] User: [0:0:0:0:0:0:0:1], at [2023-01-28 21:45:02], visited [io.github.jiajun2001.community.community.service.LikeService.findEntityLikeCount].
2023-01-28 21:45:02,817 INFO [http-nio-8080-exec-2] i.g.j.c.c.a.ServiceLogAspect [ServiceLogAspect.java:37] User: [0:0:0:0:0:0:0:1], at [2023-01-28 21:45:02], visited [io.github.jiajun2001.community.community.service.UserService.findUserById].
2023-01-28 21:45:02,819 INFO [http-nio-8080-exec-2] i.g.j.c.c.a.ServiceLogAspect [ServiceLogAspect.java:37] User: [0:0:0:0:0:0:0:1], at [2023-01-28 21:45:02], visited [io.github.jiajun2001.community.community.service.LikeService.findEntityLikeCount].
2023-01-28 21:45:02,820 INFO [http-nio-8080-exec-2] i.g.j.c.c.a.ServiceLogAspect [ServiceLogAspect.java:37] User: [0:0:0:0:0:0:0:1], at [2023-01-28 21:45:02], visited [io.github.jiajun2001.community.community.service.UserService.findUserById].
2023-01-28 21:45:02,822 INFO [http-nio-8080-exec-2] i.g.j.c.c.a.ServiceLogAspect [ServiceLogAspect.java:37] User: [0:0:0:0:0:0:0:1], at [2023-01-28 21:45:02], visited [io.github.jiajun2001.community.community.service.LikeService.findEntityLikeCount].
2023-01-28 21:45:02,823 INFO [http-nio-8080-exec-2] i.g.j.c.c.a.ServiceLogAspect [ServiceLogAspect.java:37] User: [0:0:0:0:0:0:0:1], at [2023-01-28 21:45:02], visited [io.github.jiajun2001.community.community.service.UserService.findUserById].
2023-01-28 21:45:02,827 INFO [http-nio-8080-exec-2] i.g.j.c.c.a.ServiceLogAspect [ServiceLogAspect.java:37] User: [0:0:0:0:0:0:0:1], at [2023-01-28 21:45:02], visited [io.github.jiajun2001.community.community.service.LikeService.findEntityLikeCount].
2023-01-28 21:45:02,828 INFO [http-nio-8080-exec-2] i.g.j.c.c.a.ServiceLogAspect [ServiceLogAspect.java:37] User: [0:0:0:0:0:0:0:1], at [2023-01-28 21:45:02], visited [io.github.jiajun2001.community.community.service.UserService.findUserById].
2023-01-28 21:45:02,830 INFO [http-nio-8080-exec-2] i.g.j.c.c.a.ServiceLogAspect [ServiceLogAspect.java:37] User: [0:0:0:0:0:0:0:1], at [2023-01-28 21:45:02], visited [io.github.jiajun2001.community.community.service.LikeService.findEntityLikeCount].
2023-01-28 21:45:02,832 INFO [http-nio-8080-exec-2] i.g.j.c.c.a.ServiceLogAspect [ServiceLogAspect.java:37] User: [0:0:0:0:0:0:0:1], at [2023-01-28 21:45:02], visited [io.github.jiajun2001.community.community.service.UserService.findUserById].
2023-01-28 21:45:02,834 INFO [http-nio-8080-exec-2] i.g.j.c.c.a.ServiceLogAspect [ServiceLogAspect.java:37] User: [0:0:0:0:0:0:0:1], at [2023-01-28 21:45:02], visited [io.github.jiajun2001.community.community.service.LikeService.findEntityLikeCount].
2023-01-28 21:45:02,849 INFO [http-nio-8080-exec-2] i.g.j.c.c.a.ServiceLogAspect [ServiceLogAspect.java:37] User: [0:0:0:0:0:0:0:1], at [2023-01-28 21:45:02], visited [io.github.jiajun2001.community.community.service.UserService.findUserById].
2023-01-28 21:45:02,852 INFO [http-nio-8080-exec-2] i.g.j.c.c.a.ServiceLogAspect [ServiceLogAspect.java:37] User: [0:0:0:0:0:0:0:1], at [2023-01-28 21:45:02], visited [io.github.jiajun2001.community.community.service.LikeService.findEntityLikeCount].
2023-01-28 21:45:02,853 INFO [http-nio-8080-exec-2] i.g.j.c.c.a.ServiceLogAspect [ServiceLogAspect.java:37] User: [0:0:0:0:0:0:0:1], at [2023-01-28 21:45:02], visited [io.github.jiajun2001.community.community.service.UserService.findUserById].
2023-01-28 21:45:02,855 INFO [http-nio-8080-exec-2] i.g.j.c.c.a.ServiceLogAspect [ServiceLogAspect.java:37] User: [0:0:0:0:0:0:0:1], at [2023-01-28 21:45:02], visited [io.github.jiajun2001.community.community.service.LikeService.findEntityLikeCount].
2023-01-28 21:45:02,856 INFO [http-nio-8080-exec-2] i.g.j.c.c.a.ServiceLogAspect [ServiceLogAspect.java:37] User: [0:0:0:0:0:0:0:1], at [2023-01-28 21:45:02], visited [io.github.jiajun2001.community.community.service.UserService.findUserById].
2023-01-28 21:45:02,858 INFO [http-nio-8080-exec-2] i.g.j.c.c.a.ServiceLogAspect [ServiceLogAspect.java:37] User: [0:0:0:0:0:0:0:1], at [2023-01-28 21:45:02], visited [io.github.jiajun2001.community.community.service.LikeService.findEntityLikeCount].
2023-01-28 21:45:02,859 INFO [http-nio-8080-exec-2] i.g.j.c.c.a.ServiceLogAspect [ServiceLogAspect.java:37] User: [0:0:0:0:0:0:0:1], at [2023-01-28 21:45:02], visited [io.github.jiajun2001.community.community.service.UserService.findUserById].
2023-01-28 21:45:02,862 INFO [http-nio-8080-exec-2] i.g.j.c.c.a.ServiceLogAspect [ServiceLogAspect.java:37] User: [0:0:0:0:0:0:0:1], at [2023-01-28 21:45:02], visited [io.github.jiajun2001.community.community.service.LikeService.findEntityLikeCount].
2023-01-28 21:45:12,184 INFO [http-nio-8080-exec-7] i.g.j.c.c.a.ServiceLogAspect [ServiceLogAspect.java:37] User: [0:0:0:0:0:0:0:1], at [2023-01-28 21:45:12], visited [io.github.jiajun2001.community.community.service.UserService.findLoginTicket].
2023-01-28 21:45:12,187 INFO [http-nio-8080-exec-7] i.g.j.c.c.a.ServiceLogAspect [ServiceLogAspect.java:37] User: [0:0:0:0:0:0:0:1], at [2023-01-28 21:45:12], visited [io.github.jiajun2001.community.community.service.UserService.findUserById].
2023-01-28 21:45:12,191 INFO [http-nio-8080-exec-7] i.g.j.c.c.a.ServiceLogAspect [ServiceLogAspect.java:37] User: [0:0:0:0:0:0:0:1], at [2023-01-28 21:45:12], visited [io.github.jiajun2001.community.community.service.DiscussPostService.addDiscussPost].
2023-01-28 21:45:13,378 INFO [http-nio-8080-exec-8] i.g.j.c.c.a.ServiceLogAspect [ServiceLogAspect.java:37] User: [0:0:0:0:0:0:0:1], at [2023-01-28 21:45:13], visited [io.github.jiajun2001.community.community.service.UserService.findLoginTicket].
2023-01-28 21:45:13,381 INFO [http-nio-8080-exec-8] i.g.j.c.c.a.ServiceLogAspect [ServiceLogAspect.java:37] User: [0:0:0:0:0:0:0:1], at [2023-01-28 21:45:13], visited [io.github.jiajun2001.community.community.service.UserService.findUserById].
2023-01-28 21:45:13,383 INFO [http-nio-8080-exec-8] i.g.j.c.c.a.ServiceLogAspect [ServiceLogAspect.java:37] User: [0:0:0:0:0:0:0:1], at [2023-01-28 21:45:13], visited [io.github.jiajun2001.community.community.service.DiscussPostService.findDiscussPostRows].
2023-01-28 21:45:13,385 INFO [http-nio-8080-exec-8] i.g.j.c.c.a.ServiceLogAspect [ServiceLogAspect.java:37] User: [0:0:0:0:0:0:0:1], at [2023-01-28 21:45:13], visited [io.github.jiajun2001.community.community.service.DiscussPostService.findDiscussPosts].
2023-01-28 21:45:13,388 INFO [http-nio-8080-exec-8] i.g.j.c.c.a.ServiceLogAspect [ServiceLogAspect.java:37] User: [0:0:0:0:0:0:0:1], at [2023-01-28 21:45:13], visited [io.github.jiajun2001.community.community.service.UserService.findUserById].
2023-01-28 21:45:13,390 INFO [http-nio-8080-exec-8] i.g.j.c.c.a.ServiceLogAspect [ServiceLogAspect.java:37] User: [0:0:0:0:0:0:0:1], at [2023-01-28 21:45:13], visited [io.github.jiajun2001.community.community.service.LikeService.findEntityLikeCount].
2023-01-28 21:45:13,399 INFO [http-nio-8080-exec-8] i.g.j.c.c.a.ServiceLogAspect [ServiceLogAspect.java:37] User: [0:0:0:0:0:0:0:1], at [2023-01-28 21:45:13], visited [io.github.jiajun2001.community.community.service.UserService.findUserById].
2023-01-28 21:45:13,401 INFO [http-nio-8080-exec-8] i.g.j.c.c.a.ServiceLogAspect [ServiceLogAspect.java:37] User: [0:0:0:0:0:0:0:1], at [2023-01-28 21:45:13], visited [io.github.jiajun2001.community.community.service.LikeService.findEntityLikeCount].
2023-01-28 21:45:13,402 INFO [http-nio-8080-exec-8] i.g.j.c.c.a.ServiceLogAspect [ServiceLogAspect.java:37] User: [0:0:0:0:0:0:0:1], at [2023-01-28 21:45:13], visited [io.github.jiajun2001.community.community.service.UserService.findUserById].
2023-01-28 21:45:13,404 INFO [http-nio-8080-exec-8] i.g.j.c.c.a.ServiceLogAspect [ServiceLogAspect.java:37] User: [0:0:0:0:0:0:0:1], at [2023-01-28 21:45:13], visited [io.github.jiajun2001.community.community.service.LikeService.findEntityLikeCount].
2023-01-28 21:45:13,405 INFO [http-nio-8080-exec-8] i.g.j.c.c.a.ServiceLogAspect [ServiceLogAspect.java:37] User: [0:0:0:0:0:0:0:1], at [2023-01-28 21:45:13], visited [io.github.jiajun2001.community.community.service.UserService.findUserById].
2023-01-28 21:45:13,407 INFO [http-nio-8080-exec-8] i.g.j.c.c.a.ServiceLogAspect [ServiceLogAspect.java:37] User: [0:0:0:0:0:0:0:1], at [2023-01-28 21:45:13], visited [io.github.jiajun2001.community.community.service.LikeService.findEntityLikeCount].
2023-01-28 21:45:13,408 INFO [http-nio-8080-exec-8] i.g.j.c.c.a.ServiceLogAspect [ServiceLogAspect.java:37] User: [0:0:0:0:0:0:0:1], at [2023-01-28 21:45:13], visited [io.github.jiajun2001.community.community.service.UserService.findUserById].
2023-01-28 21:45:13,410 INFO [http-nio-8080-exec-8] i.g.j.c.c.a.ServiceLogAspect [ServiceLogAspect.java:37] User: [0:0:0:0:0:0:0:1], at [2023-01-28 21:45:13], visited [io.github.jiajun2001.community.community.service.LikeService.findEntityLikeCount].
2023-01-28 21:45:13,411 INFO [http-nio-8080-exec-8] i.g.j.c.c.a.ServiceLogAspect [ServiceLogAspect.java:37] User: [0:0:0:0:0:0:0:1], at [2023-01-28 21:45:13], visited [io.github.jiajun2001.community.community.service.UserService.findUserById].
2023-01-28 21:45:13,414 INFO [http-nio-8080-exec-8] i.g.j.c.c.a.ServiceLogAspect [ServiceLogAspect.java:37] User: [0:0:0:0:0:0:0:1], at [2023-01-28 21:45:13], visited [io.github.jiajun2001.community.community.service.LikeService.findEntityLikeCount].
2023-01-28 21:45:13,415 INFO [http-nio-8080-exec-8] i.g.j.c.c.a.ServiceLogAspect [ServiceLogAspect.java:37] User: [0:0:0:0:0:0:0:1], at [2023-01-28 21:45:13], visited [io.github.jiajun2001.community.community.service.UserService.findUserById].
2023-01-28 21:45:13,417 INFO [http-nio-8080-exec-8] i.g.j.c.c.a.ServiceLogAspect [ServiceLogAspect.java:37] User: [0:0:0:0:0:0:0:1], at [2023-01-28 21:45:13], visited [io.github.jiajun2001.community.community.service.LikeService.findEntityLikeCount].
2023-01-28 21:45:13,418 INFO [http-nio-8080-exec-8] i.g.j.c.c.a.ServiceLogAspect [ServiceLogAspect.java:37] User: [0:0:0:0:0:0:0:1], at [2023-01-28 21:45:13], visited [io.github.jiajun2001.community.community.service.UserService.findUserById].
2023-01-28 21:45:13,421 INFO [http-nio-8080-exec-8] i.g.j.c.c.a.ServiceLogAspect [ServiceLogAspect.java:37] User: [0:0:0:0:0:0:0:1], at [2023-01-28 21:45:13], visited [io.github.jiajun2001.community.community.service.LikeService.findEntityLikeCount].
2023-01-28 21:45:13,422 INFO [http-nio-8080-exec-8] i.g.j.c.c.a.ServiceLogAspect [ServiceLogAspect.java:37] User: [0:0:0:0:0:0:0:1], at [2023-01-28 21:45:13], visited [io.github.jiajun2001.community.community.service.UserService.findUserById].
2023-01-28 21:45:13,424 INFO [http-nio-8080-exec-8] i.g.j.c.c.a.ServiceLogAspect [ServiceLogAspect.java:37] User: [0:0:0:0:0:0:0:1], at [2023-01-28 21:45:13], visited [io.github.jiajun2001.community.community.service.LikeService.findEntityLikeCount].
2023-01-28 21:45:13,425 INFO [http-nio-8080-exec-8] i.g.j.c.c.a.ServiceLogAspect [ServiceLogAspect.java:37] User: [0:0:0:0:0:0:0:1], at [2023-01-28 21:45:13], visited [io.github.jiajun2001.community.community.service.UserService.findUserById].
2023-01-28 21:45:13,427 INFO [http-nio-8080-exec-8] i.g.j.c.c.a.ServiceLogAspect [ServiceLogAspect.java:37] User: [0:0:0:0:0:0:0:1], at [2023-01-28 21:45:13], visited [io.github.jiajun2001.community.community.service.LikeService.findEntityLikeCount].
2023-01-28 21:45:48,706 INFO [http-nio-8080-exec-3] i.g.j.c.c.a.ServiceLogAspect [ServiceLogAspect.java:37] User: [0:0:0:0:0:0:0:1], at [2023-01-28 21:45:48], visited [io.github.jiajun2001.community.community.service.UserService.findLoginTicket].
2023-01-28 21:45:48,708 INFO [http-nio-8080-exec-3] i.g.j.c.c.a.ServiceLogAspect [ServiceLogAspect.java:37] User: [0:0:0:0:0:0:0:1], at [2023-01-28 21:45:48], visited [io.github.jiajun2001.community.community.service.UserService.findUserById].
2023-01-28 21:45:48,712 INFO [http-nio-8080-exec-3] i.g.j.c.c.a.ServiceLogAspect [ServiceLogAspect.java:37] User: [0:0:0:0:0:0:0:1], at [2023-01-28 21:45:48], visited [io.github.jiajun2001.community.community.service.DiscussPostService.findDiscussPostById].
2023-01-28 21:45:48,714 INFO [http-nio-8080-exec-3] i.g.j.c.c.a.ServiceLogAspect [ServiceLogAspect.java:37] User: [0:0:0:0:0:0:0:1], at [2023-01-28 21:45:48], visited [io.github.jiajun2001.community.community.service.UserService.findUserById].
2023-01-28 21:45:48,716 INFO [http-nio-8080-exec-3] i.g.j.c.c.a.ServiceLogAspect [ServiceLogAspect.java:37] User: [0:0:0:0:0:0:0:1], at [2023-01-28 21:45:48], visited [io.github.jiajun2001.community.community.service.LikeService.findEntityLikeCount].
2023-01-28 21:45:48,717 INFO [http-nio-8080-exec-3] i.g.j.c.c.a.ServiceLogAspect [ServiceLogAspect.java:37] User: [0:0:0:0:0:0:0:1], at [2023-01-28 21:45:48], visited [io.github.jiajun2001.community.community.service.LikeService.findEntityLikeStatus].
2023-01-28 21:45:48,727 INFO [http-nio-8080-exec-3] i.g.j.c.c.a.ServiceLogAspect [ServiceLogAspect.java:37] User: [0:0:0:0:0:0:0:1], at [2023-01-28 21:45:48], visited [io.github.jiajun2001.community.community.service.CommentService.findCommentsByEntity].
2023-01-28 21:45:48,731 INFO [http-nio-8080-exec-3] i.g.j.c.c.a.ServiceLogAspect [ServiceLogAspect.java:37] User: [0:0:0:0:0:0:0:1], at [2023-01-28 21:45:48], visited [io.github.jiajun2001.community.community.service.UserService.findUserById].
2023-01-28 21:45:48,733 INFO [http-nio-8080-exec-3] i.g.j.c.c.a.ServiceLogAspect [ServiceLogAspect.java:37] User: [0:0:0:0:0:0:0:1], at [2023-01-28 21:45:48], visited [io.github.jiajun2001.community.community.service.LikeService.findEntityLikeCount].
2023-01-28 21:45:48,748 INFO [http-nio-8080-exec-3] i.g.j.c.c.a.ServiceLogAspect [ServiceLogAspect.java:37] User: [0:0:0:0:0:0:0:1], at [2023-01-28 21:45:48], visited [io.github.jiajun2001.community.community.service.LikeService.findEntityLikeStatus].
2023-01-28 21:45:48,750 INFO [http-nio-8080-exec-3] i.g.j.c.c.a.ServiceLogAspect [ServiceLogAspect.java:37] User: [0:0:0:0:0:0:0:1], at [2023-01-28 21:45:48], visited [io.github.jiajun2001.community.community.service.CommentService.findCommentsByEntity].
2023-01-28 21:45:48,752 INFO [http-nio-8080-exec-3] i.g.j.c.c.a.ServiceLogAspect [ServiceLogAspect.java:37] User: [0:0:0:0:0:0:0:1], at [2023-01-28 21:45:48], visited [io.github.jiajun2001.community.community.service.CommentService.findCommentCount].
2023-01-28 21:45:48,754 INFO [http-nio-8080-exec-3] i.g.j.c.c.a.ServiceLogAspect [ServiceLogAspect.java:37] User: [0:0:0:0:0:0:0:1], at [2023-01-28 21:45:48], visited [io.github.jiajun2001.community.community.service.UserService.findUserById].
2023-01-28 21:45:48,755 INFO [http-nio-8080-exec-3] i.g.j.c.c.a.ServiceLogAspect [ServiceLogAspect.java:37] User: [0:0:0:0:0:0:0:1], at [2023-01-28 21:45:48], visited [io.github.jiajun2001.community.community.service.LikeService.findEntityLikeCount].
2023-01-28 21:45:48,756 INFO [http-nio-8080-exec-3] i.g.j.c.c.a.ServiceLogAspect [ServiceLogAspect.java:37] User: [0:0:0:0:0:0:0:1], at [2023-01-28 21:45:48], visited [io.github.jiajun2001.community.community.service.LikeService.findEntityLikeStatus].
2023-01-28 21:45:48,757 INFO [http-nio-8080-exec-3] i.g.j.c.c.a.ServiceLogAspect [ServiceLogAspect.java:37] User: [0:0:0:0:0:0:0:1], at [2023-01-28 21:45:48], visited [io.github.jiajun2001.community.community.service.CommentService.findCommentsByEntity].
2023-01-28 21:45:48,759 INFO [http-nio-8080-exec-3] i.g.j.c.c.a.ServiceLogAspect [ServiceLogAspect.java:37] User: [0:0:0:0:0:0:0:1], at [2023-01-28 21:45:48], visited [io.github.jiajun2001.community.community.service.CommentService.findCommentCount].
2023-01-28 21:45:48,760 INFO [http-nio-8080-exec-3] i.g.j.c.c.a.ServiceLogAspect [ServiceLogAspect.java:37] User: [0:0:0:0:0:0:0:1], at [2023-01-28 21:45:48], visited [io.github.jiajun2001.community.community.service.UserService.findUserById].
2023-01-28 21:45:48,761 INFO [http-nio-8080-exec-3] i.g.j.c.c.a.ServiceLogAspect [ServiceLogAspect.java:37] User: [0:0:0:0:0:0:0:1], at [2023-01-28 21:45:48], visited [io.github.jiajun2001.community.community.service.LikeService.findEntityLikeCount].
2023-01-28 21:45:48,762 INFO [http-nio-8080-exec-3] i.g.j.c.c.a.ServiceLogAspect [ServiceLogAspect.java:37] User: [0:0:0:0:0:0:0:1], at [2023-01-28 21:45:48], visited [io.github.jiajun2001.community.community.service.LikeService.findEntityLikeStatus].
2023-01-28 21:45:48,763 INFO [http-nio-8080-exec-3] i.g.j.c.c.a.ServiceLogAspect [ServiceLogAspect.java:37] User: [0:0:0:0:0:0:0:1], at [2023-01-28 21:45:48], visited [io.github.jiajun2001.community.community.service.CommentService.findCommentsByEntity].
2023-01-28 21:45:48,766 INFO [http-nio-8080-exec-3] i.g.j.c.c.a.ServiceLogAspect [ServiceLogAspect.java:37] User: [0:0:0:0:0:0:0:1], at [2023-01-28 21:45:48], visited [io.github.jiajun2001.community.community.service.CommentService.findCommentCount].
2023-01-28 21:45:48,767 INFO [http-nio-8080-exec-3] i.g.j.c.c.a.ServiceLogAspect [ServiceLogAspect.java:37] User: [0:0:0:0:0:0:0:1], at [2023-01-28 21:45:48], visited [io.github.jiajun2001.community.community.service.UserService.findUserById].
2023-01-28 21:45:48,769 INFO [http-nio-8080-exec-3] i.g.j.c.c.a.ServiceLogAspect [ServiceLogAspect.java:37] User: [0:0:0:0:0:0:0:1], at [2023-01-28 21:45:48], visited [io.github.jiajun2001.community.community.service.LikeService.findEntityLikeCount].
2023-01-28 21:45:48,771 INFO [http-nio-8080-exec-3] i.g.j.c.c.a.ServiceLogAspect [ServiceLogAspect.java:37] User: [0:0:0:0:0:0:0:1], at [2023-01-28 21:45:48], visited [io.github.jiajun2001.community.community.service.LikeService.findEntityLikeStatus].
2023-01-28 21:45:48,771 INFO [http-nio-8080-exec-3] i.g.j.c.c.a.ServiceLogAspect [ServiceLogAspect.java:37] User: [0:0:0:0:0:0:0:1], at [2023-01-28 21:45:48], visited [io.github.jiajun2001.community.community.service.CommentService.findCommentsByEntity].
2023-01-28 21:45:48,773 INFO [http-nio-8080-exec-3] i.g.j.c.c.a.ServiceLogAspect [ServiceLogAspect.java:37] User: [0:0:0:0:0:0:0:1], at [2023-01-28 21:45:48], visited [io.github.jiajun2001.community.community.service.CommentService.findCommentCount].
2023-01-28 21:45:48,775 INFO [http-nio-8080-exec-3] i.g.j.c.c.a.ServiceLogAspect [ServiceLogAspect.java:37] User: [0:0:0:0:0:0:0:1], at [2023-01-28 21:45:48], visited [io.github.jiajun2001.community.community.service.UserService.findUserById].
2023-01-28 21:45:48,776 INFO [http-nio-8080-exec-3] i.g.j.c.c.a.ServiceLogAspect [ServiceLogAspect.java:37] User: [0:0:0:0:0:0:0:1], at [2023-01-28 21:45:48], visited [io.github.jiajun2001.community.community.service.LikeService.findEntityLikeCount].
2023-01-28 21:45:48,777 INFO [http-nio-8080-exec-3] i.g.j.c.c.a.ServiceLogAspect [ServiceLogAspect.java:37] User: [0:0:0:0:0:0:0:1], at [2023-01-28 21:45:48], visited [io.github.jiajun2001.community.community.service.LikeService.findEntityLikeStatus].
2023-01-28 21:45:48,778 INFO [http-nio-8080-exec-3] i.g.j.c.c.a.ServiceLogAspect [ServiceLogAspect.java:37] User: [0:0:0:0:0:0:0:1], at [2023-01-28 21:45:48], visited [io.github.jiajun2001.community.community.service.CommentService.findCommentsByEntity].
2023-01-28 21:45:48,780 INFO [http-nio-8080-exec-3] i.g.j.c.c.a.ServiceLogAspect [ServiceLogAspect.java:37] User: [0:0:0:0:0:0:0:1], at [2023-01-28 21:45:48], visited [io.github.jiajun2001.community.community.service.CommentService.findCommentCount].
2023-01-28 21:45:51,081 INFO [http-nio-8080-exec-10] i.g.j.c.c.a.ServiceLogAspect [ServiceLogAspect.java:37] User: [0:0:0:0:0:0:0:1], at [2023-01-28 21:45:51], visited [io.github.jiajun2001.community.community.service.UserService.findLoginTicket].
2023-01-28 21:45:51,083 INFO [http-nio-8080-exec-10] i.g.j.c.c.a.ServiceLogAspect [ServiceLogAspect.java:37] User: [0:0:0:0:0:0:0:1], at [2023-01-28 21:45:51], visited [io.github.jiajun2001.community.community.service.UserService.findUserById].
2023-01-28 21:45:51,086 INFO [http-nio-8080-exec-10] i.g.j.c.c.a.ServiceLogAspect [ServiceLogAspect.java:37] User: [0:0:0:0:0:0:0:1], at [2023-01-28 21:45:51], visited [io.github.jiajun2001.community.community.service.DiscussPostService.findDiscussPostRows].
2023-01-28 21:45:51,087 INFO [http-nio-8080-exec-10] i.g.j.c.c.a.ServiceLogAspect [ServiceLogAspect.java:37] User: [0:0:0:0:0:0:0:1], at [2023-01-28 21:45:51], visited [io.github.jiajun2001.community.community.service.DiscussPostService.findDiscussPosts].
2023-01-28 21:45:51,091 INFO [http-nio-8080-exec-10] i.g.j.c.c.a.ServiceLogAspect [ServiceLogAspect.java:37] User: [0:0:0:0:0:0:0:1], at [2023-01-28 21:45:51], visited [io.github.jiajun2001.community.community.service.UserService.findUserById].
2023-01-28 21:45:51,093 INFO [http-nio-8080-exec-10] i.g.j.c.c.a.ServiceLogAspect [ServiceLogAspect.java:37] User: [0:0:0:0:0:0:0:1], at [2023-01-28 21:45:51], visited [io.github.jiajun2001.community.community.service.LikeService.findEntityLikeCount].
2023-01-28 21:45:51,098 INFO [http-nio-8080-exec-10] i.g.j.c.c.a.ServiceLogAspect [ServiceLogAspect.java:37] User: [0:0:0:0:0:0:0:1], at [2023-01-28 21:45:51], visited [io.github.jiajun2001.community.community.service.UserService.findUserById].
2023-01-28 21:45:51,100 INFO [http-nio-8080-exec-10] i.g.j.c.c.a.ServiceLogAspect [ServiceLogAspect.java:37] User: [0:0:0:0:0:0:0:1], at [2023-01-28 21:45:51], visited [io.github.jiajun2001.community.community.service.LikeService.findEntityLikeCount].
2023-01-28 21:45:51,101 INFO [http-nio-8080-exec-10] i.g.j.c.c.a.ServiceLogAspect [ServiceLogAspect.java:37] User: [0:0:0:0:0:0:0:1], at [2023-01-28 21:45:51], visited [io.github.jiajun2001.community.community.service.UserService.findUserById].
2023-01-28 21:45:51,104 INFO [http-nio-8080-exec-10] i.g.j.c.c.a.ServiceLogAspect [ServiceLogAspect.java:37] User: [0:0:0:0:0:0:0:1], at [2023-01-28 21:45:51], visited [io.github.jiajun2001.community.community.service.LikeService.findEntityLikeCount].
2023-01-28 21:45:51,105 INFO [http-nio-8080-exec-10] i.g.j.c.c.a.ServiceLogAspect [ServiceLogAspect.java:37] User: [0:0:0:0:0:0:0:1], at [2023-01-28 21:45:51], visited [io.github.jiajun2001.community.community.service.UserService.findUserById].
2023-01-28 21:45:51,108 INFO [http-nio-8080-exec-10] i.g.j.c.c.a.ServiceLogAspect [ServiceLogAspect.java:37] User: [0:0:0:0:0:0:0:1], at [2023-01-28 21:45:51], visited [io.github.jiajun2001.community.community.service.LikeService.findEntityLikeCount].
2023-01-28 21:45:51,109 INFO [http-nio-8080-exec-10] i.g.j.c.c.a.ServiceLogAspect [ServiceLogAspect.java:37] User: [0:0:0:0:0:0:0:1], at [2023-01-28 21:45:51], visited [io.github.jiajun2001.community.community.service.UserService.findUserById].
2023-01-28 21:45:51,111 INFO [http-nio-8080-exec-10] i.g.j.c.c.a.ServiceLogAspect [ServiceLogAspect.java:37] User: [0:0:0:0:0:0:0:1], at [2023-01-28 21:45:51], visited [io.github.jiajun2001.community.community.service.LikeService.findEntityLikeCount].
2023-01-28 21:45:51,113 INFO [http-nio-8080-exec-10] i.g.j.c.c.a.ServiceLogAspect [ServiceLogAspect.java:37] User: [0:0:0:0:0:0:0:1], at [2023-01-28 21:45:51], visited [io.github.jiajun2001.community.community.service.UserService.findUserById].
2023-01-28 21:45:51,115 INFO [http-nio-8080-exec-10] i.g.j.c.c.a.ServiceLogAspect [ServiceLogAspect.java:37] User: [0:0:0:0:0:0:0:1], at [2023-01-28 21:45:51], visited [io.github.jiajun2001.community.community.service.LikeService.findEntityLikeCount].
2023-01-28 21:45:51,116 INFO [http-nio-8080-exec-10] i.g.j.c.c.a.ServiceLogAspect [ServiceLogAspect.java:37] User: [0:0:0:0:0:0:0:1], at [2023-01-28 21:45:51], visited [io.github.jiajun2001.community.community.service.UserService.findUserById].
2023-01-28 21:45:51,118 INFO [http-nio-8080-exec-10] i.g.j.c.c.a.ServiceLogAspect [ServiceLogAspect.java:37] User: [0:0:0:0:0:0:0:1], at [2023-01-28 21:45:51], visited [io.github.jiajun2001.community.community.service.LikeService.findEntityLikeCount].
2023-01-28 21:45:51,119 INFO [http-nio-8080-exec-10] i.g.j.c.c.a.ServiceLogAspect [ServiceLogAspect.java:37] User: [0:0:0:0:0:0:0:1], at [2023-01-28 21:45:51], visited [io.github.jiajun2001.community.community.service.UserService.findUserById].
2023-01-28 21:45:51,121 INFO [http-nio-8080-exec-10] i.g.j.c.c.a.ServiceLogAspect [ServiceLogAspect.java:37] User: [0:0:0:0:0:0:0:1], at [2023-01-28 21:45:51], visited [io.github.jiajun2001.community.community.service.LikeService.findEntityLikeCount].
2023-01-28 21:45:51,122 INFO [http-nio-8080-exec-10] i.g.j.c.c.a.ServiceLogAspect [ServiceLogAspect.java:37] User: [0:0:0:0:0:0:0:1], at [2023-01-28 21:45:51], visited [io.github.jiajun2001.community.community.service.UserService.findUserById].
2023-01-28 21:45:51,124 INFO [http-nio-8080-exec-10] i.g.j.c.c.a.ServiceLogAspect [ServiceLogAspect.java:37] User: [0:0:0:0:0:0:0:1], at [2023-01-28 21:45:51], visited [io.github.jiajun2001.community.community.service.LikeService.findEntityLikeCount].
2023-01-28 21:45:51,124 INFO [http-nio-8080-exec-10] i.g.j.c.c.a.ServiceLogAspect [ServiceLogAspect.java:37] User: [0:0:0:0:0:0:0:1], at [2023-01-28 21:45:51], visited [io.github.jiajun2001.community.community.service.UserService.findUserById].
2023-01-28 21:45:51,126 INFO [http-nio-8080-exec-10] i.g.j.c.c.a.ServiceLogAspect [ServiceLogAspect.java:37] User: [0:0:0:0:0:0:0:1], at [2023-01-28 21:45:51], visited [io.github.jiajun2001.community.community.service.LikeService.findEntityLikeCount].
2023-01-28 21:45:51,443 INFO [http-nio-8080-exec-5] i.g.j.c.c.a.ServiceLogAspect [ServiceLogAspect.java:37] User: [0:0:0:0:0:0:0:1], at [2023-01-28 21:45:51], visited [io.github.jiajun2001.community.community.service.UserService.findLoginTicket].
2023-01-28 21:45:51,445 INFO [http-nio-8080-exec-5] i.g.j.c.c.a.ServiceLogAspect [ServiceLogAspect.java:37] User: [0:0:0:0:0:0:0:1], at [2023-01-28 21:45:51], visited [io.github.jiajun2001.community.community.service.UserService.findUserById].
2023-01-28 21:45:51,446 INFO [http-nio-8080-exec-5] i.g.j.c.c.a.ServiceLogAspect [ServiceLogAspect.java:37] User: [0:0:0:0:0:0:0:1], at [2023-01-28 21:45:51], visited [io.github.jiajun2001.community.community.service.DiscussPostService.findDiscussPostRows].
2023-01-28 21:45:51,448 INFO [http-nio-8080-exec-5] i.g.j.c.c.a.ServiceLogAspect [ServiceLogAspect.java:37] User: [0:0:0:0:0:0:0:1], at [2023-01-28 21:45:51], visited [io.github.jiajun2001.community.community.service.DiscussPostService.findDiscussPosts].
2023-01-28 21:45:51,452 INFO [http-nio-8080-exec-5] i.g.j.c.c.a.ServiceLogAspect [ServiceLogAspect.java:37] User: [0:0:0:0:0:0:0:1], at [2023-01-28 21:45:51], visited [io.github.jiajun2001.community.community.service.UserService.findUserById].
2023-01-28 21:45:51,454 INFO [http-nio-8080-exec-5] i.g.j.c.c.a.ServiceLogAspect [ServiceLogAspect.java:37] User: [0:0:0:0:0:0:0:1], at [2023-01-28 21:45:51], visited [io.github.jiajun2001.community.community.service.LikeService.findEntityLikeCount].
2023-01-28 21:45:51,455 INFO [http-nio-8080-exec-5] i.g.j.c.c.a.ServiceLogAspect [ServiceLogAspect.java:37] User: [0:0:0:0:0:0:0:1], at [2023-01-28 21:45:51], visited [io.github.jiajun2001.community.community.service.UserService.findUserById].
2023-01-28 21:45:51,457 INFO [http-nio-8080-exec-5] i.g.j.c.c.a.ServiceLogAspect [ServiceLogAspect.java:37] User: [0:0:0:0:0:0:0:1], at [2023-01-28 21:45:51], visited [io.github.jiajun2001.community.community.service.LikeService.findEntityLikeCount].
2023-01-28 21:45:51,458 INFO [http-nio-8080-exec-5] i.g.j.c.c.a.ServiceLogAspect [ServiceLogAspect.java:37] User: [0:0:0:0:0:0:0:1], at [2023-01-28 21:45:51], visited [io.github.jiajun2001.community.community.service.UserService.findUserById].
2023-01-28 21:45:51,460 INFO [http-nio-8080-exec-5] i.g.j.c.c.a.ServiceLogAspect [ServiceLogAspect.java:37] User: [0:0:0:0:0:0:0:1], at [2023-01-28 21:45:51], visited [io.github.jiajun2001.community.community.service.LikeService.findEntityLikeCount].
2023-01-28 21:45:51,461 INFO [http-nio-8080-exec-5] i.g.j.c.c.a.ServiceLogAspect [ServiceLogAspect.java:37] User: [0:0:0:0:0:0:0:1], at [2023-01-28 21:45:51], visited [io.github.jiajun2001.community.community.service.UserService.findUserById].
2023-01-28 21:45:51,463 INFO [http-nio-8080-exec-5] i.g.j.c.c.a.ServiceLogAspect [ServiceLogAspect.java:37] User: [0:0:0:0:0:0:0:1], at [2023-01-28 21:45:51], visited [io.github.jiajun2001.community.community.service.LikeService.findEntityLikeCount].
2023-01-28 21:45:51,463 INFO [http-nio-8080-exec-5] i.g.j.c.c.a.ServiceLogAspect [ServiceLogAspect.java:37] User: [0:0:0:0:0:0:0:1], at [2023-01-28 21:45:51], visited [io.github.jiajun2001.community.community.service.UserService.findUserById].
2023-01-28 21:45:51,465 INFO [http-nio-8080-exec-5] i.g.j.c.c.a.ServiceLogAspect [ServiceLogAspect.java:37] User: [0:0:0:0:0:0:0:1], at [2023-01-28 21:45:51], visited [io.github.jiajun2001.community.community.service.LikeService.findEntityLikeCount].
2023-01-28 21:45:51,466 INFO [http-nio-8080-exec-5] i.g.j.c.c.a.ServiceLogAspect [ServiceLogAspect.java:37] User: [0:0:0:0:0:0:0:1], at [2023-01-28 21:45:51], visited [io.github.jiajun2001.community.community.service.UserService.findUserById].
2023-01-28 21:45:51,467 INFO [http-nio-8080-exec-5] i.g.j.c.c.a.ServiceLogAspect [ServiceLogAspect.java:37] User: [0:0:0:0:0:0:0:1], at [2023-01-28 21:45:51], visited [io.github.jiajun2001.community.community.service.LikeService.findEntityLikeCount].
2023-01-28 21:45:51,468 INFO [http-nio-8080-exec-5] i.g.j.c.c.a.ServiceLogAspect [ServiceLogAspect.java:37] User: [0:0:0:0:0:0:0:1], at [2023-01-28 21:45:51], visited [io.github.jiajun2001.community.community.service.UserService.findUserById].
2023-01-28 21:45:51,470 INFO [http-nio-8080-exec-5] i.g.j.c.c.a.ServiceLogAspect [ServiceLogAspect.java:37] User: [0:0:0:0:0:0:0:1], at [2023-01-28 21:45:51], visited [io.github.jiajun2001.community.community.service.LikeService.findEntityLikeCount].
2023-01-28 21:45:51,471 INFO [http-nio-8080-exec-5] i.g.j.c.c.a.ServiceLogAspect [ServiceLogAspect.java:37] User: [0:0:0:0:0:0:0:1], at [2023-01-28 21:45:51], visited [io.github.jiajun2001.community.community.service.UserService.findUserById].
2023-01-28 21:45:51,472 INFO [http-nio-8080-exec-5] i.g.j.c.c.a.ServiceLogAspect [ServiceLogAspect.java:37] User: [0:0:0:0:0:0:0:1], at [2023-01-28 21:45:51], visited [io.github.jiajun2001.community.community.service.LikeService.findEntityLikeCount].
2023-01-28 21:45:51,473 INFO [http-nio-8080-exec-5] i.g.j.c.c.a.ServiceLogAspect [ServiceLogAspect.java:37] User: [0:0:0:0:0:0:0:1], at [2023-01-28 21:45:51], visited [io.github.jiajun2001.community.community.service.UserService.findUserById].
2023-01-28 21:45:51,475 INFO [http-nio-8080-exec-5] i.g.j.c.c.a.ServiceLogAspect [ServiceLogAspect.java:37] User: [0:0:0:0:0:0:0:1], at [2023-01-28 21:45:51], visited [io.github.jiajun2001.community.community.service.LikeService.findEntityLikeCount].
2023-01-28 21:45:51,476 INFO [http-nio-8080-exec-5] i.g.j.c.c.a.ServiceLogAspect [ServiceLogAspect.java:37] User: [0:0:0:0:0:0:0:1], at [2023-01-28 21:45:51], visited [io.github.jiajun2001.community.community.service.UserService.findUserById].
2023-01-28 21:45:51,478 INFO [http-nio-8080-exec-5] i.g.j.c.c.a.ServiceLogAspect [ServiceLogAspect.java:37] User: [0:0:0:0:0:0:0:1], at [2023-01-28 21:45:51], visited [io.github.jiajun2001.community.community.service.LikeService.findEntityLikeCount].
2023-01-28 21:59:41,634 INFO [SpringApplicationShutdownHook] c.z.h.HikariDataSource [HikariDataSource.java:350] HikariPool-1 - Shutdown initiated...
2023-01-28 21:59:41,659 INFO [SpringApplicationShutdownHook] c.z.h.HikariDataSource [HikariDataSource.java:352] HikariPool-1 - Shutdown completed.
