2023-01-09 00:08:45,138 INFO [SpringApplicationShutdownHook] c.z.h.HikariDataSource [HikariDataSource.java:350] HikariPool-1 - Shutdown initiated...
2023-01-09 00:08:45,147 INFO [SpringApplicationShutdownHook] c.z.h.HikariDataSource [HikariDataSource.java:352] HikariPool-1 - Shutdown completed.
2023-01-09 11:05:20,124 INFO [restartedMain] i.g.j.c.c.CommunityApplication [StartupInfoLogger.java:51] Starting CommunityApplication using Java 17.0.1 with PID 33841 (/Users/apple/Desktop/JavaCommunity/community/target/classes started by apple in /Users/apple/Desktop/JavaCommunity/community)
2023-01-09 11:05:20,129 INFO [restartedMain] i.g.j.c.c.CommunityApplication [SpringApplication.java:630] No active profile set, falling back to 1 default profile: "default"
2023-01-09 11:05:20,306 INFO [restartedMain] o.s.b.d.e.DevToolsPropertyDefaultsPostProcessor [DeferredLog.java:250] Devtools property defaults active! Set 'spring.devtools.add-properties' to 'false' to disable
2023-01-09 11:05:20,308 INFO [restartedMain] o.s.b.d.e.DevToolsPropertyDefaultsPostProcessor [DeferredLog.java:250] For additional web related logging consider setting the 'logging.level.web' property to 'DEBUG'
2023-01-09 11:05:22,356 INFO [restartedMain] o.s.b.w.e.t.TomcatWebServer [TomcatWebServer.java:114] Tomcat initialized with port(s): 8080 (http)
2023-01-09 11:05:22,375 INFO [restartedMain] o.a.c.h.Http11NioProtocol [DirectJDKLog.java:173] Initializing ProtocolHandler ["http-nio-8080"]
2023-01-09 11:05:22,377 INFO [restartedMain] o.a.c.c.StandardService [DirectJDKLog.java:173] Starting service [Tomcat]
2023-01-09 11:05:22,378 INFO [restartedMain] o.a.c.c.StandardEngine [DirectJDKLog.java:173] Starting Servlet engine: [Apache Tomcat/10.1.1]
2023-01-09 11:05:22,474 INFO [restartedMain] o.a.c.c.C.[.[.[/community] [DirectJDKLog.java:173] Initializing Spring embedded WebApplicationContext
2023-01-09 11:05:22,478 INFO [restartedMain] o.s.b.w.s.c.ServletWebServerApplicationContext [ServletWebServerApplicationContext.java:291] Root WebApplicationContext: initialization completed in 2163 ms
2023-01-09 11:05:23,599 INFO [restartedMain] o.s.b.a.w.s.WelcomePageHandlerMapping [WelcomePageHandlerMapping.java:56] Adding welcome page template: index
2023-01-09 11:05:23,819 INFO [restartedMain] o.s.b.d.a.OptionalLiveReloadServer [OptionalLiveReloadServer.java:59] LiveReload server is running on port 35729
2023-01-09 11:05:23,845 INFO [restartedMain] o.a.c.h.Http11NioProtocol [DirectJDKLog.java:173] Starting ProtocolHandler ["http-nio-8080"]
2023-01-09 11:05:23,868 INFO [restartedMain] o.s.b.w.e.t.TomcatWebServer [TomcatWebServer.java:226] Tomcat started on port(s): 8080 (http) with context path '/community'
2023-01-09 11:05:23,883 INFO [restartedMain] i.g.j.c.c.CommunityApplication [StartupInfoLogger.java:57] Started CommunityApplication in 4.708 seconds (process running for 5.376)
2023-01-09 11:05:24,115 INFO [http-nio-8080-exec-1] o.a.c.c.C.[.[.[/community] [DirectJDKLog.java:173] Initializing Spring DispatcherServlet 'dispatcherServlet'
2023-01-09 11:05:24,116 INFO [http-nio-8080-exec-1] o.s.w.s.DispatcherServlet [FrameworkServlet.java:525] Initializing Servlet 'dispatcherServlet'
2023-01-09 11:05:24,120 INFO [http-nio-8080-exec-1] o.s.w.s.DispatcherServlet [FrameworkServlet.java:547] Completed initialization in 3 ms
2023-01-09 11:05:24,224 INFO [http-nio-8080-exec-1] c.z.h.HikariDataSource [HikariDataSource.java:110] HikariPool-1 - Starting...
2023-01-09 11:05:24,488 INFO [http-nio-8080-exec-1] c.z.h.p.HikariPool [HikariPool.java:565] HikariPool-1 - Added connection com.mysql.cj.jdbc.ConnectionImpl@1366c983
2023-01-09 11:05:24,492 INFO [http-nio-8080-exec-1] c.z.h.HikariDataSource [HikariDataSource.java:123] HikariPool-1 - Start completed.
2023-01-09 11:12:07,703 INFO [SpringApplicationShutdownHook] c.z.h.HikariDataSource [HikariDataSource.java:350] HikariPool-1 - Shutdown initiated...
2023-01-09 11:12:07,719 INFO [SpringApplicationShutdownHook] c.z.h.HikariDataSource [HikariDataSource.java:352] HikariPool-1 - Shutdown completed.
