2023-02-18 00:22:16,561 INFO [kafka-producer-network-thread | producer-1] o.a.k.c.NetworkClient [NetworkClient.java:819] [Producer clientId=producer-1] Disconnecting from node 0 due to socket connection setup timeout. The timeout value is 30836 ms.
2023-02-18 00:22:16,561 INFO [org.springframework.kafka.KafkaListenerEndpointContainer#0-0-C-1] o.a.k.c.NetworkClient [NetworkClient.java:819] [Consumer clientId=consumer-community-consumer-group-1, groupId=community-consumer-group] Disconnecting from node 0 due to socket connection setup timeout. The timeout value is 32371 ms.
2023-02-18 00:22:16,923 INFO [org.springframework.kafka.KafkaListenerEndpointContainer#0-0-C-1] o.a.k.c.FetchSessionHandler [FetchSessionHandler.java:602] [Consumer clientId=consumer-community-consumer-group-1, groupId=community-consumer-group] Error sending fetch request (sessionId=118989848, epoch=INITIAL) to node 0:
org.apache.kafka.common.errors.DisconnectException: null
2023-02-17 23:54:51,659 INFO [org.springframework.kafka.KafkaListenerEndpointContainer#0-0-C-1] o.a.k.c.c.i.ConsumerCoordinator [ConsumerCoordinator.java:331] [Consumer clientId=consumer-community-consumer-group-1, groupId=community-consumer-group] Revoke previously assigned partitions comment-0, follow-0, like-0
2023-02-17 23:54:51,660 INFO [org.springframework.kafka.KafkaListenerEndpointContainer#0-0-C-1] o.s.k.l.KafkaMessageListenerContainer [LogAccessor.java:292] community-consumer-group: partitions revoked: [comment-0, follow-0, like-0]
2023-02-17 23:54:51,660 INFO [org.springframework.kafka.KafkaListenerEndpointContainer#0-0-C-1] o.a.k.c.c.i.ConsumerCoordinator [AbstractCoordinator.java:1019] [Consumer clientId=consumer-community-consumer-group-1, groupId=community-consumer-group] Resetting generation and member id due to: consumer pro-actively leaving the group
2023-02-17 23:54:51,660 INFO [org.springframework.kafka.KafkaListenerEndpointContainer#0-0-C-1] o.a.k.c.c.i.ConsumerCoordinator [AbstractCoordinator.java:1066] [Consumer clientId=consumer-community-consumer-group-1, groupId=community-consumer-group] Request joining group due to: consumer pro-actively leaving the group
2023-02-17 23:54:51,660 INFO [org.springframework.kafka.KafkaListenerEndpointContainer#0-0-C-1] o.a.k.c.c.KafkaConsumer [KafkaConsumer.java:1082] [Consumer clientId=consumer-community-consumer-group-1, groupId=community-consumer-group] Unsubscribed all topics or patterns and assigned partitions
2023-02-17 23:54:51,661 INFO [org.springframework.kafka.KafkaListenerEndpointContainer#0-0-C-1] o.a.k.c.c.i.ConsumerCoordinator [AbstractCoordinator.java:1019] [Consumer clientId=consumer-community-consumer-group-1, groupId=community-consumer-group] Resetting generation and member id due to: consumer pro-actively leaving the group
2023-02-17 23:54:51,661 INFO [org.springframework.kafka.KafkaListenerEndpointContainer#0-0-C-1] o.a.k.c.c.i.ConsumerCoordinator [AbstractCoordinator.java:1066] [Consumer clientId=consumer-community-consumer-group-1, groupId=community-consumer-group] Request joining group due to: consumer pro-actively leaving the group
2023-02-17 23:54:51,661 INFO [org.springframework.kafka.KafkaListenerEndpointContainer#0-0-C-1] o.a.k.c.m.Metrics [Metrics.java:693] Metrics scheduler closed
2023-02-17 23:54:51,661 INFO [org.springframework.kafka.KafkaListenerEndpointContainer#0-0-C-1] o.a.k.c.m.Metrics [Metrics.java:697] Closing reporter org.apache.kafka.common.metrics.JmxReporter
2023-02-17 23:54:51,662 INFO [org.springframework.kafka.KafkaListenerEndpointContainer#0-0-C-1] o.a.k.c.m.Metrics [Metrics.java:703] Metrics reporters closed
2023-02-17 23:54:51,665 INFO [org.springframework.kafka.KafkaListenerEndpointContainer#0-0-C-1] o.a.k.c.u.AppInfoParser [AppInfoParser.java:83] App info kafka.consumer for consumer-community-consumer-group-1 unregistered
2023-02-17 23:54:51,666 INFO [org.springframework.kafka.KafkaListenerEndpointContainer#0-0-C-1] o.s.k.l.KafkaMessageListenerContainer [LogAccessor.java:292] community-consumer-group: Consumer stopped
2023-02-17 23:54:51,682 INFO [SpringApplicationShutdownHook] o.a.k.c.p.KafkaProducer [KafkaProducer.java:1297] [Producer clientId=producer-1] Closing the Kafka producer with timeoutMillis = 30000 ms.
2023-02-17 23:54:51,684 INFO [SpringApplicationShutdownHook] o.a.k.c.m.Metrics [Metrics.java:693] Metrics scheduler closed
2023-02-17 23:54:51,684 INFO [SpringApplicationShutdownHook] o.a.k.c.m.Metrics [Metrics.java:697] Closing reporter org.apache.kafka.common.metrics.JmxReporter
2023-02-17 23:54:51,684 INFO [SpringApplicationShutdownHook] o.a.k.c.m.Metrics [Metrics.java:703] Metrics reporters closed
2023-02-17 23:54:51,685 INFO [SpringApplicationShutdownHook] o.a.k.c.u.AppInfoParser [AppInfoParser.java:83] App info kafka.producer for producer-1 unregistered
2023-02-17 23:54:51,809 INFO [SpringApplicationShutdownHook] c.z.h.HikariDataSource [HikariDataSource.java:350] HikariPool-1 - Shutdown initiated...
2023-02-17 23:54:51,811 INFO [SpringApplicationShutdownHook] c.z.h.HikariDataSource [HikariDataSource.java:352] HikariPool-1 - Shutdown completed.
