2023-01-10 19:44:06,311 WARN [HikariPool-1 housekeeper] c.z.h.p.HikariPool [HikariPool.java:796] HikariPool-1 - Retrograde clock change detected (housekeeper delta=29s862ms), soft-evicting connections from pool.
2023-01-10 20:19:56,646 WARN [HikariPool-1 housekeeper] c.z.h.p.HikariPool [HikariPool.java:804] HikariPool-1 - Thread starvation or clock leap detected (housekeeper delta=3m242ms).
2023-01-10 20:21:42,619 WARN [HikariPool-1 housekeeper] c.z.h.p.HikariPool [HikariPool.java:804] HikariPool-1 - Thread starvation or clock leap detected (housekeeper delta=45s955ms).
2023-01-10 20:23:07,714 WARN [HikariPool-1 housekeeper] c.z.h.p.HikariPool [HikariPool.java:804] HikariPool-1 - Thread starvation or clock leap detected (housekeeper delta=1m25s95ms).
2023-01-10 20:27:09,230 WARN [HikariPool-1 housekeeper] c.z.h.p.HikariPool [HikariPool.java:804] HikariPool-1 - Thread starvation or clock leap detected (housekeeper delta=4m1s516ms).
2023-01-10 20:30:26,284 WARN [HikariPool-1 housekeeper] c.z.h.p.HikariPool [HikariPool.java:804] HikariPool-1 - Thread starvation or clock leap detected (housekeeper delta=3m17s54ms).
2023-01-10 20:34:59,278 WARN [HikariPool-1 housekeeper] c.z.h.p.HikariPool [HikariPool.java:804] HikariPool-1 - Thread starvation or clock leap detected (housekeeper delta=4m32s994ms).
2023-01-10 20:37:02,961 WARN [HikariPool-1 housekeeper] c.z.h.p.HikariPool [HikariPool.java:804] HikariPool-1 - Thread starvation or clock leap detected (housekeeper delta=2m3s683ms).
2023-01-10 20:42:57,695 WARN [HikariPool-1 housekeeper] c.z.h.p.HikariPool [HikariPool.java:804] HikariPool-1 - Thread starvation or clock leap detected (housekeeper delta=5m54s734ms).
2023-01-10 20:44:17,665 WARN [HikariPool-1 housekeeper] c.z.h.p.HikariPool [HikariPool.java:804] HikariPool-1 - Thread starvation or clock leap detected (housekeeper delta=1m19s970ms).
2023-01-10 20:49:08,294 WARN [HikariPool-1 housekeeper] c.z.h.p.HikariPool [HikariPool.java:804] HikariPool-1 - Thread starvation or clock leap detected (housekeeper delta=4m50s629ms).
2023-01-10 20:52:18,738 WARN [HikariPool-1 housekeeper] c.z.h.p.HikariPool [HikariPool.java:804] HikariPool-1 - Thread starvation or clock leap detected (housekeeper delta=3m10s444ms).
2023-01-10 20:54:04,501 WARN [HikariPool-1 housekeeper] c.z.h.p.HikariPool [HikariPool.java:804] HikariPool-1 - Thread starvation or clock leap detected (housekeeper delta=1m45s763ms).
2023-01-10 20:56:33,017 WARN [HikariPool-1 housekeeper] c.z.h.p.HikariPool [HikariPool.java:804] HikariPool-1 - Thread starvation or clock leap detected (housekeeper delta=2m28s516ms).
2023-01-10 20:58:30,267 WARN [HikariPool-1 housekeeper] c.z.h.p.HikariPool [HikariPool.java:804] HikariPool-1 - Thread starvation or clock leap detected (housekeeper delta=1m57s250ms).
2023-01-10 21:02:27,307 WARN [HikariPool-1 housekeeper] c.z.h.p.HikariPool [HikariPool.java:804] HikariPool-1 - Thread starvation or clock leap detected (housekeeper delta=3m57s40ms).
2023-01-10 21:03:21,239 WARN [HikariPool-1 housekeeper] c.z.h.p.HikariPool [HikariPool.java:804] HikariPool-1 - Thread starvation or clock leap detected (housekeeper delta=53s932ms).
2023-01-10 21:07:00,421 WARN [HikariPool-1 housekeeper] c.z.h.p.HikariPool [HikariPool.java:804] HikariPool-1 - Thread starvation or clock leap detected (housekeeper delta=3m39s182ms).
2023-01-10 21:09:32,934 WARN [HikariPool-1 housekeeper] c.z.h.p.HikariPool [HikariPool.java:804] HikariPool-1 - Thread starvation or clock leap detected (housekeeper delta=2m32s513ms).
2023-01-10 21:10:39,429 WARN [HikariPool-1 housekeeper] c.z.h.p.HikariPool [HikariPool.java:804] HikariPool-1 - Thread starvation or clock leap detected (housekeeper delta=1m6s495ms).
2023-01-10 21:12:25,471 WARN [HikariPool-1 housekeeper] c.z.h.p.HikariPool [HikariPool.java:804] HikariPool-1 - Thread starvation or clock leap detected (housekeeper delta=1m46s42ms).
2023-01-10 21:16:31,151 WARN [HikariPool-1 housekeeper] c.z.h.p.HikariPool [HikariPool.java:804] HikariPool-1 - Thread starvation or clock leap detected (housekeeper delta=4m5s680ms).
2023-01-10 21:18:35,822 WARN [HikariPool-1 housekeeper] c.z.h.p.HikariPool [HikariPool.java:804] HikariPool-1 - Thread starvation or clock leap detected (housekeeper delta=2m4s671ms).
2023-01-10 21:20:38,949 WARN [HikariPool-1 housekeeper] c.z.h.p.HikariPool [HikariPool.java:804] HikariPool-1 - Thread starvation or clock leap detected (housekeeper delta=2m3s127ms).
2023-01-10 21:23:42,699 WARN [HikariPool-1 housekeeper] c.z.h.p.HikariPool [HikariPool.java:804] HikariPool-1 - Thread starvation or clock leap detected (housekeeper delta=3m3s750ms).
2023-01-10 21:29:19,483 WARN [HikariPool-1 housekeeper] c.z.h.p.HikariPool [HikariPool.java:804] HikariPool-1 - Thread starvation or clock leap detected (housekeeper delta=5m36s784ms).
2023-01-10 21:31:21,432 WARN [HikariPool-1 housekeeper] c.z.h.p.HikariPool [HikariPool.java:804] HikariPool-1 - Thread starvation or clock leap detected (housekeeper delta=2m1s949ms).
2023-01-10 21:33:25,828 WARN [HikariPool-1 housekeeper] c.z.h.p.HikariPool [HikariPool.java:804] HikariPool-1 - Thread starvation or clock leap detected (housekeeper delta=2m4s396ms).
2023-01-10 21:35:36,484 WARN [HikariPool-1 housekeeper] c.z.h.p.HikariPool [HikariPool.java:804] HikariPool-1 - Thread starvation or clock leap detected (housekeeper delta=2m10s656ms).
2023-01-10 21:37:38,800 WARN [HikariPool-1 housekeeper] c.z.h.p.HikariPool [HikariPool.java:804] HikariPool-1 - Thread starvation or clock leap detected (housekeeper delta=2m2s316ms).
2023-01-10 22:21:29,537 WARN [HikariPool-1 housekeeper] c.z.h.p.HikariPool [HikariPool.java:804] HikariPool-1 - Thread starvation or clock leap detected (housekeeper delta=43m50s736ms).
2023-01-10 23:30:27,378 WARN [HikariPool-1 housekeeper] c.z.h.p.HikariPool [HikariPool.java:804] HikariPool-1 - Thread starvation or clock leap detected (housekeeper delta=1h8m57s728ms).
2023-01-10 23:46:27,414 WARN [HikariPool-1 housekeeper] c.z.h.p.HikariPool [HikariPool.java:796] HikariPool-1 - Retrograde clock change detected (housekeeper delta=29s320ms), soft-evicting connections from pool.
